extent_server: put 1
	im: get_inode 1
	im: put_inode 1
extent_server: getattr 1
	im: get_inode 1
extent_server: get 1
	im: get_inode 1
	im: put_inode 1
extent_server: getattr 1
	im: get_inode 1
extent_server: get 1
	im: get_inode 1
	im: put_inode 1
extent_server: create inode
extent_server: get 1
	im: get_inode 1
	im: put_inode 1
extent_server: put 1
	im: get_inode 1
	im: put_inode 1
extent_server: getattr 2
	im: get_inode 2
extent_server: getattr 2
	im: get_inode 2
extent_server: getattr 2
	im: get_inode 2
extent_server: getattr 1
	im: get_inode 1
extent_server: get 1
	im: get_inode 1
	im: put_inode 1
extent_server: getattr 2
	im: get_inode 2
extent_server: getattr 2
	im: get_inode 2
extent_server: getattr 2
	im: get_inode 2
extent_server: getattr 2
	im: get_inode 2
extent_server: get 2
	im: get_inode 2
	im: put_inode 2
extent_server: getattr 2
	im: get_inode 2
extent_server: get 2
	im: get_inode 2
	im: put_inode 2
extent_server: create inode
extent_server: get 2
	im: get_inode 2
	im: put_inode 2
extent_server: put 2
	im: get_inode 2
	im: put_inode 2
extent_server: getattr 3
	im: get_inode 3
extent_server: getattr 3
	im: get_inode 3
extent_server: get 3
	im: get_inode 3
	im: put_inode 3
extent_server: put 3
	im: get_inode 3
	im: put_inode 3
extent_server: commit
	im: commit version v1
extent_server: getattr 1
	im: get_inode 1
extent_server: get 1
	im: get_inode 1
	im: put_inode 1
extent_server: getattr 2
	im: get_inode 2
	im: put_inode 2
	im: put_inode 4
extent_server: getattr 2
	im: get_inode 2
extent_server: getattr 2
	im: get_inode 2
extent_server: getattr 2
	im: get_inode 2
extent_server: get 2
	im: get_inode 2
	im: put_inode 4
extent_server: getattr 3
	im: get_inode 3
	im: put_inode 3
	im: put_inode 5
extent_server: getattr 3
	im: get_inode 3
extent_server: getattr 3
	im: get_inode 3
extent_server: getattr 3
	im: get_inode 3
extent_server: get 3
	im: get_inode 3
	im: put_inode 5
extent_server: getattr 1
	im: get_inode 1
extent_server: get 1
	im: get_inode 1
	im: put_inode 1
extent_server: getattr 2
	im: get_inode 2
extent_server: getattr 2
	im: get_inode 2
extent_server: getattr 2
	im: get_inode 2
extent_server: getattr 2
	im: get_inode 2
extent_server: get 2
	im: get_inode 2
	im: put_inode 4
extent_server: getattr 3
	im: get_inode 3
extent_server: getattr 3
	im: get_inode 3
extent_server: getattr 2
	im: get_inode 2
extent_server: get 2
	im: get_inode 2
	im: put_inode 4
extent_server: remove 3
	im: get_inode 3
	im: put_inode 5
extent_server: put 2
	im: get_inode 2
	im: put_inode 4
extent_server: getattr 1
	im: get_inode 1
extent_server: get 1
	im: get_inode 1
	im: put_inode 1
extent_server: getattr 2
	im: get_inode 2
extent_server: getattr 2
	im: get_inode 2
extent_server: getattr 2
	im: get_inode 2
extent_server: getattr 2
	im: get_inode 2
extent_server: get 2
	im: get_inode 2
	im: put_inode 4
extent_server: getattr 2
	im: get_inode 2
extent_server: get 2
	im: get_inode 2
	im: put_inode 4
extent_server: create inode
extent_server: get 2
	im: get_inode 2
	im: put_inode 4
extent_server: put 2
	im: get_inode 2
	im: put_inode 4
extent_server: getattr 6
	im: get_inode 6
extent_server: getattr 6
	im: get_inode 6
extent_server: get 6
	im: get_inode 6
	im: put_inode 6
extent_server: put 6
	im: get_inode 6
	im: put_inode 6
extent_server: getattr 1
	im: get_inode 1
extent_server: get 1
	im: get_inode 1
	im: put_inode 1
extent_server: getattr 2
	im: get_inode 2
extent_server: getattr 2
	im: get_inode 2
extent_server: getattr 2
	im: get_inode 2
extent_server: getattr 2
	im: get_inode 2
extent_server: get 2
	im: get_inode 2
	im: put_inode 4
extent_server: getattr 6
	im: get_inode 6
extent_server: getattr 6
	im: get_inode 6
extent_server: getattr 2
	im: get_inode 2
extent_server: get 2
	im: get_inode 2
	im: put_inode 4
extent_server: remove 6
	im: get_inode 6
	im: put_inode 6
extent_server: put 2
	im: get_inode 2
	im: put_inode 4
extent_server: getattr 1
	im: get_inode 1
extent_server: get 1
	im: get_inode 1
	im: put_inode 1
extent_server: getattr 2
	im: get_inode 2
extent_server: getattr 2
	im: get_inode 2
extent_server: getattr 2
	im: get_inode 2
extent_server: getattr 2
	im: get_inode 2
extent_server: get 2
	im: get_inode 2
	im: put_inode 4
extent_server: getattr 2
	im: get_inode 2
extent_server: get 2
	im: get_inode 2
	im: put_inode 4
extent_server: create inode
extent_server: get 2
	im: get_inode 2
	im: put_inode 4
extent_server: put 2
	im: get_inode 2
	im: put_inode 4
extent_server: getattr 7
	im: get_inode 7
extent_server: getattr 7
	im: get_inode 7
extent_server: get 7
	im: get_inode 7
	im: put_inode 7
extent_server: put 7
	im: get_inode 7
	im: put_inode 7
extent_server: getattr 1
	im: get_inode 1
extent_server: get 1
	im: get_inode 1
	im: put_inode 1
extent_server: getattr 2
	im: get_inode 2
extent_server: getattr 2
	im: get_inode 2
extent_server: getattr 2
	im: get_inode 2
extent_server: getattr 2
	im: get_inode 2
extent_server: get 2
	im: get_inode 2
	im: put_inode 4
extent_server: getattr 7
	im: get_inode 7
extent_server: getattr 7
	im: get_inode 7
extent_server: getattr 2
	im: get_inode 2
extent_server: get 2
	im: get_inode 2
	im: put_inode 4
extent_server: remove 7
	im: get_inode 7
	im: put_inode 7
extent_server: put 2
	im: get_inode 2
	im: put_inode 4
extent_server: getattr 1
	im: get_inode 1
extent_server: get 1
	im: get_inode 1
	im: put_inode 1
extent_server: getattr 2
	im: get_inode 2
extent_server: getattr 2
	im: get_inode 2
extent_server: getattr 2
	im: get_inode 2
extent_server: getattr 2
	im: get_inode 2
extent_server: get 2
	im: get_inode 2
	im: put_inode 4
extent_server: getattr 2
	im: get_inode 2
extent_server: get 2
	im: get_inode 2
	im: put_inode 4
extent_server: create inode
extent_server: get 2
	im: get_inode 2
	im: put_inode 4
extent_server: put 2
	im: get_inode 2
	im: put_inode 4
extent_server: getattr 8
	im: get_inode 8
extent_server: getattr 8
	im: get_inode 8
extent_server: get 8
	im: get_inode 8
	im: put_inode 8
extent_server: put 8
	im: get_inode 8
	im: put_inode 8
extent_server: getattr 1
	im: get_inode 1
extent_server: get 1
	im: get_inode 1
	im: put_inode 1
extent_server: getattr 2
	im: get_inode 2
extent_server: getattr 2
	im: get_inode 2
extent_server: getattr 2
	im: get_inode 2
extent_server: getattr 2
	im: get_inode 2
extent_server: get 2
	im: get_inode 2
	im: put_inode 4
extent_server: getattr 8
	im: get_inode 8
extent_server: getattr 8
	im: get_inode 8
extent_server: getattr 8
	im: get_inode 8
extent_server: getattr 8
	im: get_inode 8
extent_server: get 8
	im: get_inode 8
	im: put_inode 8
extent_server: getattr 1
	im: get_inode 1
extent_server: get 1
	im: get_inode 1
	im: put_inode 1
extent_server: getattr 2
	im: get_inode 2
extent_server: getattr 2
	im: get_inode 2
extent_server: getattr 2
	im: get_inode 2
extent_server: getattr 2
	im: get_inode 2
extent_server: get 2
	im: get_inode 2
	im: put_inode 4
extent_server: getattr 8
	im: get_inode 8
extent_server: getattr 8
	im: get_inode 8
extent_server: getattr 2
	im: get_inode 2
extent_server: get 2
	im: get_inode 2
	im: put_inode 4
extent_server: remove 8
	im: get_inode 8
	im: put_inode 8
extent_server: put 2
	im: get_inode 2
	im: put_inode 4
extent_server: commit
	im: commit version v2
extent_server: getattr 1
	im: get_inode 1
extent_server: get 1
	im: get_inode 1
	im: put_inode 1
extent_server: getattr 2
	im: get_inode 2
	im: put_inode 4
	im: put_inode 9
extent_server: getattr 2
	im: get_inode 2
extent_server: getattr 2
	im: get_inode 2
extent_server: getattr 2
	im: get_inode 2
extent_server: get 2
	im: get_inode 2
	im: put_inode 9
extent_server: getattr 1
	im: get_inode 1
extent_server: get 1
	im: get_inode 1
	im: put_inode 1
extent_server: getattr 2
	im: get_inode 2
extent_server: getattr 2
	im: get_inode 2
extent_server: getattr 2
	im: get_inode 2
extent_server: getattr 2
	im: get_inode 2
extent_server: get 2
	im: get_inode 2
	im: put_inode 9
extent_server: getattr 1
	im: get_inode 1
extent_server: get 1
	im: get_inode 1
	im: put_inode 1
extent_server: getattr 2
	im: get_inode 2
extent_server: getattr 2
	im: get_inode 2
extent_server: getattr 2
	im: get_inode 2
extent_server: getattr 2
	im: get_inode 2
extent_server: get 2
	im: get_inode 2
	im: put_inode 9
extent_server: getattr 1
	im: get_inode 1
extent_server: get 1
	im: get_inode 1
	im: put_inode 1
extent_server: getattr 2
	im: get_inode 2
extent_server: getattr 2
	im: get_inode 2
extent_server: getattr 2
	im: get_inode 2
extent_server: getattr 2
	im: get_inode 2
extent_server: get 2
	im: get_inode 2
	im: put_inode 9
extent_server: getattr 2
	im: get_inode 2
extent_server: get 2
	im: get_inode 2
	im: put_inode 9
extent_server: create inode
extent_server: get 2
	im: get_inode 2
	im: put_inode 9
extent_server: put 2
	im: get_inode 2
	im: put_inode 9
extent_server: getattr 10
	im: get_inode 10
extent_server: getattr 10
	im: get_inode 10
extent_server: get 10
	im: get_inode 10
	im: put_inode 10
extent_server: put 10
	im: get_inode 10
	im: put_inode 10
extent_server: getattr 1
	im: get_inode 1
extent_server: get 1
	im: get_inode 1
	im: put_inode 1
extent_server: getattr 2
	im: get_inode 2
extent_server: getattr 2
	im: get_inode 2
extent_server: getattr 2
	im: get_inode 2
extent_server: getattr 2
	im: get_inode 2
extent_server: get 2
	im: get_inode 2
	im: put_inode 9
extent_server: getattr 10
	im: get_inode 10
extent_server: getattr 10
	im: get_inode 10
extent_server: get 10
	im: get_inode 10
	im: put_inode 10
extent_server: put 10
	im: get_inode 10
	im: put_inode 10
extent_server: getattr 1
	im: get_inode 1
extent_server: get 1
	im: get_inode 1
	im: put_inode 1
extent_server: getattr 2
	im: get_inode 2
extent_server: getattr 2
	im: get_inode 2
extent_server: getattr 2
	im: get_inode 2
extent_server: getattr 2
	im: get_inode 2
extent_server: get 2
	im: get_inode 2
	im: put_inode 9
extent_server: getattr 10
	im: get_inode 10
extent_server: getattr 10
	im: get_inode 10
extent_server: get 10
	im: get_inode 10
	im: put_inode 10
extent_server: put 10
	im: get_inode 10
	im: put_inode 10
extent_server: commit
	im: commit version v3
extent_server: getattr 1
	im: get_inode 1
extent_server: get 1
	im: get_inode 1
	im: put_inode 1
extent_server: getattr 2
	im: get_inode 2
	im: put_inode 9
	im: put_inode 11
extent_server: getattr 2
	im: get_inode 2
extent_server: getattr 2
	im: get_inode 2
extent_server: getattr 2
	im: get_inode 2
extent_server: get 2
	im: get_inode 2
	im: put_inode 11
extent_server: getattr 10
	im: get_inode 10
	im: put_inode 10
	im: put_inode 12
extent_server: getattr 10
	im: get_inode 10
extent_server: getattr 10
	im: get_inode 10
extent_server: getattr 10
	im: get_inode 10
extent_server: get 10
	im: get_inode 10
	im: put_inode 12
extent_server: getattr 1
	im: get_inode 1
extent_server: get 1
	im: get_inode 1
	im: put_inode 1
extent_server: getattr 2
	im: get_inode 2
extent_server: getattr 2
	im: get_inode 2
extent_server: getattr 2
	im: get_inode 2
extent_server: getattr 2
	im: get_inode 2
extent_server: getattr 2
	im: get_inode 2
extent_server: getattr 2
	im: get_inode 2
extent_server: getattr 2
	im: get_inode 2
extent_server: getattr 2
	im: get_inode 2
extent_server: get 2
	im: get_inode 2
	im: put_inode 11
extent_server: getattr 2
	im: get_inode 2
extent_server: getattr 2
	im: get_inode 2
extent_server: get 2
	im: get_inode 2
	im: put_inode 11
extent_server: getattr 1
	im: get_inode 1
extent_server: get 1
	im: get_inode 1
	im: put_inode 1
extent_server: getattr 2
	im: get_inode 2
extent_server: getattr 2
	im: get_inode 2
extent_server: getattr 2
	im: get_inode 2
extent_server: getattr 2
	im: get_inode 2
extent_server: get 2
	im: get_inode 2
	im: put_inode 11
extent_server: getattr 10
	im: get_inode 10
extent_server: getattr 10
	im: get_inode 10
extent_server: getattr 2
	im: get_inode 2
extent_server: get 2
	im: get_inode 2
	im: put_inode 11
extent_server: remove 10
	im: get_inode 10
	im: put_inode 12
extent_server: put 2
	im: get_inode 2
	im: put_inode 11
extent_server: commit
	im: commit version v4
extent_server: getattr 1
	im: get_inode 1
extent_server: get 1
	im: get_inode 1
	im: put_inode 1
extent_server: getattr 2
	im: get_inode 2
	im: put_inode 11
	im: put_inode 13
extent_server: getattr 2
	im: get_inode 2
extent_server: getattr 2
	im: get_inode 2
extent_server: getattr 2
	im: get_inode 2
extent_server: getattr 2
	im: get_inode 2
extent_server: getattr 2
	im: get_inode 2
extent_server: getattr 2
	im: get_inode 2
extent_server: getattr 2
	im: get_inode 2
extent_server: get 2
	im: get_inode 2
	im: put_inode 13
extent_server: getattr 1
	im: get_inode 1
extent_server: get 1
	im: get_inode 1
	im: put_inode 1
extent_server: getattr 2
	im: get_inode 2
extent_server: getattr 2
	im: get_inode 2
extent_server: getattr 2
	im: get_inode 2
extent_server: getattr 2
	im: get_inode 2
extent_server: get 2
	im: get_inode 2
	im: put_inode 13
extent_server: getattr 2
	im: get_inode 2
extent_server: get 2
	im: get_inode 2
	im: put_inode 13
extent_server: create inode
extent_server: get 2
	im: get_inode 2
	im: put_inode 13
extent_server: put 2
	im: get_inode 2
	im: put_inode 13
extent_server: getattr 14
	im: get_inode 14
extent_server: getattr 14
	im: get_inode 14
extent_server: get 14
	im: get_inode 14
	im: put_inode 14
extent_server: put 14
	im: get_inode 14
	im: put_inode 14
extent_server: getattr 1
	im: get_inode 1
extent_server: get 1
	im: get_inode 1
	im: put_inode 1
extent_server: getattr 2
	im: get_inode 2
extent_server: getattr 2
	im: get_inode 2
extent_server: getattr 2
	im: get_inode 2
extent_server: getattr 2
	im: get_inode 2
extent_server: get 2
	im: get_inode 2
	im: put_inode 13
extent_server: getattr 2
	im: get_inode 2
extent_server: get 2
	im: get_inode 2
	im: put_inode 13
extent_server: create inode
extent_server: get 2
	im: get_inode 2
	im: put_inode 13
extent_server: put 2
	im: get_inode 2
	im: put_inode 13
extent_server: getattr 15
	im: get_inode 15
extent_server: getattr 15
	im: get_inode 15
extent_server: get 15
	im: get_inode 15
	im: put_inode 15
extent_server: put 15
	im: get_inode 15
	im: put_inode 15
extent_server: getattr 1
	im: get_inode 1
extent_server: get 1
	im: get_inode 1
	im: put_inode 1
extent_server: getattr 2
	im: get_inode 2
extent_server: getattr 2
	im: get_inode 2
extent_server: getattr 2
	im: get_inode 2
extent_server: getattr 2
	im: get_inode 2
extent_server: get 2
	im: get_inode 2
	im: put_inode 13
extent_server: getattr 2
	im: get_inode 2
extent_server: get 2
	im: get_inode 2
	im: put_inode 13
extent_server: create inode
extent_server: get 2
	im: get_inode 2
	im: put_inode 13
extent_server: put 2
	im: get_inode 2
	im: put_inode 13
extent_server: getattr 16
	im: get_inode 16
extent_server: getattr 16
	im: get_inode 16
extent_server: get 16
	im: get_inode 16
	im: put_inode 16
extent_server: put 16
	im: get_inode 16
	im: put_inode 16
extent_server: getattr 1
	im: get_inode 1
extent_server: get 1
	im: get_inode 1
	im: put_inode 1
extent_server: getattr 2
	im: get_inode 2
extent_server: getattr 2
	im: get_inode 2
extent_server: getattr 2
	im: get_inode 2
extent_server: getattr 2
	im: get_inode 2
extent_server: get 2
	im: get_inode 2
	im: put_inode 13
extent_server: getattr 2
	im: get_inode 2
extent_server: get 2
	im: get_inode 2
	im: put_inode 13
extent_server: create inode
extent_server: get 2
	im: get_inode 2
	im: put_inode 13
extent_server: put 2
	im: get_inode 2
	im: put_inode 13
extent_server: getattr 17
	im: get_inode 17
extent_server: getattr 17
	im: get_inode 17
extent_server: get 17
	im: get_inode 17
	im: put_inode 17
extent_server: put 17
	im: get_inode 17
	im: put_inode 17
extent_server: getattr 1
	im: get_inode 1
extent_server: get 1
	im: get_inode 1
	im: put_inode 1
extent_server: getattr 2
	im: get_inode 2
extent_server: getattr 2
	im: get_inode 2
extent_server: getattr 2
	im: get_inode 2
extent_server: getattr 2
	im: get_inode 2
extent_server: get 2
	im: get_inode 2
	im: put_inode 13
extent_server: getattr 2
	im: get_inode 2
extent_server: get 2
	im: get_inode 2
	im: put_inode 13
extent_server: create inode
extent_server: get 2
	im: get_inode 2
	im: put_inode 13
extent_server: put 2
	im: get_inode 2
	im: put_inode 13
extent_server: getattr 18
	im: get_inode 18
extent_server: getattr 18
	im: get_inode 18
extent_server: get 18
	im: get_inode 18
	im: put_inode 18
extent_server: put 18
	im: get_inode 18
	im: put_inode 18
extent_server: getattr 1
	im: get_inode 1
extent_server: get 1
	im: get_inode 1
	im: put_inode 1
extent_server: getattr 2
	im: get_inode 2
extent_server: getattr 2
	im: get_inode 2
extent_server: getattr 2
	im: get_inode 2
extent_server: getattr 2
	im: get_inode 2
extent_server: get 2
	im: get_inode 2
	im: put_inode 13
extent_server: getattr 2
	im: get_inode 2
extent_server: get 2
	im: get_inode 2
	im: put_inode 13
extent_server: create inode
extent_server: get 2
	im: get_inode 2
	im: put_inode 13
extent_server: put 2
	im: get_inode 2
	im: put_inode 13
extent_server: getattr 19
	im: get_inode 19
extent_server: getattr 19
	im: get_inode 19
extent_server: get 19
	im: get_inode 19
	im: put_inode 19
extent_server: put 19
	im: get_inode 19
	im: put_inode 19
extent_server: getattr 1
	im: get_inode 1
extent_server: get 1
	im: get_inode 1
	im: put_inode 1
extent_server: getattr 2
	im: get_inode 2
extent_server: getattr 2
	im: get_inode 2
extent_server: getattr 2
	im: get_inode 2
extent_server: getattr 2
	im: get_inode 2
extent_server: get 2
	im: get_inode 2
	im: put_inode 13
extent_server: getattr 2
	im: get_inode 2
extent_server: get 2
	im: get_inode 2
	im: put_inode 13
extent_server: create inode
extent_server: get 2
	im: get_inode 2
	im: put_inode 13
extent_server: put 2
	im: get_inode 2
	im: put_inode 13
extent_server: getattr 20
	im: get_inode 20
extent_server: getattr 20
	im: get_inode 20
extent_server: get 20
	im: get_inode 20
	im: put_inode 20
extent_server: put 20
	im: get_inode 20
	im: put_inode 20
extent_server: getattr 1
	im: get_inode 1
extent_server: get 1
	im: get_inode 1
	im: put_inode 1
extent_server: getattr 2
	im: get_inode 2
extent_server: getattr 2
	im: get_inode 2
extent_server: getattr 2
	im: get_inode 2
extent_server: getattr 2
	im: get_inode 2
extent_server: get 2
	im: get_inode 2
	im: put_inode 13
extent_server: getattr 2
	im: get_inode 2
extent_server: get 2
	im: get_inode 2
	im: put_inode 13
extent_server: create inode
extent_server: get 2
	im: get_inode 2
	im: put_inode 13
extent_server: put 2
	im: get_inode 2
	im: put_inode 13
extent_server: getattr 21
	im: get_inode 21
extent_server: getattr 21
	im: get_inode 21
extent_server: get 21
	im: get_inode 21
	im: put_inode 21
extent_server: put 21
	im: get_inode 21
	im: put_inode 21
extent_server: getattr 1
	im: get_inode 1
extent_server: get 1
	im: get_inode 1
	im: put_inode 1
extent_server: getattr 2
	im: get_inode 2
extent_server: getattr 2
	im: get_inode 2
extent_server: getattr 2
	im: get_inode 2
extent_server: getattr 2
	im: get_inode 2
extent_server: get 2
	im: get_inode 2
	im: put_inode 13
extent_server: getattr 2
	im: get_inode 2
extent_server: get 2
	im: get_inode 2
	im: put_inode 13
extent_server: create inode
extent_server: get 2
	im: get_inode 2
	im: put_inode 13
extent_server: put 2
	im: get_inode 2
	im: put_inode 13
extent_server: getattr 22
	im: get_inode 22
extent_server: getattr 22
	im: get_inode 22
extent_server: get 22
	im: get_inode 22
	im: put_inode 22
extent_server: put 22
	im: get_inode 22
	im: put_inode 22
extent_server: getattr 1
	im: get_inode 1
extent_server: get 1
	im: get_inode 1
	im: put_inode 1
extent_server: getattr 2
	im: get_inode 2
extent_server: getattr 2
	im: get_inode 2
extent_server: getattr 2
	im: get_inode 2
extent_server: getattr 2
	im: get_inode 2
extent_server: get 2
	im: get_inode 2
	im: put_inode 13
extent_server: getattr 2
	im: get_inode 2
extent_server: get 2
	im: get_inode 2
	im: put_inode 13
extent_server: create inode
extent_server: get 2
	im: get_inode 2
	im: put_inode 13
extent_server: put 2
	im: get_inode 2
	im: put_inode 13
extent_server: getattr 23
	im: get_inode 23
extent_server: getattr 23
	im: get_inode 23
extent_server: get 23
	im: get_inode 23
	im: put_inode 23
extent_server: put 23
	im: get_inode 23
	im: put_inode 23
extent_server: getattr 1
	im: get_inode 1
extent_server: get 1
	im: get_inode 1
	im: put_inode 1
extent_server: getattr 2
	im: get_inode 2
extent_server: getattr 2
	im: get_inode 2
extent_server: getattr 2
	im: get_inode 2
extent_server: getattr 2
	im: get_inode 2
extent_server: get 2
	im: get_inode 2
	im: put_inode 13
extent_server: getattr 2
	im: get_inode 2
extent_server: get 2
	im: get_inode 2
	im: put_inode 13
extent_server: create inode
extent_server: get 2
	im: get_inode 2
	im: put_inode 13
extent_server: put 2
	im: get_inode 2
	im: put_inode 13
extent_server: getattr 24
	im: get_inode 24
extent_server: getattr 24
	im: get_inode 24
extent_server: get 24
	im: get_inode 24
	im: put_inode 24
extent_server: put 24
	im: get_inode 24
	im: put_inode 24
extent_server: getattr 1
	im: get_inode 1
extent_server: get 1
	im: get_inode 1
	im: put_inode 1
extent_server: getattr 2
	im: get_inode 2
extent_server: getattr 2
	im: get_inode 2
extent_server: getattr 2
	im: get_inode 2
extent_server: getattr 2
	im: get_inode 2
extent_server: get 2
	im: get_inode 2
	im: put_inode 13
extent_server: getattr 2
	im: get_inode 2
extent_server: get 2
	im: get_inode 2
	im: put_inode 13
extent_server: create inode
extent_server: get 2
	im: get_inode 2
	im: put_inode 13
extent_server: put 2
	im: get_inode 2
	im: put_inode 13
extent_server: getattr 25
	im: get_inode 25
extent_server: getattr 25
	im: get_inode 25
extent_server: get 25
	im: get_inode 25
	im: put_inode 25
extent_server: put 25
	im: get_inode 25
	im: put_inode 25
extent_server: getattr 1
	im: get_inode 1
extent_server: get 1
	im: get_inode 1
	im: put_inode 1
extent_server: getattr 2
	im: get_inode 2
extent_server: getattr 2
	im: get_inode 2
extent_server: getattr 2
	im: get_inode 2
extent_server: getattr 2
	im: get_inode 2
extent_server: get 2
	im: get_inode 2
	im: put_inode 13
extent_server: getattr 2
	im: get_inode 2
extent_server: get 2
	im: get_inode 2
	im: put_inode 13
extent_server: create inode
extent_server: get 2
	im: get_inode 2
	im: put_inode 13
extent_server: put 2
	im: get_inode 2
	im: put_inode 13
extent_server: getattr 26
	im: get_inode 26
extent_server: getattr 26
	im: get_inode 26
extent_server: get 26
	im: get_inode 26
	im: put_inode 26
extent_server: put 26
	im: get_inode 26
	im: put_inode 26
extent_server: getattr 1
	im: get_inode 1
extent_server: get 1
	im: get_inode 1
	im: put_inode 1
extent_server: getattr 2
	im: get_inode 2
extent_server: getattr 2
	im: get_inode 2
extent_server: getattr 2
	im: get_inode 2
extent_server: getattr 2
	im: get_inode 2
extent_server: get 2
	im: get_inode 2
	im: put_inode 13
extent_server: getattr 2
	im: get_inode 2
extent_server: get 2
	im: get_inode 2
	im: put_inode 13
extent_server: create inode
extent_server: get 2
	im: get_inode 2
	im: put_inode 13
extent_server: put 2
	im: get_inode 2
	im: put_inode 13
extent_server: getattr 27
	im: get_inode 27
extent_server: getattr 27
	im: get_inode 27
extent_server: get 27
	im: get_inode 27
	im: put_inode 27
extent_server: put 27
	im: get_inode 27
	im: put_inode 27
extent_server: getattr 1
	im: get_inode 1
extent_server: get 1
	im: get_inode 1
	im: put_inode 1
extent_server: getattr 2
	im: get_inode 2
extent_server: getattr 2
	im: get_inode 2
extent_server: getattr 2
	im: get_inode 2
extent_server: getattr 2
	im: get_inode 2
extent_server: get 2
	im: get_inode 2
	im: put_inode 13
extent_server: getattr 2
	im: get_inode 2
extent_server: get 2
	im: get_inode 2
	im: put_inode 13
extent_server: create inode
extent_server: get 2
	im: get_inode 2
	im: put_inode 13
extent_server: put 2
	im: get_inode 2
	im: put_inode 13
extent_server: getattr 28
	im: get_inode 28
extent_server: getattr 28
	im: get_inode 28
extent_server: get 28
	im: get_inode 28
	im: put_inode 28
extent_server: put 28
	im: get_inode 28
	im: put_inode 28
extent_server: getattr 1
	im: get_inode 1
extent_server: get 1
	im: get_inode 1
	im: put_inode 1
extent_server: getattr 2
	im: get_inode 2
extent_server: getattr 2
	im: get_inode 2
extent_server: getattr 2
	im: get_inode 2
extent_server: getattr 2
	im: get_inode 2
extent_server: get 2
	im: get_inode 2
	im: put_inode 13
extent_server: getattr 2
	im: get_inode 2
extent_server: get 2
	im: get_inode 2
	im: put_inode 13
extent_server: create inode
extent_server: get 2
	im: get_inode 2
	im: put_inode 13
extent_server: put 2
	im: get_inode 2
	im: put_inode 13
extent_server: getattr 29
	im: get_inode 29
extent_server: getattr 29
	im: get_inode 29
extent_server: get 29
	im: get_inode 29
	im: put_inode 29
extent_server: put 29
	im: get_inode 29
	im: put_inode 29
extent_server: getattr 1
	im: get_inode 1
extent_server: get 1
	im: get_inode 1
	im: put_inode 1
extent_server: getattr 2
	im: get_inode 2
extent_server: getattr 2
	im: get_inode 2
extent_server: getattr 2
	im: get_inode 2
extent_server: getattr 2
	im: get_inode 2
extent_server: get 2
	im: get_inode 2
	im: put_inode 13
extent_server: getattr 2
	im: get_inode 2
extent_server: get 2
	im: get_inode 2
	im: put_inode 13
extent_server: create inode
extent_server: get 2
	im: get_inode 2
	im: put_inode 13
extent_server: put 2
	im: get_inode 2
	im: put_inode 13
extent_server: getattr 30
	im: get_inode 30
extent_server: getattr 30
	im: get_inode 30
extent_server: get 30
	im: get_inode 30
	im: put_inode 30
extent_server: put 30
	im: get_inode 30
	im: put_inode 30
extent_server: getattr 1
	im: get_inode 1
extent_server: get 1
	im: get_inode 1
	im: put_inode 1
extent_server: getattr 2
	im: get_inode 2
extent_server: getattr 2
	im: get_inode 2
extent_server: getattr 2
	im: get_inode 2
extent_server: getattr 2
	im: get_inode 2
extent_server: get 2
	im: get_inode 2
	im: put_inode 13
extent_server: getattr 2
	im: get_inode 2
extent_server: get 2
	im: get_inode 2
	im: put_inode 13
extent_server: create inode
extent_server: get 2
	im: get_inode 2
	im: put_inode 13
extent_server: put 2
	im: get_inode 2
	im: put_inode 13
extent_server: getattr 31
	im: get_inode 31
extent_server: getattr 31
	im: get_inode 31
extent_server: get 31
	im: get_inode 31
	im: put_inode 31
extent_server: put 31
	im: get_inode 31
	im: put_inode 31
extent_server: getattr 1
	im: get_inode 1
extent_server: get 1
	im: get_inode 1
	im: put_inode 1
extent_server: getattr 2
	im: get_inode 2
extent_server: getattr 2
	im: get_inode 2
extent_server: getattr 2
	im: get_inode 2
extent_server: getattr 2
	im: get_inode 2
extent_server: get 2
	im: get_inode 2
	im: put_inode 13
extent_server: getattr 2
	im: get_inode 2
extent_server: get 2
	im: get_inode 2
	im: put_inode 13
extent_server: create inode
extent_server: get 2
	im: get_inode 2
	im: put_inode 13
extent_server: put 2
	im: get_inode 2
	im: put_inode 13
extent_server: getattr 32
	im: get_inode 32
extent_server: getattr 32
	im: get_inode 32
extent_server: get 32
	im: get_inode 32
	im: put_inode 32
extent_server: put 32
	im: get_inode 32
	im: put_inode 32
extent_server: getattr 1
	im: get_inode 1
extent_server: get 1
	im: get_inode 1
	im: put_inode 1
extent_server: getattr 2
	im: get_inode 2
extent_server: getattr 2
	im: get_inode 2
extent_server: getattr 2
	im: get_inode 2
extent_server: getattr 2
	im: get_inode 2
extent_server: get 2
	im: get_inode 2
	im: put_inode 13
extent_server: getattr 2
	im: get_inode 2
extent_server: get 2
	im: get_inode 2
	im: put_inode 13
extent_server: create inode
extent_server: get 2
	im: get_inode 2
	im: put_inode 13
extent_server: put 2
	im: get_inode 2
	im: put_inode 13
extent_server: getattr 33
	im: get_inode 33
extent_server: getattr 33
	im: get_inode 33
extent_server: get 33
	im: get_inode 33
	im: put_inode 33
extent_server: put 33
	im: get_inode 33
	im: put_inode 33
extent_server: commit
	im: commit version v5
extent_server: getattr 1
	im: get_inode 1
extent_server: get 1
	im: get_inode 1
	im: put_inode 1
extent_server: getattr 2
	im: get_inode 2
	im: put_inode 13
	im: put_inode 34
extent_server: getattr 2
	im: get_inode 2
extent_server: getattr 2
	im: get_inode 2
extent_server: getattr 2
	im: get_inode 2
extent_server: getattr 2
	im: get_inode 2
extent_server: getattr 2
	im: get_inode 2
extent_server: getattr 2
	im: get_inode 2
extent_server: getattr 2
	im: get_inode 2
extent_server: get 2
	im: get_inode 2
	im: put_inode 34
extent_server: getattr 2
	im: get_inode 2
extent_server: getattr 2
	im: get_inode 2
extent_server: get 2
	im: get_inode 2
	im: put_inode 34
extent_server: getattr 1
	im: get_inode 1
extent_server: get 1
	im: get_inode 1
	im: put_inode 1
extent_server: getattr 2
	im: get_inode 2
extent_server: getattr 2
	im: get_inode 2
extent_server: getattr 2
	im: get_inode 2
extent_server: getattr 2
	im: get_inode 2
extent_server: get 2
	im: get_inode 2
	im: put_inode 34
extent_server: getattr 14
	im: get_inode 14
	im: put_inode 14
	im: put_inode 35
extent_server: getattr 14
	im: get_inode 14
extent_server: get 14
	im: get_inode 14
	im: put_inode 35
extent_server: getattr 1
	im: get_inode 1
extent_server: get 1
	im: get_inode 1
	im: put_inode 1
extent_server: getattr 2
	im: get_inode 2
extent_server: getattr 2
	im: get_inode 2
extent_server: getattr 2
	im: get_inode 2
extent_server: getattr 2
	im: get_inode 2
extent_server: get 2
	im: get_inode 2
	im: put_inode 34
extent_server: getattr 15
	im: get_inode 15
	im: put_inode 15
	im: put_inode 36
extent_server: getattr 15
	im: get_inode 15
extent_server: get 15
	im: get_inode 15
	im: put_inode 36
extent_server: getattr 1
	im: get_inode 1
extent_server: get 1
	im: get_inode 1
	im: put_inode 1
extent_server: getattr 2
	im: get_inode 2
extent_server: getattr 2
	im: get_inode 2
extent_server: getattr 2
	im: get_inode 2
extent_server: getattr 2
	im: get_inode 2
extent_server: get 2
	im: get_inode 2
	im: put_inode 34
extent_server: getattr 16
	im: get_inode 16
	im: put_inode 16
	im: put_inode 37
extent_server: getattr 16
	im: get_inode 16
extent_server: get 16
	im: get_inode 16
	im: put_inode 37
extent_server: getattr 1
	im: get_inode 1
extent_server: get 1
	im: get_inode 1
	im: put_inode 1
extent_server: getattr 2
	im: get_inode 2
extent_server: getattr 2
	im: get_inode 2
extent_server: getattr 2
	im: get_inode 2
extent_server: getattr 2
	im: get_inode 2
extent_server: get 2
	im: get_inode 2
	im: put_inode 34
extent_server: getattr 17
	im: get_inode 17
	im: put_inode 17
	im: put_inode 38
extent_server: getattr 17
	im: get_inode 17
extent_server: get 17
	im: get_inode 17
	im: put_inode 38
extent_server: getattr 1
	im: get_inode 1
extent_server: get 1
	im: get_inode 1
	im: put_inode 1
extent_server: getattr 2
	im: get_inode 2
extent_server: getattr 2
	im: get_inode 2
extent_server: getattr 2
	im: get_inode 2
extent_server: getattr 2
	im: get_inode 2
extent_server: get 2
	im: get_inode 2
	im: put_inode 34
extent_server: getattr 18
	im: get_inode 18
	im: put_inode 18
	im: put_inode 39
extent_server: getattr 18
	im: get_inode 18
extent_server: get 18
	im: get_inode 18
	im: put_inode 39
extent_server: getattr 1
	im: get_inode 1
extent_server: get 1
	im: get_inode 1
	im: put_inode 1
extent_server: getattr 2
	im: get_inode 2
extent_server: getattr 2
	im: get_inode 2
extent_server: getattr 2
	im: get_inode 2
extent_server: getattr 2
	im: get_inode 2
extent_server: get 2
	im: get_inode 2
	im: put_inode 34
extent_server: getattr 19
	im: get_inode 19
	im: put_inode 19
	im: put_inode 40
extent_server: getattr 19
	im: get_inode 19
extent_server: get 19
	im: get_inode 19
	im: put_inode 40
extent_server: getattr 1
	im: get_inode 1
extent_server: get 1
	im: get_inode 1
	im: put_inode 1
extent_server: getattr 2
	im: get_inode 2
extent_server: getattr 2
	im: get_inode 2
extent_server: getattr 2
	im: get_inode 2
extent_server: getattr 2
	im: get_inode 2
extent_server: get 2
	im: get_inode 2
	im: put_inode 34
extent_server: getattr 20
	im: get_inode 20
	im: put_inode 20
	im: put_inode 41
extent_server: getattr 20
	im: get_inode 20
extent_server: get 20
	im: get_inode 20
	im: put_inode 41
extent_server: getattr 1
	im: get_inode 1
extent_server: get 1
	im: get_inode 1
	im: put_inode 1
extent_server: getattr 2
	im: get_inode 2
extent_server: getattr 2
	im: get_inode 2
extent_server: getattr 2
	im: get_inode 2
extent_server: getattr 2
	im: get_inode 2
extent_server: get 2
	im: get_inode 2
	im: put_inode 34
extent_server: getattr 21
	im: get_inode 21
	im: put_inode 21
	im: put_inode 42
extent_server: getattr 21
	im: get_inode 21
extent_server: get 21
	im: get_inode 21
	im: put_inode 42
extent_server: getattr 1
	im: get_inode 1
extent_server: get 1
	im: get_inode 1
	im: put_inode 1
extent_server: getattr 2
	im: get_inode 2
extent_server: getattr 2
	im: get_inode 2
extent_server: getattr 2
	im: get_inode 2
extent_server: getattr 2
	im: get_inode 2
extent_server: get 2
	im: get_inode 2
	im: put_inode 34
extent_server: getattr 22
	im: get_inode 22
	im: put_inode 22
	im: put_inode 43
extent_server: getattr 22
	im: get_inode 22
extent_server: get 22
	im: get_inode 22
	im: put_inode 43
extent_server: getattr 1
	im: get_inode 1
extent_server: get 1
	im: get_inode 1
	im: put_inode 1
extent_server: getattr 2
	im: get_inode 2
extent_server: getattr 2
	im: get_inode 2
extent_server: getattr 2
	im: get_inode 2
extent_server: getattr 2
	im: get_inode 2
extent_server: get 2
	im: get_inode 2
	im: put_inode 34
extent_server: getattr 23
	im: get_inode 23
	im: put_inode 23
	im: put_inode 44
extent_server: getattr 23
	im: get_inode 23
extent_server: get 23
	im: get_inode 23
	im: put_inode 44
extent_server: getattr 1
	im: get_inode 1
extent_server: get 1
	im: get_inode 1
	im: put_inode 1
extent_server: getattr 2
	im: get_inode 2
extent_server: getattr 2
	im: get_inode 2
extent_server: getattr 2
	im: get_inode 2
extent_server: getattr 2
	im: get_inode 2
extent_server: get 2
	im: get_inode 2
	im: put_inode 34
extent_server: getattr 24
	im: get_inode 24
	im: put_inode 24
	im: put_inode 45
extent_server: getattr 24
	im: get_inode 24
extent_server: get 24
	im: get_inode 24
	im: put_inode 45
extent_server: getattr 1
	im: get_inode 1
extent_server: get 1
	im: get_inode 1
	im: put_inode 1
extent_server: getattr 2
	im: get_inode 2
extent_server: getattr 2
	im: get_inode 2
extent_server: getattr 2
	im: get_inode 2
extent_server: getattr 2
	im: get_inode 2
extent_server: get 2
	im: get_inode 2
	im: put_inode 34
extent_server: getattr 25
	im: get_inode 25
	im: put_inode 25
	im: put_inode 46
extent_server: getattr 25
	im: get_inode 25
extent_server: get 25
	im: get_inode 25
	im: put_inode 46
extent_server: getattr 1
	im: get_inode 1
extent_server: get 1
	im: get_inode 1
	im: put_inode 1
extent_server: getattr 2
	im: get_inode 2
extent_server: getattr 2
	im: get_inode 2
extent_server: getattr 2
	im: get_inode 2
extent_server: getattr 2
	im: get_inode 2
extent_server: get 2
	im: get_inode 2
	im: put_inode 34
extent_server: getattr 26
	im: get_inode 26
	im: put_inode 26
	im: put_inode 47
extent_server: getattr 26
	im: get_inode 26
extent_server: get 26
	im: get_inode 26
	im: put_inode 47
extent_server: getattr 1
	im: get_inode 1
extent_server: get 1
	im: get_inode 1
	im: put_inode 1
extent_server: getattr 2
	im: get_inode 2
extent_server: getattr 2
	im: get_inode 2
extent_server: getattr 2
	im: get_inode 2
extent_server: getattr 2
	im: get_inode 2
extent_server: get 2
	im: get_inode 2
	im: put_inode 34
extent_server: getattr 27
	im: get_inode 27
	im: put_inode 27
	im: put_inode 48
extent_server: getattr 27
	im: get_inode 27
extent_server: get 27
	im: get_inode 27
	im: put_inode 48
extent_server: getattr 1
	im: get_inode 1
extent_server: get 1
	im: get_inode 1
	im: put_inode 1
extent_server: getattr 2
	im: get_inode 2
extent_server: getattr 2
	im: get_inode 2
extent_server: getattr 2
	im: get_inode 2
extent_server: getattr 2
	im: get_inode 2
extent_server: get 2
	im: get_inode 2
	im: put_inode 34
extent_server: getattr 28
	im: get_inode 28
	im: put_inode 28
	im: put_inode 49
extent_server: getattr 28
	im: get_inode 28
extent_server: get 28
	im: get_inode 28
	im: put_inode 49
extent_server: getattr 1
	im: get_inode 1
extent_server: get 1
	im: get_inode 1
	im: put_inode 1
extent_server: getattr 2
	im: get_inode 2
extent_server: getattr 2
	im: get_inode 2
extent_server: getattr 2
	im: get_inode 2
extent_server: getattr 2
	im: get_inode 2
extent_server: get 2
	im: get_inode 2
	im: put_inode 34
extent_server: getattr 29
	im: get_inode 29
	im: put_inode 29
	im: put_inode 50
extent_server: getattr 29
	im: get_inode 29
extent_server: get 29
	im: get_inode 29
	im: put_inode 50
extent_server: getattr 1
	im: get_inode 1
extent_server: get 1
	im: get_inode 1
	im: put_inode 1
extent_server: getattr 2
	im: get_inode 2
extent_server: getattr 2
	im: get_inode 2
extent_server: getattr 2
	im: get_inode 2
extent_server: getattr 2
	im: get_inode 2
extent_server: get 2
	im: get_inode 2
	im: put_inode 34
extent_server: getattr 30
	im: get_inode 30
	im: put_inode 30
	im: put_inode 51
extent_server: getattr 30
	im: get_inode 30
extent_server: get 30
	im: get_inode 30
	im: put_inode 51
extent_server: getattr 1
	im: get_inode 1
extent_server: get 1
	im: get_inode 1
	im: put_inode 1
extent_server: getattr 2
	im: get_inode 2
extent_server: getattr 2
	im: get_inode 2
extent_server: getattr 2
	im: get_inode 2
extent_server: getattr 2
	im: get_inode 2
extent_server: get 2
	im: get_inode 2
	im: put_inode 34
extent_server: getattr 31
	im: get_inode 31
	im: put_inode 31
	im: put_inode 52
extent_server: getattr 31
	im: get_inode 31
extent_server: get 31
	im: get_inode 31
	im: put_inode 52
extent_server: getattr 1
	im: get_inode 1
extent_server: get 1
	im: get_inode 1
	im: put_inode 1
extent_server: getattr 2
	im: get_inode 2
extent_server: getattr 2
	im: get_inode 2
extent_server: getattr 2
	im: get_inode 2
extent_server: getattr 2
	im: get_inode 2
extent_server: get 2
	im: get_inode 2
	im: put_inode 34
extent_server: getattr 32
	im: get_inode 32
	im: put_inode 32
	im: put_inode 53
extent_server: getattr 32
	im: get_inode 32
extent_server: get 32
	im: get_inode 32
	im: put_inode 53
extent_server: getattr 1
	im: get_inode 1
extent_server: get 1
	im: get_inode 1
	im: put_inode 1
extent_server: getattr 2
	im: get_inode 2
extent_server: getattr 2
	im: get_inode 2
extent_server: getattr 2
	im: get_inode 2
extent_server: getattr 2
	im: get_inode 2
extent_server: get 2
	im: get_inode 2
	im: put_inode 34
extent_server: getattr 33
	im: get_inode 33
	im: put_inode 33
	im: put_inode 54
extent_server: getattr 33
	im: get_inode 33
extent_server: get 33
	im: get_inode 33
	im: put_inode 54
extent_server: getattr 1
	im: get_inode 1
extent_server: get 1
	im: get_inode 1
	im: put_inode 1
extent_server: getattr 2
	im: get_inode 2
extent_server: getattr 2
	im: get_inode 2
extent_server: getattr 2
	im: get_inode 2
extent_server: getattr 2
	im: get_inode 2
extent_server: get 2
	im: get_inode 2
	im: put_inode 34
extent_server: getattr 14
	im: get_inode 14
extent_server: getattr 14
	im: get_inode 14
extent_server: getattr 2
	im: get_inode 2
extent_server: get 2
	im: get_inode 2
	im: put_inode 34
extent_server: remove 14
	im: get_inode 14
	im: put_inode 35
extent_server: put 2
	im: get_inode 2
	im: put_inode 34
extent_server: getattr 1
	im: get_inode 1
extent_server: get 1
	im: get_inode 1
	im: put_inode 1
extent_server: getattr 2
	im: get_inode 2
extent_server: getattr 2
	im: get_inode 2
extent_server: getattr 2
	im: get_inode 2
extent_server: getattr 2
	im: get_inode 2
extent_server: get 2
	im: get_inode 2
	im: put_inode 34
extent_server: getattr 15
	im: get_inode 15
extent_server: getattr 15
	im: get_inode 15
extent_server: getattr 2
	im: get_inode 2
extent_server: get 2
	im: get_inode 2
	im: put_inode 34
extent_server: remove 15
	im: get_inode 15
	im: put_inode 36
extent_server: put 2
	im: get_inode 2
	im: put_inode 34
extent_server: getattr 1
	im: get_inode 1
extent_server: get 1
	im: get_inode 1
	im: put_inode 1
extent_server: getattr 2
	im: get_inode 2
extent_server: getattr 2
	im: get_inode 2
extent_server: getattr 2
	im: get_inode 2
extent_server: getattr 2
	im: get_inode 2
extent_server: get 2
	im: get_inode 2
	im: put_inode 34
extent_server: getattr 16
	im: get_inode 16
extent_server: getattr 16
	im: get_inode 16
extent_server: getattr 2
	im: get_inode 2
extent_server: get 2
	im: get_inode 2
	im: put_inode 34
extent_server: remove 16
	im: get_inode 16
	im: put_inode 37
extent_server: put 2
	im: get_inode 2
	im: put_inode 34
extent_server: getattr 1
	im: get_inode 1
extent_server: get 1
	im: get_inode 1
	im: put_inode 1
extent_server: getattr 2
	im: get_inode 2
extent_server: getattr 2
	im: get_inode 2
extent_server: getattr 2
	im: get_inode 2
extent_server: getattr 2
	im: get_inode 2
extent_server: get 2
	im: get_inode 2
	im: put_inode 34
extent_server: getattr 17
	im: get_inode 17
extent_server: getattr 17
	im: get_inode 17
extent_server: getattr 2
	im: get_inode 2
extent_server: get 2
	im: get_inode 2
	im: put_inode 34
extent_server: remove 17
	im: get_inode 17
	im: put_inode 38
extent_server: put 2
	im: get_inode 2
	im: put_inode 34
extent_server: getattr 1
	im: get_inode 1
extent_server: get 1
	im: get_inode 1
	im: put_inode 1
extent_server: getattr 2
	im: get_inode 2
extent_server: getattr 2
	im: get_inode 2
extent_server: getattr 2
	im: get_inode 2
extent_server: getattr 2
	im: get_inode 2
extent_server: get 2
	im: get_inode 2
	im: put_inode 34
extent_server: getattr 18
	im: get_inode 18
extent_server: getattr 18
	im: get_inode 18
extent_server: getattr 2
	im: get_inode 2
extent_server: get 2
	im: get_inode 2
	im: put_inode 34
extent_server: remove 18
	im: get_inode 18
	im: put_inode 39
extent_server: put 2
	im: get_inode 2
	im: put_inode 34
extent_server: getattr 1
	im: get_inode 1
extent_server: get 1
	im: get_inode 1
	im: put_inode 1
extent_server: getattr 2
	im: get_inode 2
extent_server: getattr 2
	im: get_inode 2
extent_server: getattr 2
	im: get_inode 2
extent_server: getattr 2
	im: get_inode 2
extent_server: get 2
	im: get_inode 2
	im: put_inode 34
extent_server: getattr 19
	im: get_inode 19
extent_server: getattr 19
	im: get_inode 19
extent_server: getattr 2
	im: get_inode 2
extent_server: get 2
	im: get_inode 2
	im: put_inode 34
extent_server: remove 19
	im: get_inode 19
	im: put_inode 40
extent_server: put 2
	im: get_inode 2
	im: put_inode 34
extent_server: getattr 1
	im: get_inode 1
extent_server: get 1
	im: get_inode 1
	im: put_inode 1
extent_server: getattr 2
	im: get_inode 2
extent_server: getattr 2
	im: get_inode 2
extent_server: getattr 2
	im: get_inode 2
extent_server: getattr 2
	im: get_inode 2
extent_server: get 2
	im: get_inode 2
	im: put_inode 34
extent_server: getattr 20
	im: get_inode 20
extent_server: getattr 20
	im: get_inode 20
extent_server: getattr 2
	im: get_inode 2
extent_server: get 2
	im: get_inode 2
	im: put_inode 34
extent_server: remove 20
	im: get_inode 20
	im: put_inode 41
extent_server: put 2
	im: get_inode 2
	im: put_inode 34
extent_server: getattr 1
	im: get_inode 1
extent_server: get 1
	im: get_inode 1
	im: put_inode 1
extent_server: getattr 2
	im: get_inode 2
extent_server: getattr 2
	im: get_inode 2
extent_server: getattr 2
	im: get_inode 2
extent_server: getattr 2
	im: get_inode 2
extent_server: get 2
	im: get_inode 2
	im: put_inode 34
extent_server: getattr 21
	im: get_inode 21
extent_server: getattr 21
	im: get_inode 21
extent_server: getattr 2
	im: get_inode 2
extent_server: get 2
	im: get_inode 2
	im: put_inode 34
extent_server: remove 21
	im: get_inode 21
	im: put_inode 42
extent_server: put 2
	im: get_inode 2
	im: put_inode 34
extent_server: getattr 1
	im: get_inode 1
extent_server: get 1
	im: get_inode 1
	im: put_inode 1
extent_server: getattr 2
	im: get_inode 2
extent_server: getattr 2
	im: get_inode 2
extent_server: getattr 2
	im: get_inode 2
extent_server: getattr 2
	im: get_inode 2
extent_server: get 2
	im: get_inode 2
	im: put_inode 34
extent_server: getattr 22
	im: get_inode 22
extent_server: getattr 22
	im: get_inode 22
extent_server: getattr 2
	im: get_inode 2
extent_server: get 2
	im: get_inode 2
	im: put_inode 34
extent_server: remove 22
	im: get_inode 22
	im: put_inode 43
extent_server: put 2
	im: get_inode 2
	im: put_inode 34
extent_server: getattr 1
	im: get_inode 1
extent_server: get 1
	im: get_inode 1
	im: put_inode 1
extent_server: getattr 2
	im: get_inode 2
extent_server: getattr 2
	im: get_inode 2
extent_server: getattr 2
	im: get_inode 2
extent_server: getattr 2
	im: get_inode 2
extent_server: get 2
	im: get_inode 2
	im: put_inode 34
extent_server: getattr 23
	im: get_inode 23
extent_server: getattr 23
	im: get_inode 23
extent_server: getattr 2
	im: get_inode 2
extent_server: get 2
	im: get_inode 2
	im: put_inode 34
extent_server: remove 23
	im: get_inode 23
	im: put_inode 44
extent_server: put 2
	im: get_inode 2
	im: put_inode 34
extent_server: getattr 1
	im: get_inode 1
extent_server: get 1
	im: get_inode 1
	im: put_inode 1
extent_server: getattr 2
	im: get_inode 2
extent_server: getattr 2
	im: get_inode 2
extent_server: getattr 2
	im: get_inode 2
extent_server: getattr 2
	im: get_inode 2
extent_server: get 2
	im: get_inode 2
	im: put_inode 34
extent_server: getattr 2
	im: get_inode 2
extent_server: get 2
	im: get_inode 2
	im: put_inode 34
extent_server: create inode
extent_server: get 2
	im: get_inode 2
	im: put_inode 34
extent_server: put 2
	im: get_inode 2
	im: put_inode 34
extent_server: getattr 55
	im: get_inode 55
extent_server: getattr 55
	im: get_inode 55
extent_server: get 55
	im: get_inode 55
	im: put_inode 55
extent_server: put 55
	im: get_inode 55
	im: put_inode 55
extent_server: get 55
	im: get_inode 55
	im: put_inode 55
extent_server: put 55
	im: get_inode 55
	im: put_inode 55
extent_server: get 55
	im: get_inode 55
	im: put_inode 55
extent_server: put 55
	im: get_inode 55
	im: put_inode 55
extent_server: get 55
	im: get_inode 55
	im: put_inode 55
extent_server: put 55
	im: get_inode 55
	im: put_inode 55
extent_server: get 55
	im: get_inode 55
	im: put_inode 55
extent_server: put 55
	im: get_inode 55
	im: put_inode 55
extent_server: commit
	im: commit version v6
extent_server: getattr 1
	im: get_inode 1
extent_server: get 1
	im: get_inode 1
	im: put_inode 1
extent_server: getattr 2
	im: get_inode 2
	im: put_inode 34
	im: put_inode 56
extent_server: getattr 2
	im: get_inode 2
extent_server: getattr 2
	im: get_inode 2
extent_server: getattr 2
	im: get_inode 2
extent_server: get 2
	im: get_inode 2
	im: put_inode 56
extent_server: getattr 55
	im: get_inode 55
	im: put_inode 55
	im: put_inode 57
extent_server: getattr 55
	im: get_inode 55
extent_server: getattr 55
	im: get_inode 55
extent_server: getattr 55
	im: get_inode 55
extent_server: get 55
	im: get_inode 55
	im: put_inode 57
extent_server: getattr 1
	im: get_inode 1
extent_server: get 1
	im: get_inode 1
	im: put_inode 1
extent_server: getattr 2
	im: get_inode 2
extent_server: getattr 2
	im: get_inode 2
extent_server: getattr 2
	im: get_inode 2
extent_server: getattr 2
	im: get_inode 2
extent_server: get 2
	im: get_inode 2
	im: put_inode 56
extent_server: getattr 55
	im: get_inode 55
extent_server: getattr 55
	im: get_inode 55
extent_server: getattr 2
	im: get_inode 2
extent_server: get 2
	im: get_inode 2
	im: put_inode 56
extent_server: remove 55
	im: get_inode 55
	im: put_inode 57
extent_server: put 2
	im: get_inode 2
	im: put_inode 56
extent_server: undo
	im: back to version v6
extent_server: getattr 1
	im: get_inode 1
extent_server: get 1
	im: get_inode 1
	im: put_inode 1
extent_server: getattr 2
	im: get_inode 2
extent_server: getattr 2
	im: get_inode 2
extent_server: getattr 2
	im: get_inode 2
extent_server: getattr 2
	im: get_inode 2
extent_server: get 2
	im: get_inode 2
	im: put_inode 34
extent_server: getattr 55
	im: get_inode 55
extent_server: getattr 55
	im: get_inode 55
extent_server: getattr 55
	im: get_inode 55
extent_server: getattr 55
	im: get_inode 55
extent_server: get 55
	im: get_inode 55
	im: put_inode 55
extent_server: undo
	im: back to version v5
extent_server: getattr 1
	im: get_inode 1
extent_server: get 1
	im: get_inode 1
	im: put_inode 1
extent_server: getattr 2
	im: get_inode 2
extent_server: getattr 2
	im: get_inode 2
extent_server: getattr 2
	im: get_inode 2
extent_server: getattr 2
	im: get_inode 2
extent_server: getattr 2
	im: get_inode 2
extent_server: getattr 2
	im: get_inode 2
extent_server: getattr 2
	im: get_inode 2
extent_server: getattr 2
	im: get_inode 2
extent_server: get 2
	im: get_inode 2
	im: put_inode 13
extent_server: getattr 2
	im: get_inode 2
extent_server: getattr 2
	im: get_inode 2
extent_server: get 2
	im: get_inode 2
	im: put_inode 13
extent_server: getattr 1
	im: get_inode 1
extent_server: get 1
	im: get_inode 1
	im: put_inode 1
extent_server: getattr 2
	im: get_inode 2
extent_server: getattr 2
	im: get_inode 2
extent_server: getattr 2
	im: get_inode 2
extent_server: getattr 2
	im: get_inode 2
extent_server: get 2
	im: get_inode 2
	im: put_inode 13
extent_server: getattr 14
	im: get_inode 14
extent_server: getattr 14
	im: get_inode 14
extent_server: get 14
	im: get_inode 14
	im: put_inode 14
extent_server: getattr 1
	im: get_inode 1
extent_server: get 1
	im: get_inode 1
	im: put_inode 1
extent_server: getattr 2
	im: get_inode 2
extent_server: getattr 2
	im: get_inode 2
extent_server: getattr 2
	im: get_inode 2
extent_server: getattr 2
	im: get_inode 2
extent_server: get 2
	im: get_inode 2
	im: put_inode 13
extent_server: getattr 15
	im: get_inode 15
extent_server: getattr 15
	im: get_inode 15
extent_server: get 15
	im: get_inode 15
	im: put_inode 15
extent_server: getattr 1
	im: get_inode 1
extent_server: get 1
	im: get_inode 1
	im: put_inode 1
extent_server: getattr 2
	im: get_inode 2
extent_server: getattr 2
	im: get_inode 2
extent_server: getattr 2
	im: get_inode 2
extent_server: getattr 2
	im: get_inode 2
extent_server: get 2
	im: get_inode 2
	im: put_inode 13
extent_server: getattr 16
	im: get_inode 16
extent_server: getattr 16
	im: get_inode 16
extent_server: get 16
	im: get_inode 16
	im: put_inode 16
extent_server: getattr 1
	im: get_inode 1
extent_server: get 1
	im: get_inode 1
	im: put_inode 1
extent_server: getattr 2
	im: get_inode 2
extent_server: getattr 2
	im: get_inode 2
extent_server: getattr 2
	im: get_inode 2
extent_server: getattr 2
	im: get_inode 2
extent_server: get 2
	im: get_inode 2
	im: put_inode 13
extent_server: getattr 17
	im: get_inode 17
extent_server: getattr 17
	im: get_inode 17
extent_server: get 17
	im: get_inode 17
	im: put_inode 17
extent_server: getattr 1
	im: get_inode 1
extent_server: get 1
	im: get_inode 1
	im: put_inode 1
extent_server: getattr 2
	im: get_inode 2
extent_server: getattr 2
	im: get_inode 2
extent_server: getattr 2
	im: get_inode 2
extent_server: getattr 2
	im: get_inode 2
extent_server: get 2
	im: get_inode 2
	im: put_inode 13
extent_server: getattr 18
	im: get_inode 18
extent_server: getattr 18
	im: get_inode 18
extent_server: get 18
	im: get_inode 18
	im: put_inode 18
extent_server: getattr 1
	im: get_inode 1
extent_server: get 1
	im: get_inode 1
	im: put_inode 1
extent_server: getattr 2
	im: get_inode 2
extent_server: getattr 2
	im: get_inode 2
extent_server: getattr 2
	im: get_inode 2
extent_server: getattr 2
	im: get_inode 2
extent_server: get 2
	im: get_inode 2
	im: put_inode 13
extent_server: getattr 19
	im: get_inode 19
extent_server: getattr 19
	im: get_inode 19
extent_server: get 19
	im: get_inode 19
	im: put_inode 19
extent_server: getattr 1
	im: get_inode 1
extent_server: get 1
	im: get_inode 1
	im: put_inode 1
extent_server: getattr 2
	im: get_inode 2
extent_server: getattr 2
	im: get_inode 2
extent_server: getattr 2
	im: get_inode 2
extent_server: getattr 2
	im: get_inode 2
extent_server: get 2
	im: get_inode 2
	im: put_inode 13
extent_server: getattr 20
	im: get_inode 20
extent_server: getattr 20
	im: get_inode 20
extent_server: get 20
	im: get_inode 20
	im: put_inode 20
extent_server: getattr 1
	im: get_inode 1
extent_server: get 1
	im: get_inode 1
	im: put_inode 1
extent_server: getattr 2
	im: get_inode 2
extent_server: getattr 2
	im: get_inode 2
extent_server: getattr 2
	im: get_inode 2
extent_server: getattr 2
	im: get_inode 2
extent_server: get 2
	im: get_inode 2
	im: put_inode 13
extent_server: getattr 21
	im: get_inode 21
extent_server: getattr 21
	im: get_inode 21
extent_server: get 21
	im: get_inode 21
	im: put_inode 21
extent_server: getattr 1
	im: get_inode 1
extent_server: get 1
	im: get_inode 1
	im: put_inode 1
extent_server: getattr 2
	im: get_inode 2
extent_server: getattr 2
	im: get_inode 2
extent_server: getattr 2
	im: get_inode 2
extent_server: getattr 2
	im: get_inode 2
extent_server: get 2
	im: get_inode 2
	im: put_inode 13
extent_server: getattr 22
	im: get_inode 22
extent_server: getattr 22
	im: get_inode 22
extent_server: get 22
	im: get_inode 22
	im: put_inode 22
extent_server: getattr 1
	im: get_inode 1
extent_server: get 1
	im: get_inode 1
	im: put_inode 1
extent_server: getattr 2
	im: get_inode 2
extent_server: getattr 2
	im: get_inode 2
extent_server: getattr 2
	im: get_inode 2
extent_server: getattr 2
	im: get_inode 2
extent_server: get 2
	im: get_inode 2
	im: put_inode 13
extent_server: getattr 23
	im: get_inode 23
extent_server: getattr 23
	im: get_inode 23
extent_server: get 23
	im: get_inode 23
	im: put_inode 23
extent_server: getattr 1
	im: get_inode 1
extent_server: get 1
	im: get_inode 1
	im: put_inode 1
extent_server: getattr 2
	im: get_inode 2
extent_server: getattr 2
	im: get_inode 2
extent_server: getattr 2
	im: get_inode 2
extent_server: getattr 2
	im: get_inode 2
extent_server: get 2
	im: get_inode 2
	im: put_inode 13
extent_server: getattr 24
	im: get_inode 24
extent_server: getattr 24
	im: get_inode 24
extent_server: get 24
	im: get_inode 24
	im: put_inode 24
extent_server: getattr 1
	im: get_inode 1
extent_server: get 1
	im: get_inode 1
	im: put_inode 1
extent_server: getattr 2
	im: get_inode 2
extent_server: getattr 2
	im: get_inode 2
extent_server: getattr 2
	im: get_inode 2
extent_server: getattr 2
	im: get_inode 2
extent_server: get 2
	im: get_inode 2
	im: put_inode 13
extent_server: getattr 25
	im: get_inode 25
extent_server: getattr 25
	im: get_inode 25
extent_server: get 25
	im: get_inode 25
	im: put_inode 25
extent_server: getattr 1
	im: get_inode 1
extent_server: get 1
	im: get_inode 1
	im: put_inode 1
extent_server: getattr 2
	im: get_inode 2
extent_server: getattr 2
	im: get_inode 2
extent_server: getattr 2
	im: get_inode 2
extent_server: getattr 2
	im: get_inode 2
extent_server: get 2
	im: get_inode 2
	im: put_inode 13
extent_server: getattr 26
	im: get_inode 26
extent_server: getattr 26
	im: get_inode 26
extent_server: get 26
	im: get_inode 26
	im: put_inode 26
extent_server: getattr 1
	im: get_inode 1
extent_server: get 1
	im: get_inode 1
	im: put_inode 1
extent_server: getattr 2
	im: get_inode 2
extent_server: getattr 2
	im: get_inode 2
extent_server: getattr 2
	im: get_inode 2
extent_server: getattr 2
	im: get_inode 2
extent_server: get 2
	im: get_inode 2
	im: put_inode 13
extent_server: getattr 27
	im: get_inode 27
extent_server: getattr 27
	im: get_inode 27
extent_server: get 27
	im: get_inode 27
	im: put_inode 27
extent_server: getattr 1
	im: get_inode 1
extent_server: get 1
	im: get_inode 1
	im: put_inode 1
extent_server: getattr 2
	im: get_inode 2
extent_server: getattr 2
	im: get_inode 2
extent_server: getattr 2
	im: get_inode 2
extent_server: getattr 2
	im: get_inode 2
extent_server: get 2
	im: get_inode 2
	im: put_inode 13
extent_server: getattr 28
	im: get_inode 28
extent_server: getattr 28
	im: get_inode 28
extent_server: get 28
	im: get_inode 28
	im: put_inode 28
extent_server: getattr 1
	im: get_inode 1
extent_server: get 1
	im: get_inode 1
	im: put_inode 1
extent_server: getattr 2
	im: get_inode 2
extent_server: getattr 2
	im: get_inode 2
extent_server: getattr 2
	im: get_inode 2
extent_server: getattr 2
	im: get_inode 2
extent_server: get 2
	im: get_inode 2
	im: put_inode 13
extent_server: getattr 29
	im: get_inode 29
extent_server: getattr 29
	im: get_inode 29
extent_server: get 29
	im: get_inode 29
	im: put_inode 29
extent_server: getattr 1
	im: get_inode 1
extent_server: get 1
	im: get_inode 1
	im: put_inode 1
extent_server: getattr 2
	im: get_inode 2
extent_server: getattr 2
	im: get_inode 2
extent_server: getattr 2
	im: get_inode 2
extent_server: getattr 2
	im: get_inode 2
extent_server: get 2
	im: get_inode 2
	im: put_inode 13
extent_server: getattr 30
	im: get_inode 30
extent_server: getattr 30
	im: get_inode 30
extent_server: get 30
	im: get_inode 30
	im: put_inode 30
extent_server: getattr 1
	im: get_inode 1
extent_server: get 1
	im: get_inode 1
	im: put_inode 1
extent_server: getattr 2
	im: get_inode 2
extent_server: getattr 2
	im: get_inode 2
extent_server: getattr 2
	im: get_inode 2
extent_server: getattr 2
	im: get_inode 2
extent_server: get 2
	im: get_inode 2
	im: put_inode 13
extent_server: getattr 31
	im: get_inode 31
extent_server: getattr 31
	im: get_inode 31
extent_server: get 31
	im: get_inode 31
	im: put_inode 31
extent_server: getattr 1
	im: get_inode 1
extent_server: get 1
	im: get_inode 1
	im: put_inode 1
extent_server: getattr 2
	im: get_inode 2
extent_server: getattr 2
	im: get_inode 2
extent_server: getattr 2
	im: get_inode 2
extent_server: getattr 2
	im: get_inode 2
extent_server: get 2
	im: get_inode 2
	im: put_inode 13
extent_server: getattr 32
	im: get_inode 32
extent_server: getattr 32
	im: get_inode 32
extent_server: get 32
	im: get_inode 32
	im: put_inode 32
extent_server: getattr 1
	im: get_inode 1
extent_server: get 1
	im: get_inode 1
	im: put_inode 1
extent_server: getattr 2
	im: get_inode 2
extent_server: getattr 2
	im: get_inode 2
extent_server: getattr 2
	im: get_inode 2
extent_server: getattr 2
	im: get_inode 2
extent_server: get 2
	im: get_inode 2
	im: put_inode 13
extent_server: getattr 33
	im: get_inode 33
extent_server: getattr 33
	im: get_inode 33
extent_server: get 33
	im: get_inode 33
	im: put_inode 33
extent_server: undo
	im: back to version v4
extent_server: getattr 1
	im: get_inode 1
extent_server: get 1
	im: get_inode 1
	im: put_inode 1
extent_server: getattr 2
	im: get_inode 2
extent_server: getattr 2
	im: get_inode 2
extent_server: getattr 2
	im: get_inode 2
extent_server: getattr 2
	im: get_inode 2
extent_server: getattr 2
	im: get_inode 2
extent_server: getattr 2
	im: get_inode 2
extent_server: getattr 2
	im: get_inode 2
extent_server: getattr 2
	im: get_inode 2
extent_server: get 2
	im: get_inode 2
	im: put_inode 11
extent_server: undo
	im: back to version v3
extent_server: getattr 1
	im: get_inode 1
extent_server: get 1
	im: get_inode 1
	im: put_inode 1
extent_server: getattr 2
	im: get_inode 2
extent_server: getattr 2
	im: get_inode 2
extent_server: getattr 2
	im: get_inode 2
extent_server: getattr 2
	im: get_inode 2
extent_server: get 2
	im: get_inode 2
	im: put_inode 9
extent_server: getattr 10
	im: get_inode 10
extent_server: getattr 10
	im: get_inode 10
extent_server: getattr 10
	im: get_inode 10
extent_server: getattr 10
	im: get_inode 10
extent_server: get 10
	im: get_inode 10
	im: put_inode 10
extent_server: getattr 1
	im: get_inode 1
extent_server: get 1
	im: get_inode 1
	im: put_inode 1
extent_server: getattr 2
	im: get_inode 2
extent_server: getattr 2
	im: get_inode 2
extent_server: getattr 2
	im: get_inode 2
extent_server: getattr 2
	im: get_inode 2
extent_server: getattr 2
	im: get_inode 2
extent_server: getattr 2
	im: get_inode 2
extent_server: getattr 2
	im: get_inode 2
extent_server: getattr 2
	im: get_inode 2
extent_server: get 2
	im: get_inode 2
	im: put_inode 9
extent_server: getattr 2
	im: get_inode 2
extent_server: getattr 2
	im: get_inode 2
extent_server: get 2
	im: get_inode 2
	im: put_inode 9
extent_server: undo
	im: back to version v2
extent_server: getattr 1
	im: get_inode 1
extent_server: get 1
	im: get_inode 1
	im: put_inode 1
extent_server: getattr 2
	im: get_inode 2
extent_server: getattr 2
	im: get_inode 2
extent_server: getattr 2
	im: get_inode 2
extent_server: getattr 2
	im: get_inode 2
extent_server: get 2
	im: get_inode 2
	im: put_inode 4
extent_server: getattr 2
	im: get_inode 2
extent_server: get 2
	im: get_inode 2
	im: put_inode 4
extent_server: getattr 1
	im: get_inode 1
extent_server: get 1
	im: get_inode 1
	im: put_inode 1
extent_server: getattr 2
	im: get_inode 2
extent_server: getattr 2
	im: get_inode 2
extent_server: getattr 2
	im: get_inode 2
extent_server: getattr 2
	im: get_inode 2
extent_server: get 2
	im: get_inode 2
	im: put_inode 4
extent_server: getattr 1
	im: get_inode 1
extent_server: get 1
	im: get_inode 1
	im: put_inode 1
extent_server: getattr 2
	im: get_inode 2
extent_server: getattr 2
	im: get_inode 2
extent_server: getattr 2
	im: get_inode 2
extent_server: getattr 2
	im: get_inode 2
extent_server: get 2
	im: get_inode 2
	im: put_inode 4
extent_server: undo
	im: back to version v1
extent_server: getattr 1
	im: get_inode 1
extent_server: get 1
	im: get_inode 1
	im: put_inode 1
extent_server: getattr 2
	im: get_inode 2
extent_server: getattr 2
	im: get_inode 2
extent_server: getattr 2
	im: get_inode 2
extent_server: getattr 2
	im: get_inode 2
extent_server: get 2
	im: get_inode 2
	im: put_inode 2
extent_server: getattr 3
	im: get_inode 3
extent_server: getattr 3
	im: get_inode 3
extent_server: getattr 3
	im: get_inode 3
extent_server: getattr 3
	im: get_inode 3
extent_server: get 3
	im: get_inode 3
	im: put_inode 3
extent_server: redo
	im: forward to version v2
extent_server: getattr 1
	im: get_inode 1
extent_server: get 1
	im: get_inode 1
	im: put_inode 1
extent_server: getattr 2
	im: get_inode 2
extent_server: getattr 2
	im: get_inode 2
extent_server: getattr 2
	im: get_inode 2
extent_server: getattr 2
	im: get_inode 2
extent_server: get 2
	im: get_inode 2
	im: put_inode 4
extent_server: getattr 2
	im: get_inode 2
extent_server: get 2
	im: get_inode 2
	im: put_inode 4
extent_server: getattr 1
	im: get_inode 1
extent_server: get 1
	im: get_inode 1
	im: put_inode 1
extent_server: getattr 2
	im: get_inode 2
extent_server: getattr 2
	im: get_inode 2
extent_server: getattr 2
	im: get_inode 2
extent_server: getattr 2
	im: get_inode 2
extent_server: get 2
	im: get_inode 2
	im: put_inode 4
extent_server: getattr 1
	im: get_inode 1
extent_server: get 1
	im: get_inode 1
	im: put_inode 1
extent_server: getattr 2
	im: get_inode 2
extent_server: getattr 2
	im: get_inode 2
extent_server: getattr 2
	im: get_inode 2
extent_server: getattr 2
	im: get_inode 2
extent_server: get 2
	im: get_inode 2
	im: put_inode 4
extent_server: redo
	im: forward to version v3
extent_server: getattr 1
	im: get_inode 1
extent_server: get 1
	im: get_inode 1
	im: put_inode 1
extent_server: getattr 2
	im: get_inode 2
extent_server: getattr 2
	im: get_inode 2
extent_server: getattr 2
	im: get_inode 2
extent_server: getattr 2
	im: get_inode 2
extent_server: get 2
	im: get_inode 2
	im: put_inode 9
extent_server: getattr 10
	im: get_inode 10
extent_server: getattr 10
	im: get_inode 10
extent_server: getattr 10
	im: get_inode 10
extent_server: getattr 10
	im: get_inode 10
extent_server: get 10
	im: get_inode 10
	im: put_inode 10
extent_server: getattr 1
	im: get_inode 1
extent_server: get 1
	im: get_inode 1
	im: put_inode 1
extent_server: getattr 2
	im: get_inode 2
extent_server: getattr 2
	im: get_inode 2
extent_server: getattr 2
	im: get_inode 2
extent_server: getattr 2
	im: get_inode 2
extent_server: getattr 2
	im: get_inode 2
extent_server: getattr 2
	im: get_inode 2
extent_server: getattr 2
	im: get_inode 2
extent_server: getattr 2
	im: get_inode 2
extent_server: get 2
	im: get_inode 2
	im: put_inode 9
extent_server: getattr 2
	im: get_inode 2
extent_server: getattr 2
	im: get_inode 2
extent_server: get 2
	im: get_inode 2
	im: put_inode 9
extent_server: redo
	im: forward to version v4
extent_server: getattr 1
	im: get_inode 1
extent_server: get 1
	im: get_inode 1
	im: put_inode 1
extent_server: getattr 2
	im: get_inode 2
extent_server: getattr 2
	im: get_inode 2
extent_server: getattr 2
	im: get_inode 2
extent_server: getattr 2
	im: get_inode 2
extent_server: getattr 2
	im: get_inode 2
extent_server: getattr 2
	im: get_inode 2
extent_server: getattr 2
	im: get_inode 2
extent_server: getattr 2
	im: get_inode 2
extent_server: get 2
	im: get_inode 2
	im: put_inode 11
extent_server: redo
	im: forward to version v5
extent_server: getattr 1
	im: get_inode 1
extent_server: get 1
	im: get_inode 1
	im: put_inode 1
extent_server: getattr 2
	im: get_inode 2
extent_server: getattr 2
	im: get_inode 2
extent_server: getattr 2
	im: get_inode 2
extent_server: getattr 2
	im: get_inode 2
extent_server: getattr 2
	im: get_inode 2
extent_server: getattr 2
	im: get_inode 2
extent_server: getattr 2
	im: get_inode 2
extent_server: getattr 2
	im: get_inode 2
extent_server: get 2
	im: get_inode 2
	im: put_inode 13
extent_server: getattr 2
	im: get_inode 2
extent_server: getattr 2
	im: get_inode 2
extent_server: get 2
	im: get_inode 2
	im: put_inode 13
extent_server: getattr 1
	im: get_inode 1
extent_server: get 1
	im: get_inode 1
	im: put_inode 1
extent_server: getattr 2
	im: get_inode 2
extent_server: getattr 2
	im: get_inode 2
extent_server: getattr 2
	im: get_inode 2
extent_server: getattr 2
	im: get_inode 2
extent_server: get 2
	im: get_inode 2
	im: put_inode 13
extent_server: getattr 14
	im: get_inode 14
extent_server: getattr 14
	im: get_inode 14
extent_server: get 14
	im: get_inode 14
	im: put_inode 14
extent_server: getattr 1
	im: get_inode 1
extent_server: get 1
	im: get_inode 1
	im: put_inode 1
extent_server: getattr 2
	im: get_inode 2
extent_server: getattr 2
	im: get_inode 2
extent_server: getattr 2
	im: get_inode 2
extent_server: getattr 2
	im: get_inode 2
extent_server: get 2
	im: get_inode 2
	im: put_inode 13
extent_server: getattr 15
	im: get_inode 15
extent_server: getattr 15
	im: get_inode 15
extent_server: get 15
	im: get_inode 15
	im: put_inode 15
extent_server: getattr 1
	im: get_inode 1
extent_server: get 1
	im: get_inode 1
	im: put_inode 1
extent_server: getattr 2
	im: get_inode 2
extent_server: getattr 2
	im: get_inode 2
extent_server: getattr 2
	im: get_inode 2
extent_server: getattr 2
	im: get_inode 2
extent_server: get 2
	im: get_inode 2
	im: put_inode 13
extent_server: getattr 16
	im: get_inode 16
extent_server: getattr 16
	im: get_inode 16
extent_server: get 16
	im: get_inode 16
	im: put_inode 16
extent_server: getattr 1
	im: get_inode 1
extent_server: get 1
	im: get_inode 1
	im: put_inode 1
extent_server: getattr 2
	im: get_inode 2
extent_server: getattr 2
	im: get_inode 2
extent_server: getattr 2
	im: get_inode 2
extent_server: getattr 2
	im: get_inode 2
extent_server: get 2
	im: get_inode 2
	im: put_inode 13
extent_server: getattr 17
	im: get_inode 17
extent_server: getattr 17
	im: get_inode 17
extent_server: get 17
	im: get_inode 17
	im: put_inode 17
extent_server: getattr 1
	im: get_inode 1
extent_server: get 1
	im: get_inode 1
	im: put_inode 1
extent_server: getattr 2
	im: get_inode 2
extent_server: getattr 2
	im: get_inode 2
extent_server: getattr 2
	im: get_inode 2
extent_server: getattr 2
	im: get_inode 2
extent_server: get 2
	im: get_inode 2
	im: put_inode 13
extent_server: getattr 18
	im: get_inode 18
extent_server: getattr 18
	im: get_inode 18
extent_server: get 18
	im: get_inode 18
	im: put_inode 18
extent_server: getattr 1
	im: get_inode 1
extent_server: get 1
	im: get_inode 1
	im: put_inode 1
extent_server: getattr 2
	im: get_inode 2
extent_server: getattr 2
	im: get_inode 2
extent_server: getattr 2
	im: get_inode 2
extent_server: getattr 2
	im: get_inode 2
extent_server: get 2
	im: get_inode 2
	im: put_inode 13
extent_server: getattr 19
	im: get_inode 19
extent_server: getattr 19
	im: get_inode 19
extent_server: get 19
	im: get_inode 19
	im: put_inode 19
extent_server: getattr 1
	im: get_inode 1
extent_server: get 1
	im: get_inode 1
	im: put_inode 1
extent_server: getattr 2
	im: get_inode 2
extent_server: getattr 2
	im: get_inode 2
extent_server: getattr 2
	im: get_inode 2
extent_server: getattr 2
	im: get_inode 2
extent_server: get 2
	im: get_inode 2
	im: put_inode 13
extent_server: getattr 20
	im: get_inode 20
extent_server: getattr 20
	im: get_inode 20
extent_server: get 20
	im: get_inode 20
	im: put_inode 20
extent_server: getattr 1
	im: get_inode 1
extent_server: get 1
	im: get_inode 1
	im: put_inode 1
extent_server: getattr 2
	im: get_inode 2
extent_server: getattr 2
	im: get_inode 2
extent_server: getattr 2
	im: get_inode 2
extent_server: getattr 2
	im: get_inode 2
extent_server: get 2
	im: get_inode 2
	im: put_inode 13
extent_server: getattr 21
	im: get_inode 21
extent_server: getattr 21
	im: get_inode 21
extent_server: get 21
	im: get_inode 21
	im: put_inode 21
extent_server: getattr 1
	im: get_inode 1
extent_server: get 1
	im: get_inode 1
	im: put_inode 1
extent_server: getattr 2
	im: get_inode 2
extent_server: getattr 2
	im: get_inode 2
extent_server: getattr 2
	im: get_inode 2
extent_server: getattr 2
	im: get_inode 2
extent_server: get 2
	im: get_inode 2
	im: put_inode 13
extent_server: getattr 22
	im: get_inode 22
extent_server: getattr 22
	im: get_inode 22
extent_server: get 22
	im: get_inode 22
	im: put_inode 22
extent_server: getattr 1
	im: get_inode 1
extent_server: get 1
	im: get_inode 1
	im: put_inode 1
extent_server: getattr 2
	im: get_inode 2
extent_server: getattr 2
	im: get_inode 2
extent_server: getattr 2
	im: get_inode 2
extent_server: getattr 2
	im: get_inode 2
extent_server: get 2
	im: get_inode 2
	im: put_inode 13
extent_server: getattr 23
	im: get_inode 23
extent_server: getattr 23
	im: get_inode 23
extent_server: get 23
	im: get_inode 23
	im: put_inode 23
extent_server: getattr 1
	im: get_inode 1
extent_server: get 1
	im: get_inode 1
	im: put_inode 1
extent_server: getattr 2
	im: get_inode 2
extent_server: getattr 2
	im: get_inode 2
extent_server: getattr 2
	im: get_inode 2
extent_server: getattr 2
	im: get_inode 2
extent_server: get 2
	im: get_inode 2
	im: put_inode 13
extent_server: getattr 24
	im: get_inode 24
extent_server: getattr 24
	im: get_inode 24
extent_server: get 24
	im: get_inode 24
	im: put_inode 24
extent_server: getattr 1
	im: get_inode 1
extent_server: get 1
	im: get_inode 1
	im: put_inode 1
extent_server: getattr 2
	im: get_inode 2
extent_server: getattr 2
	im: get_inode 2
extent_server: getattr 2
	im: get_inode 2
extent_server: getattr 2
	im: get_inode 2
extent_server: get 2
	im: get_inode 2
	im: put_inode 13
extent_server: getattr 25
	im: get_inode 25
extent_server: getattr 25
	im: get_inode 25
extent_server: get 25
	im: get_inode 25
	im: put_inode 25
extent_server: getattr 1
	im: get_inode 1
extent_server: get 1
	im: get_inode 1
	im: put_inode 1
extent_server: getattr 2
	im: get_inode 2
extent_server: getattr 2
	im: get_inode 2
extent_server: getattr 2
	im: get_inode 2
extent_server: getattr 2
	im: get_inode 2
extent_server: get 2
	im: get_inode 2
	im: put_inode 13
extent_server: getattr 26
	im: get_inode 26
extent_server: getattr 26
	im: get_inode 26
extent_server: get 26
	im: get_inode 26
	im: put_inode 26
extent_server: getattr 1
	im: get_inode 1
extent_server: get 1
	im: get_inode 1
	im: put_inode 1
extent_server: getattr 2
	im: get_inode 2
extent_server: getattr 2
	im: get_inode 2
extent_server: getattr 2
	im: get_inode 2
extent_server: getattr 2
	im: get_inode 2
extent_server: get 2
	im: get_inode 2
	im: put_inode 13
extent_server: getattr 27
	im: get_inode 27
extent_server: getattr 27
	im: get_inode 27
extent_server: get 27
	im: get_inode 27
	im: put_inode 27
extent_server: getattr 1
	im: get_inode 1
extent_server: get 1
	im: get_inode 1
	im: put_inode 1
extent_server: getattr 2
	im: get_inode 2
extent_server: getattr 2
	im: get_inode 2
extent_server: getattr 2
	im: get_inode 2
extent_server: getattr 2
	im: get_inode 2
extent_server: get 2
	im: get_inode 2
	im: put_inode 13
extent_server: getattr 28
	im: get_inode 28
extent_server: getattr 28
	im: get_inode 28
extent_server: get 28
	im: get_inode 28
	im: put_inode 28
extent_server: getattr 1
	im: get_inode 1
extent_server: get 1
	im: get_inode 1
	im: put_inode 1
extent_server: getattr 2
	im: get_inode 2
extent_server: getattr 2
	im: get_inode 2
extent_server: getattr 2
	im: get_inode 2
extent_server: getattr 2
	im: get_inode 2
extent_server: get 2
	im: get_inode 2
	im: put_inode 13
extent_server: getattr 29
	im: get_inode 29
extent_server: getattr 29
	im: get_inode 29
extent_server: get 29
	im: get_inode 29
	im: put_inode 29
extent_server: getattr 1
	im: get_inode 1
extent_server: get 1
	im: get_inode 1
	im: put_inode 1
extent_server: getattr 2
	im: get_inode 2
extent_server: getattr 2
	im: get_inode 2
extent_server: getattr 2
	im: get_inode 2
extent_server: getattr 2
	im: get_inode 2
extent_server: get 2
	im: get_inode 2
	im: put_inode 13
extent_server: getattr 30
	im: get_inode 30
extent_server: getattr 30
	im: get_inode 30
extent_server: get 30
	im: get_inode 30
	im: put_inode 30
extent_server: getattr 1
	im: get_inode 1
extent_server: get 1
	im: get_inode 1
	im: put_inode 1
extent_server: getattr 2
	im: get_inode 2
extent_server: getattr 2
	im: get_inode 2
extent_server: getattr 2
	im: get_inode 2
extent_server: getattr 2
	im: get_inode 2
extent_server: get 2
	im: get_inode 2
	im: put_inode 13
extent_server: getattr 31
	im: get_inode 31
extent_server: getattr 31
	im: get_inode 31
extent_server: get 31
	im: get_inode 31
	im: put_inode 31
extent_server: getattr 1
	im: get_inode 1
extent_server: get 1
	im: get_inode 1
	im: put_inode 1
extent_server: getattr 2
	im: get_inode 2
extent_server: getattr 2
	im: get_inode 2
extent_server: getattr 2
	im: get_inode 2
extent_server: getattr 2
	im: get_inode 2
extent_server: get 2
	im: get_inode 2
	im: put_inode 13
extent_server: getattr 32
	im: get_inode 32
extent_server: getattr 32
	im: get_inode 32
extent_server: get 32
	im: get_inode 32
	im: put_inode 32
extent_server: getattr 1
	im: get_inode 1
extent_server: get 1
	im: get_inode 1
	im: put_inode 1
extent_server: getattr 2
	im: get_inode 2
extent_server: getattr 2
	im: get_inode 2
extent_server: getattr 2
	im: get_inode 2
extent_server: getattr 2
	im: get_inode 2
extent_server: get 2
	im: get_inode 2
	im: put_inode 13
extent_server: getattr 33
	im: get_inode 33
extent_server: getattr 33
	im: get_inode 33
extent_server: get 33
	im: get_inode 33
	im: put_inode 33
extent_server: redo
	im: forward to version v6
extent_server: getattr 1
	im: get_inode 1
extent_server: get 1
	im: get_inode 1
	im: put_inode 1
extent_server: getattr 2
	im: get_inode 2
extent_server: getattr 2
	im: get_inode 2
extent_server: getattr 2
	im: get_inode 2
extent_server: getattr 2
	im: get_inode 2
extent_server: get 2
	im: get_inode 2
	im: put_inode 34
extent_server: getattr 55
	im: get_inode 55
extent_server: getattr 55
	im: get_inode 55
extent_server: getattr 55
	im: get_inode 55
extent_server: getattr 55
	im: get_inode 55
extent_server: get 55
	im: get_inode 55
	im: put_inode 55
