FUSE library version: 2.9.4
unique: 1, opcode: INIT (26), nodeid: 0, insize: 56, pid: 0
INIT: 7.26
flags=0x001ffffb
max_readahead=0x00020000
   INIT: 7.19
   flags=0x00000000
   max_readahead=0x00020000
   max_write=0x00020000
   max_background=0
   congestion_threshold=0
   unique: 1, success, outsize: 40
unique: 2, opcode: LOOKUP (1), nodeid: 1, insize: 46, pid: 1830
isdir: 1 is a directory
   unique: 2, error: -2 (No such file or directory), outsize: 16
unique: 3, opcode: MKDIR (9), nodeid: 1, insize: 54, pid: 1830
isdir: 1 is a directory
isfile: 2 is not a file
isdir: 2 is a directory
getdir 0000000000000002
   unique: 3, success, outsize: 144
unique: 4, opcode: LOOKUP (1), nodeid: 1, insize: 46, pid: 1830
isdir: 1 is a directory
isfile: 2 is not a file
isdir: 2 is a directory
getdir 0000000000000002
   unique: 4, success, outsize: 144
unique: 5, opcode: LOOKUP (1), nodeid: 2, insize: 43, pid: 1830
isdir: 2 is a directory
   unique: 5, error: -2 (No such file or directory), outsize: 16
unique: 6, opcode: CREATE (35), nodeid: 2, insize: 59, pid: 1830
isdir: 2 is a directory
isfile: 3 is a file
getfile 0000000000000003
getfile 0000000000000003 -> sz 0
   getattr -> 0
   unique: 6, success, outsize: 160
OK: create returns.
unique: 7, opcode: GETXATTR (22), nodeid: 3, insize: 68, pid: 1830
   unique: 7, error: -38 (Function not implemented), outsize: 16
unique: 8, opcode: WRITE (16), nodeid: 3, insize: 83, pid: 1830
   unique: 8, success, outsize: 24
unique: 9, opcode: FLUSH (25), nodeid: 3, insize: 64, pid: 1830
   unique: 9, error: -38 (Function not implemented), outsize: 16
unique: 10, opcode: RELEASE (18), nodeid: 3, insize: 64, pid: 0
   unique: 10, success, outsize: 16
commit a new version
unique: 11, opcode: LOOKUP (1), nodeid: 1, insize: 46, pid: 1830
isdir: 1 is a directory
isfile: 2 is not a file
isdir: 2 is a directory
getdir 0000000000000002
   unique: 11, success, outsize: 144
unique: 12, opcode: LOOKUP (1), nodeid: 2, insize: 43, pid: 1830
isdir: 2 is a directory
isfile: 3 is a file
getfile 0000000000000003
getfile 0000000000000003 -> sz 3
   getattr -> 3
   unique: 12, success, outsize: 144
unique: 13, opcode: OPEN (14), nodeid: 3, insize: 48, pid: 1830
   unique: 13, success, outsize: 32
unique: 14, opcode: GETATTR (3), nodeid: 3, insize: 56, pid: 1830
isfile: 3 is a file
getfile 0000000000000003
getfile 0000000000000003 -> sz 3
   getattr -> 3
   unique: 14, success, outsize: 120
unique: 15, opcode: READ (15), nodeid: 3, insize: 80, pid: 1830
   unique: 15, success, outsize: 19
unique: 16, opcode: RELEASE (18), nodeid: 3, insize: 64, pid: 0
   unique: 16, success, outsize: 16
unique: 17, opcode: LOOKUP (1), nodeid: 1, insize: 46, pid: 1830
isdir: 1 is a directory
isfile: 2 is not a file
isdir: 2 is a directory
getdir 0000000000000002
   unique: 17, success, outsize: 144
unique: 18, opcode: LOOKUP (1), nodeid: 2, insize: 43, pid: 1830
isdir: 2 is a directory
isfile: 3 is a file
getfile 0000000000000003
getfile 0000000000000003 -> sz 3
   getattr -> 3
   unique: 18, success, outsize: 144
unique: 19, opcode: UNLINK (10), nodeid: 2, insize: 43, pid: 1830
isdir: 2 is a directory
   unique: 19, success, outsize: 16
unique: 20, opcode: FORGET (2), nodeid: 3, insize: 48, pid: 0
unique: 21, opcode: LOOKUP (1), nodeid: 1, insize: 46, pid: 1830
isdir: 1 is a directory
isfile: 2 is not a file
isdir: 2 is a directory
getdir 0000000000000002
   unique: 21, success, outsize: 144
unique: 22, opcode: LOOKUP (1), nodeid: 2, insize: 44, pid: 1830
isdir: 2 is a directory
   unique: 22, error: -2 (No such file or directory), outsize: 16
unique: 23, opcode: CREATE (35), nodeid: 2, insize: 60, pid: 1830
isdir: 2 is a directory
isfile: 6 is a file
getfile 0000000000000006
getfile 0000000000000006 -> sz 0
   getattr -> 0
   unique: 23, success, outsize: 160
OK: create returns.
unique: 24, opcode: WRITE (16), nodeid: 6, insize: 83, pid: 1830
   unique: 24, success, outsize: 24
unique: 25, opcode: RELEASE (18), nodeid: 6, insize: 64, pid: 0
   unique: 25, success, outsize: 16
unique: 26, opcode: LOOKUP (1), nodeid: 1, insize: 46, pid: 1830
isdir: 1 is a directory
isfile: 2 is not a file
isdir: 2 is a directory
getdir 0000000000000002
   unique: 26, success, outsize: 144
unique: 27, opcode: LOOKUP (1), nodeid: 2, insize: 44, pid: 1830
isdir: 2 is a directory
isfile: 6 is a file
getfile 0000000000000006
getfile 0000000000000006 -> sz 3
   getattr -> 3
   unique: 27, success, outsize: 144
unique: 28, opcode: UNLINK (10), nodeid: 2, insize: 44, pid: 1830
isdir: 2 is a directory
   unique: 28, success, outsize: 16
unique: 29, opcode: FORGET (2), nodeid: 6, insize: 48, pid: 0
unique: 30, opcode: LOOKUP (1), nodeid: 1, insize: 46, pid: 1830
isdir: 1 is a directory
isfile: 2 is not a file
isdir: 2 is a directory
getdir 0000000000000002
   unique: 30, success, outsize: 144
unique: 31, opcode: LOOKUP (1), nodeid: 2, insize: 43, pid: 1830
isdir: 2 is a directory
   unique: 31, error: -2 (No such file or directory), outsize: 16
unique: 32, opcode: CREATE (35), nodeid: 2, insize: 59, pid: 1830
isdir: 2 is a directory
isfile: 7 is a file
getfile 0000000000000007
getfile 0000000000000007 -> sz 0
   getattr -> 0
   unique: 32, success, outsize: 160
OK: create returns.
unique: 33, opcode: WRITE (16), nodeid: 7, insize: 83, pid: 1830
   unique: 33, success, outsize: 24
unique: 34, opcode: RELEASE (18), nodeid: 7, insize: 64, pid: 0
   unique: 34, success, outsize: 16
unique: 35, opcode: LOOKUP (1), nodeid: 1, insize: 46, pid: 1830
isdir: 1 is a directory
isfile: 2 is not a file
isdir: 2 is a directory
getdir 0000000000000002
   unique: 35, success, outsize: 144
unique: 36, opcode: LOOKUP (1), nodeid: 2, insize: 43, pid: 1830
isdir: 2 is a directory
isfile: 7 is a file
getfile 0000000000000007
getfile 0000000000000007 -> sz 3
   getattr -> 3
   unique: 36, success, outsize: 144
unique: 37, opcode: UNLINK (10), nodeid: 2, insize: 43, pid: 1830
isdir: 2 is a directory
   unique: 37, success, outsize: 16
unique: 38, opcode: FORGET (2), nodeid: 7, insize: 48, pid: 0
unique: 39, opcode: LOOKUP (1), nodeid: 1, insize: 46, pid: 1830
isdir: 1 is a directory
isfile: 2 is not a file
isdir: 2 is a directory
getdir 0000000000000002
   unique: 39, success, outsize: 144
unique: 40, opcode: LOOKUP (1), nodeid: 2, insize: 43, pid: 1830
isdir: 2 is a directory
   unique: 40, error: -2 (No such file or directory), outsize: 16
unique: 41, opcode: CREATE (35), nodeid: 2, insize: 59, pid: 1830
isdir: 2 is a directory
isfile: 8 is a file
getfile 0000000000000008
getfile 0000000000000008 -> sz 0
   getattr -> 0
   unique: 41, success, outsize: 160
OK: create returns.
unique: 42, opcode: WRITE (16), nodeid: 8, insize: 83, pid: 1830
   unique: 42, success, outsize: 24
unique: 43, opcode: RELEASE (18), nodeid: 8, insize: 64, pid: 0
   unique: 43, success, outsize: 16
unique: 44, opcode: LOOKUP (1), nodeid: 1, insize: 46, pid: 1830
isdir: 1 is a directory
isfile: 2 is not a file
isdir: 2 is a directory
getdir 0000000000000002
   unique: 44, success, outsize: 144
unique: 45, opcode: LOOKUP (1), nodeid: 2, insize: 43, pid: 1830
isdir: 2 is a directory
isfile: 8 is a file
getfile 0000000000000008
getfile 0000000000000008 -> sz 3
   getattr -> 3
   unique: 45, success, outsize: 144
unique: 46, opcode: OPEN (14), nodeid: 8, insize: 48, pid: 1830
   unique: 46, success, outsize: 32
unique: 47, opcode: GETATTR (3), nodeid: 8, insize: 56, pid: 1830
isfile: 8 is a file
getfile 0000000000000008
getfile 0000000000000008 -> sz 3
   getattr -> 3
   unique: 47, success, outsize: 120
unique: 48, opcode: READ (15), nodeid: 8, insize: 80, pid: 1830
   unique: 48, success, outsize: 19
unique: 49, opcode: RELEASE (18), nodeid: 8, insize: 64, pid: 0
   unique: 49, success, outsize: 16
unique: 50, opcode: LOOKUP (1), nodeid: 1, insize: 46, pid: 1830
isdir: 1 is a directory
isfile: 2 is not a file
isdir: 2 is a directory
getdir 0000000000000002
   unique: 50, success, outsize: 144
unique: 51, opcode: LOOKUP (1), nodeid: 2, insize: 43, pid: 1830
isdir: 2 is a directory
isfile: 8 is a file
getfile 0000000000000008
getfile 0000000000000008 -> sz 3
   getattr -> 3
   unique: 51, success, outsize: 144
unique: 52, opcode: UNLINK (10), nodeid: 2, insize: 43, pid: 1830
isdir: 2 is a directory
   unique: 52, success, outsize: 16
unique: 53, opcode: FORGET (2), nodeid: 8, insize: 48, pid: 0
commit a new version
unique: 54, opcode: LOOKUP (1), nodeid: 1, insize: 46, pid: 1830
isdir: 1 is a directory
isfile: 2 is not a file
isdir: 2 is a directory
getdir 0000000000000002
   unique: 54, success, outsize: 144
unique: 55, opcode: LOOKUP (1), nodeid: 2, insize: 43, pid: 1830
isdir: 2 is a directory
   unique: 55, error: -2 (No such file or directory), outsize: 16
unique: 56, opcode: LOOKUP (1), nodeid: 1, insize: 46, pid: 1830
isdir: 1 is a directory
isfile: 2 is not a file
isdir: 2 is a directory
getdir 0000000000000002
   unique: 56, success, outsize: 144
unique: 57, opcode: LOOKUP (1), nodeid: 2, insize: 43, pid: 1830
isdir: 2 is a directory
   unique: 57, error: -2 (No such file or directory), outsize: 16
unique: 58, opcode: LOOKUP (1), nodeid: 1, insize: 46, pid: 1830
isdir: 1 is a directory
isfile: 2 is not a file
isdir: 2 is a directory
getdir 0000000000000002
   unique: 58, success, outsize: 144
unique: 59, opcode: LOOKUP (1), nodeid: 2, insize: 43, pid: 1830
isdir: 2 is a directory
   unique: 59, error: -2 (No such file or directory), outsize: 16
unique: 60, opcode: LOOKUP (1), nodeid: 1, insize: 46, pid: 1830
isdir: 1 is a directory
isfile: 2 is not a file
isdir: 2 is a directory
getdir 0000000000000002
   unique: 60, success, outsize: 144
unique: 61, opcode: LOOKUP (1), nodeid: 2, insize: 43, pid: 1830
isdir: 2 is a directory
   unique: 61, error: -2 (No such file or directory), outsize: 16
unique: 62, opcode: CREATE (35), nodeid: 2, insize: 59, pid: 1830
isdir: 2 is a directory
isfile: 10 is a file
getfile 000000000000000a
getfile 000000000000000a -> sz 0
   getattr -> 0
   unique: 62, success, outsize: 160
OK: create returns.
unique: 63, opcode: WRITE (16), nodeid: 10, insize: 83, pid: 1830
   unique: 63, success, outsize: 24
unique: 64, opcode: RELEASE (18), nodeid: 10, insize: 64, pid: 0
   unique: 64, success, outsize: 16
unique: 65, opcode: LOOKUP (1), nodeid: 1, insize: 46, pid: 1830
isdir: 1 is a directory
isfile: 2 is not a file
isdir: 2 is a directory
getdir 0000000000000002
   unique: 65, success, outsize: 144
unique: 66, opcode: LOOKUP (1), nodeid: 2, insize: 43, pid: 1830
isdir: 2 is a directory
isfile: 10 is a file
getfile 000000000000000a
getfile 000000000000000a -> sz 3
   getattr -> 3
   unique: 66, success, outsize: 144
unique: 67, opcode: OPEN (14), nodeid: 10, insize: 48, pid: 1830
   unique: 67, success, outsize: 32
unique: 68, opcode: WRITE (16), nodeid: 10, insize: 83, pid: 1830
   unique: 68, success, outsize: 24
unique: 69, opcode: RELEASE (18), nodeid: 10, insize: 64, pid: 0
   unique: 69, success, outsize: 16
unique: 70, opcode: LOOKUP (1), nodeid: 1, insize: 46, pid: 1830
isdir: 1 is a directory
isfile: 2 is not a file
isdir: 2 is a directory
getdir 0000000000000002
   unique: 70, success, outsize: 144
unique: 71, opcode: LOOKUP (1), nodeid: 2, insize: 43, pid: 1830
isdir: 2 is a directory
isfile: 10 is a file
getfile 000000000000000a
getfile 000000000000000a -> sz 6
   getattr -> 6
   unique: 71, success, outsize: 144
unique: 72, opcode: OPEN (14), nodeid: 10, insize: 48, pid: 1830
   unique: 72, success, outsize: 32
unique: 73, opcode: WRITE (16), nodeid: 10, insize: 83, pid: 1830
   unique: 73, success, outsize: 24
unique: 74, opcode: RELEASE (18), nodeid: 10, insize: 64, pid: 0
   unique: 74, success, outsize: 16
commit a new version
unique: 75, opcode: LOOKUP (1), nodeid: 1, insize: 46, pid: 1830
isdir: 1 is a directory
isfile: 2 is not a file
isdir: 2 is a directory
getdir 0000000000000002
   unique: 75, success, outsize: 144
unique: 76, opcode: LOOKUP (1), nodeid: 2, insize: 43, pid: 1830
isdir: 2 is a directory
isfile: 10 is a file
getfile 000000000000000a
getfile 000000000000000a -> sz 9
   getattr -> 9
   unique: 76, success, outsize: 144
unique: 77, opcode: OPEN (14), nodeid: 10, insize: 48, pid: 1830
   unique: 77, success, outsize: 32
unique: 78, opcode: GETATTR (3), nodeid: 10, insize: 56, pid: 1830
isfile: 10 is a file
getfile 000000000000000a
getfile 000000000000000a -> sz 9
   getattr -> 9
   unique: 78, success, outsize: 120
unique: 79, opcode: READ (15), nodeid: 10, insize: 80, pid: 1830
   unique: 79, success, outsize: 25
unique: 80, opcode: RELEASE (18), nodeid: 10, insize: 64, pid: 0
   unique: 80, success, outsize: 16
unique: 81, opcode: LOOKUP (1), nodeid: 1, insize: 46, pid: 1830
isdir: 1 is a directory
isfile: 2 is not a file
isdir: 2 is a directory
getdir 0000000000000002
   unique: 81, success, outsize: 144
unique: 82, opcode: OPENDIR (27), nodeid: 2, insize: 48, pid: 1830
   unique: 82, success, outsize: 32
unique: 83, opcode: GETATTR (3), nodeid: 2, insize: 56, pid: 1830
isfile: 2 is not a file
isdir: 2 is a directory
getdir 0000000000000002
   unique: 83, success, outsize: 120
unique: 84, opcode: READDIR (28), nodeid: 2, insize: 80, pid: 1830
fuseserver_readdir
isdir: 2 is a directory
readdir2
isdir: 2 is a directory
   unique: 84, success, outsize: 48
unique: 85, opcode: READDIR (28), nodeid: 2, insize: 80, pid: 1830
fuseserver_readdir
isdir: 2 is a directory
readdir2
isdir: 2 is a directory
   unique: 85, success, outsize: 16
unique: 86, opcode: RELEASEDIR (29), nodeid: 2, insize: 64, pid: 0
   unique: 86, success, outsize: 16
unique: 87, opcode: LOOKUP (1), nodeid: 1, insize: 46, pid: 1830
isdir: 1 is a directory
isfile: 2 is not a file
isdir: 2 is a directory
getdir 0000000000000002
   unique: 87, success, outsize: 144
unique: 88, opcode: LOOKUP (1), nodeid: 2, insize: 43, pid: 1830
isdir: 2 is a directory
isfile: 10 is a file
getfile 000000000000000a
getfile 000000000000000a -> sz 9
   getattr -> 9
   unique: 88, success, outsize: 144
unique: 89, opcode: UNLINK (10), nodeid: 2, insize: 43, pid: 1830
isdir: 2 is a directory
   unique: 89, success, outsize: 16
unique: 90, opcode: FORGET (2), nodeid: 10, insize: 48, pid: 0
commit a new version
unique: 91, opcode: LOOKUP (1), nodeid: 1, insize: 46, pid: 1830
isdir: 1 is a directory
isfile: 2 is not a file
isdir: 2 is a directory
getdir 0000000000000002
   unique: 91, success, outsize: 144
unique: 92, opcode: OPENDIR (27), nodeid: 2, insize: 48, pid: 1830
   unique: 92, success, outsize: 32
unique: 93, opcode: GETATTR (3), nodeid: 2, insize: 56, pid: 1830
isfile: 2 is not a file
isdir: 2 is a directory
getdir 0000000000000002
   unique: 93, success, outsize: 120
unique: 94, opcode: READDIR (28), nodeid: 2, insize: 80, pid: 1830
fuseserver_readdir
isdir: 2 is a directory
readdir2
isdir: 2 is a directory
   unique: 94, success, outsize: 16
unique: 95, opcode: RELEASEDIR (29), nodeid: 2, insize: 64, pid: 0
   unique: 95, success, outsize: 16
unique: 96, opcode: LOOKUP (1), nodeid: 1, insize: 46, pid: 1830
isdir: 1 is a directory
isfile: 2 is not a file
isdir: 2 is a directory
getdir 0000000000000002
   unique: 96, success, outsize: 144
unique: 97, opcode: LOOKUP (1), nodeid: 2, insize: 45, pid: 1830
isdir: 2 is a directory
   unique: 97, error: -2 (No such file or directory), outsize: 16
unique: 98, opcode: CREATE (35), nodeid: 2, insize: 61, pid: 1830
isdir: 2 is a directory
isfile: 14 is a file
getfile 000000000000000e
getfile 000000000000000e -> sz 0
   getattr -> 0
   unique: 98, success, outsize: 160
OK: create returns.
unique: 99, opcode: WRITE (16), nodeid: 14, insize: 84, pid: 1830
   unique: 99, success, outsize: 24
unique: 100, opcode: RELEASE (18), nodeid: 14, insize: 64, pid: 0
   unique: 100, success, outsize: 16
unique: 101, opcode: LOOKUP (1), nodeid: 1, insize: 46, pid: 1830
isdir: 1 is a directory
isfile: 2 is not a file
isdir: 2 is a directory
getdir 0000000000000002
   unique: 101, success, outsize: 144
unique: 102, opcode: LOOKUP (1), nodeid: 2, insize: 45, pid: 1830
isdir: 2 is a directory
   unique: 102, error: -2 (No such file or directory), outsize: 16
unique: 103, opcode: CREATE (35), nodeid: 2, insize: 61, pid: 1830
isdir: 2 is a directory
isfile: 15 is a file
getfile 000000000000000f
getfile 000000000000000f -> sz 0
   getattr -> 0
   unique: 103, success, outsize: 160
OK: create returns.
unique: 104, opcode: WRITE (16), nodeid: 15, insize: 84, pid: 1830
   unique: 104, success, outsize: 24
unique: 105, opcode: RELEASE (18), nodeid: 15, insize: 64, pid: 0
   unique: 105, success, outsize: 16
unique: 106, opcode: LOOKUP (1), nodeid: 1, insize: 46, pid: 1830
isdir: 1 is a directory
isfile: 2 is not a file
isdir: 2 is a directory
getdir 0000000000000002
   unique: 106, success, outsize: 144
unique: 107, opcode: LOOKUP (1), nodeid: 2, insize: 45, pid: 1830
isdir: 2 is a directory
   unique: 107, error: -2 (No such file or directory), outsize: 16
unique: 108, opcode: CREATE (35), nodeid: 2, insize: 61, pid: 1830
isdir: 2 is a directory
isfile: 16 is a file
getfile 0000000000000010
getfile 0000000000000010 -> sz 0
   getattr -> 0
   unique: 108, success, outsize: 160
OK: create returns.
unique: 109, opcode: WRITE (16), nodeid: 16, insize: 84, pid: 1830
   unique: 109, success, outsize: 24
unique: 110, opcode: RELEASE (18), nodeid: 16, insize: 64, pid: 0
   unique: 110, success, outsize: 16
unique: 111, opcode: LOOKUP (1), nodeid: 1, insize: 46, pid: 1830
isdir: 1 is a directory
isfile: 2 is not a file
isdir: 2 is a directory
getdir 0000000000000002
   unique: 111, success, outsize: 144
unique: 112, opcode: LOOKUP (1), nodeid: 2, insize: 45, pid: 1830
isdir: 2 is a directory
   unique: 112, error: -2 (No such file or directory), outsize: 16
unique: 113, opcode: CREATE (35), nodeid: 2, insize: 61, pid: 1830
isdir: 2 is a directory
isfile: 17 is a file
getfile 0000000000000011
getfile 0000000000000011 -> sz 0
   getattr -> 0
   unique: 113, success, outsize: 160
OK: create returns.
unique: 114, opcode: WRITE (16), nodeid: 17, insize: 84, pid: 1830
   unique: 114, success, outsize: 24
unique: 115, opcode: RELEASE (18), nodeid: 17, insize: 64, pid: 0
   unique: 115, success, outsize: 16
unique: 116, opcode: LOOKUP (1), nodeid: 1, insize: 46, pid: 1830
isdir: 1 is a directory
isfile: 2 is not a file
isdir: 2 is a directory
getdir 0000000000000002
   unique: 116, success, outsize: 144
unique: 117, opcode: LOOKUP (1), nodeid: 2, insize: 45, pid: 1830
isdir: 2 is a directory
   unique: 117, error: -2 (No such file or directory), outsize: 16
unique: 118, opcode: CREATE (35), nodeid: 2, insize: 61, pid: 1830
isdir: 2 is a directory
isfile: 18 is a file
getfile 0000000000000012
getfile 0000000000000012 -> sz 0
   getattr -> 0
   unique: 118, success, outsize: 160
OK: create returns.
unique: 119, opcode: WRITE (16), nodeid: 18, insize: 84, pid: 1830
   unique: 119, success, outsize: 24
unique: 120, opcode: RELEASE (18), nodeid: 18, insize: 64, pid: 0
   unique: 120, success, outsize: 16
unique: 121, opcode: LOOKUP (1), nodeid: 1, insize: 46, pid: 1830
isdir: 1 is a directory
isfile: 2 is not a file
isdir: 2 is a directory
getdir 0000000000000002
   unique: 121, success, outsize: 144
unique: 122, opcode: LOOKUP (1), nodeid: 2, insize: 45, pid: 1830
isdir: 2 is a directory
   unique: 122, error: -2 (No such file or directory), outsize: 16
unique: 123, opcode: CREATE (35), nodeid: 2, insize: 61, pid: 1830
isdir: 2 is a directory
isfile: 19 is a file
getfile 0000000000000013
getfile 0000000000000013 -> sz 0
   getattr -> 0
   unique: 123, success, outsize: 160
OK: create returns.
unique: 124, opcode: WRITE (16), nodeid: 19, insize: 84, pid: 1830
   unique: 124, success, outsize: 24
unique: 125, opcode: RELEASE (18), nodeid: 19, insize: 64, pid: 0
   unique: 125, success, outsize: 16
unique: 126, opcode: LOOKUP (1), nodeid: 1, insize: 46, pid: 1830
isdir: 1 is a directory
isfile: 2 is not a file
isdir: 2 is a directory
getdir 0000000000000002
   unique: 126, success, outsize: 144
unique: 127, opcode: LOOKUP (1), nodeid: 2, insize: 45, pid: 1830
isdir: 2 is a directory
   unique: 127, error: -2 (No such file or directory), outsize: 16
unique: 128, opcode: CREATE (35), nodeid: 2, insize: 61, pid: 1830
isdir: 2 is a directory
isfile: 20 is a file
getfile 0000000000000014
getfile 0000000000000014 -> sz 0
   getattr -> 0
   unique: 128, success, outsize: 160
OK: create returns.
unique: 129, opcode: WRITE (16), nodeid: 20, insize: 84, pid: 1830
   unique: 129, success, outsize: 24
unique: 130, opcode: RELEASE (18), nodeid: 20, insize: 64, pid: 0
   unique: 130, success, outsize: 16
unique: 131, opcode: LOOKUP (1), nodeid: 1, insize: 46, pid: 1830
isdir: 1 is a directory
isfile: 2 is not a file
isdir: 2 is a directory
getdir 0000000000000002
   unique: 131, success, outsize: 144
unique: 132, opcode: LOOKUP (1), nodeid: 2, insize: 45, pid: 1830
isdir: 2 is a directory
   unique: 132, error: -2 (No such file or directory), outsize: 16
unique: 133, opcode: CREATE (35), nodeid: 2, insize: 61, pid: 1830
isdir: 2 is a directory
isfile: 21 is a file
getfile 0000000000000015
getfile 0000000000000015 -> sz 0
   getattr -> 0
   unique: 133, success, outsize: 160
OK: create returns.
unique: 134, opcode: WRITE (16), nodeid: 21, insize: 84, pid: 1830
   unique: 134, success, outsize: 24
unique: 135, opcode: RELEASE (18), nodeid: 21, insize: 64, pid: 0
   unique: 135, success, outsize: 16
unique: 136, opcode: LOOKUP (1), nodeid: 1, insize: 46, pid: 1830
isdir: 1 is a directory
isfile: 2 is not a file
isdir: 2 is a directory
getdir 0000000000000002
   unique: 136, success, outsize: 144
unique: 137, opcode: LOOKUP (1), nodeid: 2, insize: 45, pid: 1830
isdir: 2 is a directory
   unique: 137, error: -2 (No such file or directory), outsize: 16
unique: 138, opcode: CREATE (35), nodeid: 2, insize: 61, pid: 1830
isdir: 2 is a directory
isfile: 22 is a file
getfile 0000000000000016
getfile 0000000000000016 -> sz 0
   getattr -> 0
   unique: 138, success, outsize: 160
OK: create returns.
unique: 139, opcode: WRITE (16), nodeid: 22, insize: 84, pid: 1830
   unique: 139, success, outsize: 24
unique: 140, opcode: RELEASE (18), nodeid: 22, insize: 64, pid: 0
   unique: 140, success, outsize: 16
unique: 141, opcode: LOOKUP (1), nodeid: 1, insize: 46, pid: 1830
isdir: 1 is a directory
isfile: 2 is not a file
isdir: 2 is a directory
getdir 0000000000000002
   unique: 141, success, outsize: 144
unique: 142, opcode: LOOKUP (1), nodeid: 2, insize: 45, pid: 1830
isdir: 2 is a directory
   unique: 142, error: -2 (No such file or directory), outsize: 16
unique: 143, opcode: CREATE (35), nodeid: 2, insize: 61, pid: 1830
isdir: 2 is a directory
isfile: 23 is a file
getfile 0000000000000017
getfile 0000000000000017 -> sz 0
   getattr -> 0
   unique: 143, success, outsize: 160
OK: create returns.
unique: 144, opcode: WRITE (16), nodeid: 23, insize: 84, pid: 1830
   unique: 144, success, outsize: 24
unique: 145, opcode: RELEASE (18), nodeid: 23, insize: 64, pid: 0
   unique: 145, success, outsize: 16
unique: 146, opcode: LOOKUP (1), nodeid: 1, insize: 46, pid: 1830
isdir: 1 is a directory
isfile: 2 is not a file
isdir: 2 is a directory
getdir 0000000000000002
   unique: 146, success, outsize: 144
unique: 147, opcode: LOOKUP (1), nodeid: 2, insize: 45, pid: 1830
isdir: 2 is a directory
   unique: 147, error: -2 (No such file or directory), outsize: 16
unique: 148, opcode: CREATE (35), nodeid: 2, insize: 61, pid: 1830
isdir: 2 is a directory
isfile: 24 is a file
getfile 0000000000000018
getfile 0000000000000018 -> sz 0
   getattr -> 0
   unique: 148, success, outsize: 160
OK: create returns.
unique: 149, opcode: WRITE (16), nodeid: 24, insize: 84, pid: 1830
   unique: 149, success, outsize: 24
unique: 150, opcode: RELEASE (18), nodeid: 24, insize: 64, pid: 0
   unique: 150, success, outsize: 16
unique: 151, opcode: LOOKUP (1), nodeid: 1, insize: 46, pid: 1830
isdir: 1 is a directory
isfile: 2 is not a file
isdir: 2 is a directory
getdir 0000000000000002
   unique: 151, success, outsize: 144
unique: 152, opcode: LOOKUP (1), nodeid: 2, insize: 45, pid: 1830
isdir: 2 is a directory
   unique: 152, error: -2 (No such file or directory), outsize: 16
unique: 153, opcode: CREATE (35), nodeid: 2, insize: 61, pid: 1830
isdir: 2 is a directory
isfile: 25 is a file
getfile 0000000000000019
getfile 0000000000000019 -> sz 0
   getattr -> 0
   unique: 153, success, outsize: 160
OK: create returns.
unique: 154, opcode: WRITE (16), nodeid: 25, insize: 84, pid: 1830
   unique: 154, success, outsize: 24
unique: 155, opcode: RELEASE (18), nodeid: 25, insize: 64, pid: 0
   unique: 155, success, outsize: 16
unique: 156, opcode: LOOKUP (1), nodeid: 1, insize: 46, pid: 1830
isdir: 1 is a directory
isfile: 2 is not a file
isdir: 2 is a directory
getdir 0000000000000002
   unique: 156, success, outsize: 144
unique: 157, opcode: LOOKUP (1), nodeid: 2, insize: 45, pid: 1830
isdir: 2 is a directory
   unique: 157, error: -2 (No such file or directory), outsize: 16
unique: 158, opcode: CREATE (35), nodeid: 2, insize: 61, pid: 1830
isdir: 2 is a directory
isfile: 26 is a file
getfile 000000000000001a
getfile 000000000000001a -> sz 0
   getattr -> 0
   unique: 158, success, outsize: 160
OK: create returns.
unique: 159, opcode: WRITE (16), nodeid: 26, insize: 84, pid: 1830
   unique: 159, success, outsize: 24
unique: 160, opcode: RELEASE (18), nodeid: 26, insize: 64, pid: 0
   unique: 160, success, outsize: 16
unique: 161, opcode: LOOKUP (1), nodeid: 1, insize: 46, pid: 1830
isdir: 1 is a directory
isfile: 2 is not a file
isdir: 2 is a directory
getdir 0000000000000002
   unique: 161, success, outsize: 144
unique: 162, opcode: LOOKUP (1), nodeid: 2, insize: 45, pid: 1830
isdir: 2 is a directory
   unique: 162, error: -2 (No such file or directory), outsize: 16
unique: 163, opcode: CREATE (35), nodeid: 2, insize: 61, pid: 1830
isdir: 2 is a directory
isfile: 27 is a file
getfile 000000000000001b
getfile 000000000000001b -> sz 0
   getattr -> 0
   unique: 163, success, outsize: 160
OK: create returns.
unique: 164, opcode: WRITE (16), nodeid: 27, insize: 84, pid: 1830
   unique: 164, success, outsize: 24
unique: 165, opcode: RELEASE (18), nodeid: 27, insize: 64, pid: 0
   unique: 165, success, outsize: 16
unique: 166, opcode: LOOKUP (1), nodeid: 1, insize: 46, pid: 1830
isdir: 1 is a directory
isfile: 2 is not a file
isdir: 2 is a directory
getdir 0000000000000002
   unique: 166, success, outsize: 144
unique: 167, opcode: LOOKUP (1), nodeid: 2, insize: 45, pid: 1830
isdir: 2 is a directory
   unique: 167, error: -2 (No such file or directory), outsize: 16
unique: 168, opcode: CREATE (35), nodeid: 2, insize: 61, pid: 1830
isdir: 2 is a directory
isfile: 28 is a file
getfile 000000000000001c
getfile 000000000000001c -> sz 0
   getattr -> 0
   unique: 168, success, outsize: 160
OK: create returns.
unique: 169, opcode: WRITE (16), nodeid: 28, insize: 84, pid: 1830
   unique: 169, success, outsize: 24
unique: 170, opcode: RELEASE (18), nodeid: 28, insize: 64, pid: 0
   unique: 170, success, outsize: 16
unique: 171, opcode: LOOKUP (1), nodeid: 1, insize: 46, pid: 1830
isdir: 1 is a directory
isfile: 2 is not a file
isdir: 2 is a directory
getdir 0000000000000002
   unique: 171, success, outsize: 144
unique: 172, opcode: LOOKUP (1), nodeid: 2, insize: 45, pid: 1830
isdir: 2 is a directory
   unique: 172, error: -2 (No such file or directory), outsize: 16
unique: 173, opcode: CREATE (35), nodeid: 2, insize: 61, pid: 1830
isdir: 2 is a directory
isfile: 29 is a file
getfile 000000000000001d
getfile 000000000000001d -> sz 0
   getattr -> 0
   unique: 173, success, outsize: 160
OK: create returns.
unique: 174, opcode: WRITE (16), nodeid: 29, insize: 84, pid: 1830
   unique: 174, success, outsize: 24
unique: 175, opcode: RELEASE (18), nodeid: 29, insize: 64, pid: 0
   unique: 175, success, outsize: 16
unique: 176, opcode: LOOKUP (1), nodeid: 1, insize: 46, pid: 1830
isdir: 1 is a directory
isfile: 2 is not a file
isdir: 2 is a directory
getdir 0000000000000002
   unique: 176, success, outsize: 144
unique: 177, opcode: LOOKUP (1), nodeid: 2, insize: 45, pid: 1830
isdir: 2 is a directory
   unique: 177, error: -2 (No such file or directory), outsize: 16
unique: 178, opcode: CREATE (35), nodeid: 2, insize: 61, pid: 1830
isdir: 2 is a directory
isfile: 30 is a file
getfile 000000000000001e
getfile 000000000000001e -> sz 0
   getattr -> 0
   unique: 178, success, outsize: 160
OK: create returns.
unique: 179, opcode: WRITE (16), nodeid: 30, insize: 84, pid: 1830
   unique: 179, success, outsize: 24
unique: 180, opcode: RELEASE (18), nodeid: 30, insize: 64, pid: 0
   unique: 180, success, outsize: 16
unique: 181, opcode: LOOKUP (1), nodeid: 1, insize: 46, pid: 1830
isdir: 1 is a directory
isfile: 2 is not a file
isdir: 2 is a directory
getdir 0000000000000002
   unique: 181, success, outsize: 144
unique: 182, opcode: LOOKUP (1), nodeid: 2, insize: 45, pid: 1830
isdir: 2 is a directory
   unique: 182, error: -2 (No such file or directory), outsize: 16
unique: 183, opcode: CREATE (35), nodeid: 2, insize: 61, pid: 1830
isdir: 2 is a directory
isfile: 31 is a file
getfile 000000000000001f
getfile 000000000000001f -> sz 0
   getattr -> 0
   unique: 183, success, outsize: 160
OK: create returns.
unique: 184, opcode: WRITE (16), nodeid: 31, insize: 84, pid: 1830
   unique: 184, success, outsize: 24
unique: 185, opcode: RELEASE (18), nodeid: 31, insize: 64, pid: 0
   unique: 185, success, outsize: 16
unique: 186, opcode: LOOKUP (1), nodeid: 1, insize: 46, pid: 1830
isdir: 1 is a directory
isfile: 2 is not a file
isdir: 2 is a directory
getdir 0000000000000002
   unique: 186, success, outsize: 144
unique: 187, opcode: LOOKUP (1), nodeid: 2, insize: 45, pid: 1830
isdir: 2 is a directory
   unique: 187, error: -2 (No such file or directory), outsize: 16
unique: 188, opcode: CREATE (35), nodeid: 2, insize: 61, pid: 1830
isdir: 2 is a directory
isfile: 32 is a file
getfile 0000000000000020
getfile 0000000000000020 -> sz 0
   getattr -> 0
   unique: 188, success, outsize: 160
OK: create returns.
unique: 189, opcode: WRITE (16), nodeid: 32, insize: 84, pid: 1830
   unique: 189, success, outsize: 24
unique: 190, opcode: RELEASE (18), nodeid: 32, insize: 64, pid: 0
   unique: 190, success, outsize: 16
unique: 191, opcode: LOOKUP (1), nodeid: 1, insize: 46, pid: 1830
isdir: 1 is a directory
isfile: 2 is not a file
isdir: 2 is a directory
getdir 0000000000000002
   unique: 191, success, outsize: 144
unique: 192, opcode: LOOKUP (1), nodeid: 2, insize: 45, pid: 1830
isdir: 2 is a directory
   unique: 192, error: -2 (No such file or directory), outsize: 16
unique: 193, opcode: CREATE (35), nodeid: 2, insize: 61, pid: 1830
isdir: 2 is a directory
isfile: 33 is a file
getfile 0000000000000021
getfile 0000000000000021 -> sz 0
   getattr -> 0
   unique: 193, success, outsize: 160
OK: create returns.
unique: 194, opcode: WRITE (16), nodeid: 33, insize: 84, pid: 1830
   unique: 194, success, outsize: 24
unique: 195, opcode: RELEASE (18), nodeid: 33, insize: 64, pid: 0
   unique: 195, success, outsize: 16
commit a new version
unique: 196, opcode: LOOKUP (1), nodeid: 1, insize: 46, pid: 1830
isdir: 1 is a directory
isfile: 2 is not a file
isdir: 2 is a directory
getdir 0000000000000002
   unique: 196, success, outsize: 144
unique: 197, opcode: OPENDIR (27), nodeid: 2, insize: 48, pid: 1830
   unique: 197, success, outsize: 32
unique: 198, opcode: GETATTR (3), nodeid: 2, insize: 56, pid: 1830
isfile: 2 is not a file
isdir: 2 is a directory
getdir 0000000000000002
   unique: 198, success, outsize: 120
unique: 199, opcode: READDIR (28), nodeid: 2, insize: 80, pid: 1830
fuseserver_readdir
isdir: 2 is a directory
readdir2
isdir: 2 is a directory
   unique: 199, success, outsize: 656
unique: 200, opcode: READDIR (28), nodeid: 2, insize: 80, pid: 1830
fuseserver_readdir
isdir: 2 is a directory
readdir2
isdir: 2 is a directory
   unique: 200, success, outsize: 16
unique: 201, opcode: RELEASEDIR (29), nodeid: 2, insize: 64, pid: 0
   unique: 201, success, outsize: 16
unique: 202, opcode: LOOKUP (1), nodeid: 1, insize: 46, pid: 1830
isdir: 1 is a directory
isfile: 2 is not a file
isdir: 2 is a directory
getdir 0000000000000002
   unique: 202, success, outsize: 144
unique: 203, opcode: LOOKUP (1), nodeid: 2, insize: 45, pid: 1830
isdir: 2 is a directory
isfile: 14 is a file
getfile 000000000000000e
getfile 000000000000000e -> sz 4
   getattr -> 4
   unique: 203, success, outsize: 144
unique: 204, opcode: OPEN (14), nodeid: 14, insize: 48, pid: 1830
   unique: 204, success, outsize: 32
unique: 205, opcode: READ (15), nodeid: 14, insize: 80, pid: 1830
   unique: 205, success, outsize: 20
unique: 206, opcode: RELEASE (18), nodeid: 14, insize: 64, pid: 0
   unique: 206, success, outsize: 16
unique: 207, opcode: LOOKUP (1), nodeid: 1, insize: 46, pid: 1830
isdir: 1 is a directory
isfile: 2 is not a file
isdir: 2 is a directory
getdir 0000000000000002
   unique: 207, success, outsize: 144
unique: 208, opcode: LOOKUP (1), nodeid: 2, insize: 45, pid: 1830
isdir: 2 is a directory
isfile: 15 is a file
getfile 000000000000000f
getfile 000000000000000f -> sz 4
   getattr -> 4
   unique: 208, success, outsize: 144
unique: 209, opcode: OPEN (14), nodeid: 15, insize: 48, pid: 1830
   unique: 209, success, outsize: 32
unique: 210, opcode: READ (15), nodeid: 15, insize: 80, pid: 1830
   unique: 210, success, outsize: 20
unique: 211, opcode: RELEASE (18), nodeid: 15, insize: 64, pid: 0
   unique: 211, success, outsize: 16
unique: 212, opcode: LOOKUP (1), nodeid: 1, insize: 46, pid: 1830
isdir: 1 is a directory
isfile: 2 is not a file
isdir: 2 is a directory
getdir 0000000000000002
   unique: 212, success, outsize: 144
unique: 213, opcode: LOOKUP (1), nodeid: 2, insize: 45, pid: 1830
isdir: 2 is a directory
isfile: 16 is a file
getfile 0000000000000010
getfile 0000000000000010 -> sz 4
   getattr -> 4
   unique: 213, success, outsize: 144
unique: 214, opcode: OPEN (14), nodeid: 16, insize: 48, pid: 1830
   unique: 214, success, outsize: 32
unique: 215, opcode: READ (15), nodeid: 16, insize: 80, pid: 1830
   unique: 215, success, outsize: 20
unique: 216, opcode: RELEASE (18), nodeid: 16, insize: 64, pid: 0
   unique: 216, success, outsize: 16
unique: 217, opcode: LOOKUP (1), nodeid: 1, insize: 46, pid: 1830
isdir: 1 is a directory
isfile: 2 is not a file
isdir: 2 is a directory
getdir 0000000000000002
   unique: 217, success, outsize: 144
unique: 218, opcode: LOOKUP (1), nodeid: 2, insize: 45, pid: 1830
isdir: 2 is a directory
isfile: 17 is a file
getfile 0000000000000011
getfile 0000000000000011 -> sz 4
   getattr -> 4
   unique: 218, success, outsize: 144
unique: 219, opcode: OPEN (14), nodeid: 17, insize: 48, pid: 1830
   unique: 219, success, outsize: 32
unique: 220, opcode: READ (15), nodeid: 17, insize: 80, pid: 1830
   unique: 220, success, outsize: 20
unique: 221, opcode: RELEASE (18), nodeid: 17, insize: 64, pid: 0
   unique: 221, success, outsize: 16
unique: 222, opcode: LOOKUP (1), nodeid: 1, insize: 46, pid: 1830
isdir: 1 is a directory
isfile: 2 is not a file
isdir: 2 is a directory
getdir 0000000000000002
   unique: 222, success, outsize: 144
unique: 223, opcode: LOOKUP (1), nodeid: 2, insize: 45, pid: 1830
isdir: 2 is a directory
isfile: 18 is a file
getfile 0000000000000012
getfile 0000000000000012 -> sz 4
   getattr -> 4
   unique: 223, success, outsize: 144
unique: 224, opcode: OPEN (14), nodeid: 18, insize: 48, pid: 1830
   unique: 224, success, outsize: 32
unique: 225, opcode: READ (15), nodeid: 18, insize: 80, pid: 1830
   unique: 225, success, outsize: 20
unique: 226, opcode: RELEASE (18), nodeid: 18, insize: 64, pid: 0
   unique: 226, success, outsize: 16
unique: 227, opcode: LOOKUP (1), nodeid: 1, insize: 46, pid: 1830
isdir: 1 is a directory
isfile: 2 is not a file
isdir: 2 is a directory
getdir 0000000000000002
   unique: 227, success, outsize: 144
unique: 228, opcode: LOOKUP (1), nodeid: 2, insize: 45, pid: 1830
isdir: 2 is a directory
isfile: 19 is a file
getfile 0000000000000013
getfile 0000000000000013 -> sz 4
   getattr -> 4
   unique: 228, success, outsize: 144
unique: 229, opcode: OPEN (14), nodeid: 19, insize: 48, pid: 1830
   unique: 229, success, outsize: 32
unique: 230, opcode: READ (15), nodeid: 19, insize: 80, pid: 1830
   unique: 230, success, outsize: 20
unique: 231, opcode: RELEASE (18), nodeid: 19, insize: 64, pid: 0
   unique: 231, success, outsize: 16
unique: 232, opcode: LOOKUP (1), nodeid: 1, insize: 46, pid: 1830
isdir: 1 is a directory
isfile: 2 is not a file
isdir: 2 is a directory
getdir 0000000000000002
   unique: 232, success, outsize: 144
unique: 233, opcode: LOOKUP (1), nodeid: 2, insize: 45, pid: 1830
isdir: 2 is a directory
isfile: 20 is a file
getfile 0000000000000014
getfile 0000000000000014 -> sz 4
   getattr -> 4
   unique: 233, success, outsize: 144
unique: 234, opcode: OPEN (14), nodeid: 20, insize: 48, pid: 1830
   unique: 234, success, outsize: 32
unique: 235, opcode: READ (15), nodeid: 20, insize: 80, pid: 1830
   unique: 235, success, outsize: 20
unique: 236, opcode: RELEASE (18), nodeid: 20, insize: 64, pid: 0
   unique: 236, success, outsize: 16
unique: 237, opcode: LOOKUP (1), nodeid: 1, insize: 46, pid: 1830
isdir: 1 is a directory
isfile: 2 is not a file
isdir: 2 is a directory
getdir 0000000000000002
   unique: 237, success, outsize: 144
unique: 238, opcode: LOOKUP (1), nodeid: 2, insize: 45, pid: 1830
isdir: 2 is a directory
isfile: 21 is a file
getfile 0000000000000015
getfile 0000000000000015 -> sz 4
   getattr -> 4
   unique: 238, success, outsize: 144
unique: 239, opcode: OPEN (14), nodeid: 21, insize: 48, pid: 1830
   unique: 239, success, outsize: 32
unique: 240, opcode: READ (15), nodeid: 21, insize: 80, pid: 1830
   unique: 240, success, outsize: 20
unique: 241, opcode: RELEASE (18), nodeid: 21, insize: 64, pid: 0
   unique: 241, success, outsize: 16
unique: 242, opcode: LOOKUP (1), nodeid: 1, insize: 46, pid: 1830
isdir: 1 is a directory
isfile: 2 is not a file
isdir: 2 is a directory
getdir 0000000000000002
   unique: 242, success, outsize: 144
unique: 243, opcode: LOOKUP (1), nodeid: 2, insize: 45, pid: 1830
isdir: 2 is a directory
isfile: 22 is a file
getfile 0000000000000016
getfile 0000000000000016 -> sz 4
   getattr -> 4
   unique: 243, success, outsize: 144
unique: 244, opcode: OPEN (14), nodeid: 22, insize: 48, pid: 1830
   unique: 244, success, outsize: 32
unique: 245, opcode: READ (15), nodeid: 22, insize: 80, pid: 1830
   unique: 245, success, outsize: 20
unique: 246, opcode: RELEASE (18), nodeid: 22, insize: 64, pid: 0
   unique: 246, success, outsize: 16
unique: 247, opcode: LOOKUP (1), nodeid: 1, insize: 46, pid: 1830
isdir: 1 is a directory
isfile: 2 is not a file
isdir: 2 is a directory
getdir 0000000000000002
   unique: 247, success, outsize: 144
unique: 248, opcode: LOOKUP (1), nodeid: 2, insize: 45, pid: 1830
isdir: 2 is a directory
isfile: 23 is a file
getfile 0000000000000017
getfile 0000000000000017 -> sz 4
   getattr -> 4
   unique: 248, success, outsize: 144
unique: 249, opcode: OPEN (14), nodeid: 23, insize: 48, pid: 1830
   unique: 249, success, outsize: 32
unique: 250, opcode: READ (15), nodeid: 23, insize: 80, pid: 1830
   unique: 250, success, outsize: 20
unique: 251, opcode: RELEASE (18), nodeid: 23, insize: 64, pid: 0
   unique: 251, success, outsize: 16
unique: 252, opcode: LOOKUP (1), nodeid: 1, insize: 46, pid: 1830
isdir: 1 is a directory
isfile: 2 is not a file
isdir: 2 is a directory
getdir 0000000000000002
   unique: 252, success, outsize: 144
unique: 253, opcode: LOOKUP (1), nodeid: 2, insize: 45, pid: 1830
isdir: 2 is a directory
isfile: 24 is a file
getfile 0000000000000018
getfile 0000000000000018 -> sz 4
   getattr -> 4
   unique: 253, success, outsize: 144
unique: 254, opcode: OPEN (14), nodeid: 24, insize: 48, pid: 1830
   unique: 254, success, outsize: 32
unique: 255, opcode: READ (15), nodeid: 24, insize: 80, pid: 1830
   unique: 255, success, outsize: 20
unique: 256, opcode: RELEASE (18), nodeid: 24, insize: 64, pid: 0
   unique: 256, success, outsize: 16
unique: 257, opcode: LOOKUP (1), nodeid: 1, insize: 46, pid: 1830
isdir: 1 is a directory
isfile: 2 is not a file
isdir: 2 is a directory
getdir 0000000000000002
   unique: 257, success, outsize: 144
unique: 258, opcode: LOOKUP (1), nodeid: 2, insize: 45, pid: 1830
isdir: 2 is a directory
isfile: 25 is a file
getfile 0000000000000019
getfile 0000000000000019 -> sz 4
   getattr -> 4
   unique: 258, success, outsize: 144
unique: 259, opcode: OPEN (14), nodeid: 25, insize: 48, pid: 1830
   unique: 259, success, outsize: 32
unique: 260, opcode: READ (15), nodeid: 25, insize: 80, pid: 1830
   unique: 260, success, outsize: 20
unique: 261, opcode: RELEASE (18), nodeid: 25, insize: 64, pid: 0
   unique: 261, success, outsize: 16
unique: 262, opcode: LOOKUP (1), nodeid: 1, insize: 46, pid: 1830
isdir: 1 is a directory
isfile: 2 is not a file
isdir: 2 is a directory
getdir 0000000000000002
   unique: 262, success, outsize: 144
unique: 263, opcode: LOOKUP (1), nodeid: 2, insize: 45, pid: 1830
isdir: 2 is a directory
isfile: 26 is a file
getfile 000000000000001a
getfile 000000000000001a -> sz 4
   getattr -> 4
   unique: 263, success, outsize: 144
unique: 264, opcode: OPEN (14), nodeid: 26, insize: 48, pid: 1830
   unique: 264, success, outsize: 32
unique: 265, opcode: READ (15), nodeid: 26, insize: 80, pid: 1830
   unique: 265, success, outsize: 20
unique: 266, opcode: RELEASE (18), nodeid: 26, insize: 64, pid: 0
   unique: 266, success, outsize: 16
unique: 267, opcode: LOOKUP (1), nodeid: 1, insize: 46, pid: 1830
isdir: 1 is a directory
isfile: 2 is not a file
isdir: 2 is a directory
getdir 0000000000000002
   unique: 267, success, outsize: 144
unique: 268, opcode: LOOKUP (1), nodeid: 2, insize: 45, pid: 1830
isdir: 2 is a directory
isfile: 27 is a file
getfile 000000000000001b
getfile 000000000000001b -> sz 4
   getattr -> 4
   unique: 268, success, outsize: 144
unique: 269, opcode: OPEN (14), nodeid: 27, insize: 48, pid: 1830
   unique: 269, success, outsize: 32
unique: 270, opcode: READ (15), nodeid: 27, insize: 80, pid: 1830
   unique: 270, success, outsize: 20
unique: 271, opcode: RELEASE (18), nodeid: 27, insize: 64, pid: 0
   unique: 271, success, outsize: 16
unique: 272, opcode: LOOKUP (1), nodeid: 1, insize: 46, pid: 1830
isdir: 1 is a directory
isfile: 2 is not a file
isdir: 2 is a directory
getdir 0000000000000002
   unique: 272, success, outsize: 144
unique: 273, opcode: LOOKUP (1), nodeid: 2, insize: 45, pid: 1830
isdir: 2 is a directory
isfile: 28 is a file
getfile 000000000000001c
getfile 000000000000001c -> sz 4
   getattr -> 4
   unique: 273, success, outsize: 144
unique: 274, opcode: OPEN (14), nodeid: 28, insize: 48, pid: 1830
   unique: 274, success, outsize: 32
unique: 275, opcode: READ (15), nodeid: 28, insize: 80, pid: 1830
   unique: 275, success, outsize: 20
unique: 276, opcode: RELEASE (18), nodeid: 28, insize: 64, pid: 0
   unique: 276, success, outsize: 16
unique: 277, opcode: LOOKUP (1), nodeid: 1, insize: 46, pid: 1830
isdir: 1 is a directory
isfile: 2 is not a file
isdir: 2 is a directory
getdir 0000000000000002
   unique: 277, success, outsize: 144
unique: 278, opcode: LOOKUP (1), nodeid: 2, insize: 45, pid: 1830
isdir: 2 is a directory
isfile: 29 is a file
getfile 000000000000001d
getfile 000000000000001d -> sz 4
   getattr -> 4
   unique: 278, success, outsize: 144
unique: 279, opcode: OPEN (14), nodeid: 29, insize: 48, pid: 1830
   unique: 279, success, outsize: 32
unique: 280, opcode: READ (15), nodeid: 29, insize: 80, pid: 1830
   unique: 280, success, outsize: 20
unique: 281, opcode: RELEASE (18), nodeid: 29, insize: 64, pid: 0
   unique: 281, success, outsize: 16
unique: 282, opcode: LOOKUP (1), nodeid: 1, insize: 46, pid: 1830
isdir: 1 is a directory
isfile: 2 is not a file
isdir: 2 is a directory
getdir 0000000000000002
   unique: 282, success, outsize: 144
unique: 283, opcode: LOOKUP (1), nodeid: 2, insize: 45, pid: 1830
isdir: 2 is a directory
isfile: 30 is a file
getfile 000000000000001e
getfile 000000000000001e -> sz 4
   getattr -> 4
   unique: 283, success, outsize: 144
unique: 284, opcode: OPEN (14), nodeid: 30, insize: 48, pid: 1830
   unique: 284, success, outsize: 32
unique: 285, opcode: READ (15), nodeid: 30, insize: 80, pid: 1830
   unique: 285, success, outsize: 20
unique: 286, opcode: RELEASE (18), nodeid: 30, insize: 64, pid: 0
   unique: 286, success, outsize: 16
unique: 287, opcode: LOOKUP (1), nodeid: 1, insize: 46, pid: 1830
isdir: 1 is a directory
isfile: 2 is not a file
isdir: 2 is a directory
getdir 0000000000000002
   unique: 287, success, outsize: 144
unique: 288, opcode: LOOKUP (1), nodeid: 2, insize: 45, pid: 1830
isdir: 2 is a directory
isfile: 31 is a file
getfile 000000000000001f
getfile 000000000000001f -> sz 4
   getattr -> 4
   unique: 288, success, outsize: 144
unique: 289, opcode: OPEN (14), nodeid: 31, insize: 48, pid: 1830
   unique: 289, success, outsize: 32
unique: 290, opcode: READ (15), nodeid: 31, insize: 80, pid: 1830
   unique: 290, success, outsize: 20
unique: 291, opcode: RELEASE (18), nodeid: 31, insize: 64, pid: 0
   unique: 291, success, outsize: 16
unique: 292, opcode: LOOKUP (1), nodeid: 1, insize: 46, pid: 1830
isdir: 1 is a directory
isfile: 2 is not a file
isdir: 2 is a directory
getdir 0000000000000002
   unique: 292, success, outsize: 144
unique: 293, opcode: LOOKUP (1), nodeid: 2, insize: 45, pid: 1830
isdir: 2 is a directory
isfile: 32 is a file
getfile 0000000000000020
getfile 0000000000000020 -> sz 4
   getattr -> 4
   unique: 293, success, outsize: 144
unique: 294, opcode: OPEN (14), nodeid: 32, insize: 48, pid: 1830
   unique: 294, success, outsize: 32
unique: 295, opcode: READ (15), nodeid: 32, insize: 80, pid: 1830
   unique: 295, success, outsize: 20
unique: 296, opcode: RELEASE (18), nodeid: 32, insize: 64, pid: 0
   unique: 296, success, outsize: 16
unique: 297, opcode: LOOKUP (1), nodeid: 1, insize: 46, pid: 1830
isdir: 1 is a directory
isfile: 2 is not a file
isdir: 2 is a directory
getdir 0000000000000002
   unique: 297, success, outsize: 144
unique: 298, opcode: LOOKUP (1), nodeid: 2, insize: 45, pid: 1830
isdir: 2 is a directory
isfile: 33 is a file
getfile 0000000000000021
getfile 0000000000000021 -> sz 4
   getattr -> 4
   unique: 298, success, outsize: 144
unique: 299, opcode: OPEN (14), nodeid: 33, insize: 48, pid: 1830
   unique: 299, success, outsize: 32
unique: 300, opcode: READ (15), nodeid: 33, insize: 80, pid: 1830
   unique: 300, success, outsize: 20
unique: 301, opcode: RELEASE (18), nodeid: 33, insize: 64, pid: 0
   unique: 301, success, outsize: 16
unique: 302, opcode: LOOKUP (1), nodeid: 1, insize: 46, pid: 1830
isdir: 1 is a directory
isfile: 2 is not a file
isdir: 2 is a directory
getdir 0000000000000002
   unique: 302, success, outsize: 144
unique: 303, opcode: LOOKUP (1), nodeid: 2, insize: 45, pid: 1830
isdir: 2 is a directory
isfile: 14 is a file
getfile 000000000000000e
getfile 000000000000000e -> sz 4
   getattr -> 4
   unique: 303, success, outsize: 144
unique: 304, opcode: UNLINK (10), nodeid: 2, insize: 45, pid: 1830
isdir: 2 is a directory
   unique: 304, success, outsize: 16
unique: 305, opcode: FORGET (2), nodeid: 14, insize: 48, pid: 0
unique: 306, opcode: LOOKUP (1), nodeid: 1, insize: 46, pid: 1830
isdir: 1 is a directory
isfile: 2 is not a file
isdir: 2 is a directory
getdir 0000000000000002
   unique: 306, success, outsize: 144
unique: 307, opcode: LOOKUP (1), nodeid: 2, insize: 45, pid: 1830
isdir: 2 is a directory
isfile: 15 is a file
getfile 000000000000000f
getfile 000000000000000f -> sz 4
   getattr -> 4
   unique: 307, success, outsize: 144
unique: 308, opcode: UNLINK (10), nodeid: 2, insize: 45, pid: 1830
isdir: 2 is a directory
   unique: 308, success, outsize: 16
unique: 309, opcode: FORGET (2), nodeid: 15, insize: 48, pid: 0
unique: 310, opcode: LOOKUP (1), nodeid: 1, insize: 46, pid: 1830
isdir: 1 is a directory
isfile: 2 is not a file
isdir: 2 is a directory
getdir 0000000000000002
   unique: 310, success, outsize: 144
unique: 311, opcode: LOOKUP (1), nodeid: 2, insize: 45, pid: 1830
isdir: 2 is a directory
isfile: 16 is a file
getfile 0000000000000010
getfile 0000000000000010 -> sz 4
   getattr -> 4
   unique: 311, success, outsize: 144
unique: 312, opcode: UNLINK (10), nodeid: 2, insize: 45, pid: 1830
isdir: 2 is a directory
   unique: 312, success, outsize: 16
unique: 313, opcode: FORGET (2), nodeid: 16, insize: 48, pid: 0
unique: 314, opcode: LOOKUP (1), nodeid: 1, insize: 46, pid: 1830
isdir: 1 is a directory
isfile: 2 is not a file
isdir: 2 is a directory
getdir 0000000000000002
   unique: 314, success, outsize: 144
unique: 315, opcode: LOOKUP (1), nodeid: 2, insize: 45, pid: 1830
isdir: 2 is a directory
isfile: 17 is a file
getfile 0000000000000011
getfile 0000000000000011 -> sz 4
   getattr -> 4
   unique: 315, success, outsize: 144
unique: 316, opcode: UNLINK (10), nodeid: 2, insize: 45, pid: 1830
isdir: 2 is a directory
   unique: 316, success, outsize: 16
unique: 317, opcode: FORGET (2), nodeid: 17, insize: 48, pid: 0
unique: 318, opcode: LOOKUP (1), nodeid: 1, insize: 46, pid: 1830
isdir: 1 is a directory
isfile: 2 is not a file
isdir: 2 is a directory
getdir 0000000000000002
   unique: 318, success, outsize: 144
unique: 319, opcode: LOOKUP (1), nodeid: 2, insize: 45, pid: 1830
isdir: 2 is a directory
isfile: 18 is a file
getfile 0000000000000012
getfile 0000000000000012 -> sz 4
   getattr -> 4
   unique: 319, success, outsize: 144
unique: 320, opcode: UNLINK (10), nodeid: 2, insize: 45, pid: 1830
isdir: 2 is a directory
   unique: 320, success, outsize: 16
unique: 321, opcode: FORGET (2), nodeid: 18, insize: 48, pid: 0
unique: 322, opcode: LOOKUP (1), nodeid: 1, insize: 46, pid: 1830
isdir: 1 is a directory
isfile: 2 is not a file
isdir: 2 is a directory
getdir 0000000000000002
   unique: 322, success, outsize: 144
unique: 323, opcode: LOOKUP (1), nodeid: 2, insize: 45, pid: 1830
isdir: 2 is a directory
isfile: 19 is a file
getfile 0000000000000013
getfile 0000000000000013 -> sz 4
   getattr -> 4
   unique: 323, success, outsize: 144
unique: 324, opcode: UNLINK (10), nodeid: 2, insize: 45, pid: 1830
isdir: 2 is a directory
   unique: 324, success, outsize: 16
unique: 325, opcode: FORGET (2), nodeid: 19, insize: 48, pid: 0
unique: 326, opcode: LOOKUP (1), nodeid: 1, insize: 46, pid: 1830
isdir: 1 is a directory
isfile: 2 is not a file
isdir: 2 is a directory
getdir 0000000000000002
   unique: 326, success, outsize: 144
unique: 327, opcode: LOOKUP (1), nodeid: 2, insize: 45, pid: 1830
isdir: 2 is a directory
isfile: 20 is a file
getfile 0000000000000014
getfile 0000000000000014 -> sz 4
   getattr -> 4
   unique: 327, success, outsize: 144
unique: 328, opcode: UNLINK (10), nodeid: 2, insize: 45, pid: 1830
isdir: 2 is a directory
   unique: 328, success, outsize: 16
unique: 329, opcode: FORGET (2), nodeid: 20, insize: 48, pid: 0
unique: 330, opcode: LOOKUP (1), nodeid: 1, insize: 46, pid: 1830
isdir: 1 is a directory
isfile: 2 is not a file
isdir: 2 is a directory
getdir 0000000000000002
   unique: 330, success, outsize: 144
unique: 331, opcode: LOOKUP (1), nodeid: 2, insize: 45, pid: 1830
isdir: 2 is a directory
isfile: 21 is a file
getfile 0000000000000015
getfile 0000000000000015 -> sz 4
   getattr -> 4
   unique: 331, success, outsize: 144
unique: 332, opcode: UNLINK (10), nodeid: 2, insize: 45, pid: 1830
isdir: 2 is a directory
   unique: 332, success, outsize: 16
unique: 333, opcode: FORGET (2), nodeid: 21, insize: 48, pid: 0
unique: 334, opcode: LOOKUP (1), nodeid: 1, insize: 46, pid: 1830
isdir: 1 is a directory
isfile: 2 is not a file
isdir: 2 is a directory
getdir 0000000000000002
   unique: 334, success, outsize: 144
unique: 335, opcode: LOOKUP (1), nodeid: 2, insize: 45, pid: 1830
isdir: 2 is a directory
isfile: 22 is a file
getfile 0000000000000016
getfile 0000000000000016 -> sz 4
   getattr -> 4
   unique: 335, success, outsize: 144
unique: 336, opcode: UNLINK (10), nodeid: 2, insize: 45, pid: 1830
isdir: 2 is a directory
   unique: 336, success, outsize: 16
unique: 337, opcode: FORGET (2), nodeid: 22, insize: 48, pid: 0
unique: 338, opcode: LOOKUP (1), nodeid: 1, insize: 46, pid: 1830
isdir: 1 is a directory
isfile: 2 is not a file
isdir: 2 is a directory
getdir 0000000000000002
   unique: 338, success, outsize: 144
unique: 339, opcode: LOOKUP (1), nodeid: 2, insize: 45, pid: 1830
isdir: 2 is a directory
isfile: 23 is a file
getfile 0000000000000017
getfile 0000000000000017 -> sz 4
   getattr -> 4
   unique: 339, success, outsize: 144
unique: 340, opcode: UNLINK (10), nodeid: 2, insize: 45, pid: 1830
isdir: 2 is a directory
   unique: 340, success, outsize: 16
unique: 341, opcode: FORGET (2), nodeid: 23, insize: 48, pid: 0
unique: 342, opcode: LOOKUP (1), nodeid: 1, insize: 46, pid: 1830
isdir: 1 is a directory
isfile: 2 is not a file
isdir: 2 is a directory
getdir 0000000000000002
   unique: 342, success, outsize: 144
unique: 343, opcode: LOOKUP (1), nodeid: 2, insize: 43, pid: 1830
isdir: 2 is a directory
   unique: 343, error: -2 (No such file or directory), outsize: 16
unique: 344, opcode: CREATE (35), nodeid: 2, insize: 59, pid: 1830
isdir: 2 is a directory
isfile: 55 is a file
getfile 0000000000000037
getfile 0000000000000037 -> sz 0
   getattr -> 0
   unique: 344, success, outsize: 160
OK: create returns.
unique: 345, opcode: WRITE (16), nodeid: 55, insize: 4176, pid: 1830
   unique: 345, success, outsize: 24
unique: 346, opcode: WRITE (16), nodeid: 55, insize: 4176, pid: 1830
   unique: 346, success, outsize: 24
unique: 347, opcode: WRITE (16), nodeid: 55, insize: 4176, pid: 1830
   unique: 347, success, outsize: 24
unique: 348, opcode: WRITE (16), nodeid: 55, insize: 4176, pid: 1830
   unique: 348, success, outsize: 24
unique: 349, opcode: WRITE (16), nodeid: 55, insize: 3696, pid: 1830
   unique: 349, success, outsize: 24
unique: 350, opcode: RELEASE (18), nodeid: 55, insize: 64, pid: 0
   unique: 350, success, outsize: 16
commit a new version
unique: 351, opcode: LOOKUP (1), nodeid: 1, insize: 46, pid: 1830
isdir: 1 is a directory
isfile: 2 is not a file
isdir: 2 is a directory
getdir 0000000000000002
   unique: 351, success, outsize: 144
unique: 352, opcode: LOOKUP (1), nodeid: 2, insize: 43, pid: 1830
isdir: 2 is a directory
isfile: 55 is a file
getfile 0000000000000037
getfile 0000000000000037 -> sz 20000
   getattr -> 20000
   unique: 352, success, outsize: 144
unique: 353, opcode: OPEN (14), nodeid: 55, insize: 48, pid: 1830
   unique: 353, success, outsize: 32
unique: 354, opcode: GETATTR (3), nodeid: 55, insize: 56, pid: 1830
isfile: 55 is a file
getfile 0000000000000037
getfile 0000000000000037 -> sz 20000
   getattr -> 20000
   unique: 354, success, outsize: 120
unique: 355, opcode: READ (15), nodeid: 55, insize: 80, pid: 1830
   unique: 355, success, outsize: 20016
unique: 356, opcode: RELEASE (18), nodeid: 55, insize: 64, pid: 0
   unique: 356, success, outsize: 16
unique: 357, opcode: LOOKUP (1), nodeid: 1, insize: 46, pid: 1830
isdir: 1 is a directory
isfile: 2 is not a file
isdir: 2 is a directory
getdir 0000000000000002
   unique: 357, success, outsize: 144
unique: 358, opcode: LOOKUP (1), nodeid: 2, insize: 43, pid: 1830
isdir: 2 is a directory
isfile: 55 is a file
getfile 0000000000000037
getfile 0000000000000037 -> sz 20000
   getattr -> 20000
   unique: 358, success, outsize: 144
unique: 359, opcode: UNLINK (10), nodeid: 2, insize: 43, pid: 1830
isdir: 2 is a directory
   unique: 359, success, outsize: 16
unique: 360, opcode: FORGET (2), nodeid: 55, insize: 48, pid: 0
to previous version
unique: 361, opcode: LOOKUP (1), nodeid: 1, insize: 46, pid: 1830
isdir: 1 is a directory
isfile: 2 is not a file
isdir: 2 is a directory
getdir 0000000000000002
   unique: 361, success, outsize: 144
unique: 362, opcode: LOOKUP (1), nodeid: 2, insize: 43, pid: 1830
isdir: 2 is a directory
isfile: 55 is a file
getfile 0000000000000037
getfile 0000000000000037 -> sz 20000
   getattr -> 20000
   unique: 362, success, outsize: 144
unique: 363, opcode: OPEN (14), nodeid: 55, insize: 48, pid: 1830
   unique: 363, success, outsize: 32
unique: 364, opcode: GETATTR (3), nodeid: 55, insize: 56, pid: 1830
isfile: 55 is a file
getfile 0000000000000037
getfile 0000000000000037 -> sz 20000
   getattr -> 20000
   unique: 364, success, outsize: 120
unique: 365, opcode: READ (15), nodeid: 55, insize: 80, pid: 1830
   unique: 365, success, outsize: 20016
unique: 366, opcode: RELEASE (18), nodeid: 55, insize: 64, pid: 0
   unique: 366, success, outsize: 16
to previous version
unique: 367, opcode: LOOKUP (1), nodeid: 1, insize: 46, pid: 1830
isdir: 1 is a directory
isfile: 2 is not a file
isdir: 2 is a directory
getdir 0000000000000002
   unique: 367, success, outsize: 144
unique: 368, opcode: OPENDIR (27), nodeid: 2, insize: 48, pid: 1830
   unique: 368, success, outsize: 32
unique: 369, opcode: GETATTR (3), nodeid: 2, insize: 56, pid: 1830
isfile: 2 is not a file
isdir: 2 is a directory
getdir 0000000000000002
   unique: 369, success, outsize: 120
unique: 370, opcode: READDIR (28), nodeid: 2, insize: 80, pid: 1830
fuseserver_readdir
isdir: 2 is a directory
readdir2
isdir: 2 is a directory
   unique: 370, success, outsize: 656
unique: 371, opcode: READDIR (28), nodeid: 2, insize: 80, pid: 1830
fuseserver_readdir
isdir: 2 is a directory
readdir2
isdir: 2 is a directory
   unique: 371, success, outsize: 16
unique: 372, opcode: RELEASEDIR (29), nodeid: 2, insize: 64, pid: 0
   unique: 372, success, outsize: 16
unique: 373, opcode: LOOKUP (1), nodeid: 1, insize: 46, pid: 1830
isdir: 1 is a directory
isfile: 2 is not a file
isdir: 2 is a directory
getdir 0000000000000002
   unique: 373, success, outsize: 144
unique: 374, opcode: LOOKUP (1), nodeid: 2, insize: 45, pid: 1830
isdir: 2 is a directory
isfile: 14 is a file
getfile 000000000000000e
getfile 000000000000000e -> sz 4
   getattr -> 4
   unique: 374, success, outsize: 144
unique: 375, opcode: OPEN (14), nodeid: 14, insize: 48, pid: 1830
   unique: 375, success, outsize: 32
unique: 376, opcode: READ (15), nodeid: 14, insize: 80, pid: 1830
   unique: 376, success, outsize: 20
unique: 377, opcode: RELEASE (18), nodeid: 14, insize: 64, pid: 0
   unique: 377, success, outsize: 16
unique: 378, opcode: LOOKUP (1), nodeid: 1, insize: 46, pid: 1830
isdir: 1 is a directory
isfile: 2 is not a file
isdir: 2 is a directory
getdir 0000000000000002
   unique: 378, success, outsize: 144
unique: 379, opcode: LOOKUP (1), nodeid: 2, insize: 45, pid: 1830
isdir: 2 is a directory
isfile: 15 is a file
getfile 000000000000000f
getfile 000000000000000f -> sz 4
   getattr -> 4
   unique: 379, success, outsize: 144
unique: 380, opcode: OPEN (14), nodeid: 15, insize: 48, pid: 1830
   unique: 380, success, outsize: 32
unique: 381, opcode: READ (15), nodeid: 15, insize: 80, pid: 1830
   unique: 381, success, outsize: 20
unique: 382, opcode: RELEASE (18), nodeid: 15, insize: 64, pid: 0
   unique: 382, success, outsize: 16
unique: 383, opcode: LOOKUP (1), nodeid: 1, insize: 46, pid: 1830
isdir: 1 is a directory
isfile: 2 is not a file
isdir: 2 is a directory
getdir 0000000000000002
   unique: 383, success, outsize: 144
unique: 384, opcode: LOOKUP (1), nodeid: 2, insize: 45, pid: 1830
isdir: 2 is a directory
isfile: 16 is a file
getfile 0000000000000010
getfile 0000000000000010 -> sz 4
   getattr -> 4
   unique: 384, success, outsize: 144
unique: 385, opcode: OPEN (14), nodeid: 16, insize: 48, pid: 1830
   unique: 385, success, outsize: 32
unique: 386, opcode: READ (15), nodeid: 16, insize: 80, pid: 1830
   unique: 386, success, outsize: 20
unique: 387, opcode: RELEASE (18), nodeid: 16, insize: 64, pid: 0
   unique: 387, success, outsize: 16
unique: 388, opcode: LOOKUP (1), nodeid: 1, insize: 46, pid: 1830
isdir: 1 is a directory
isfile: 2 is not a file
isdir: 2 is a directory
getdir 0000000000000002
   unique: 388, success, outsize: 144
unique: 389, opcode: LOOKUP (1), nodeid: 2, insize: 45, pid: 1830
isdir: 2 is a directory
isfile: 17 is a file
getfile 0000000000000011
getfile 0000000000000011 -> sz 4
   getattr -> 4
   unique: 389, success, outsize: 144
unique: 390, opcode: OPEN (14), nodeid: 17, insize: 48, pid: 1830
   unique: 390, success, outsize: 32
unique: 391, opcode: READ (15), nodeid: 17, insize: 80, pid: 1830
   unique: 391, success, outsize: 20
unique: 392, opcode: RELEASE (18), nodeid: 17, insize: 64, pid: 0
   unique: 392, success, outsize: 16
unique: 393, opcode: LOOKUP (1), nodeid: 1, insize: 46, pid: 1830
isdir: 1 is a directory
isfile: 2 is not a file
isdir: 2 is a directory
getdir 0000000000000002
   unique: 393, success, outsize: 144
unique: 394, opcode: LOOKUP (1), nodeid: 2, insize: 45, pid: 1830
isdir: 2 is a directory
isfile: 18 is a file
getfile 0000000000000012
getfile 0000000000000012 -> sz 4
   getattr -> 4
   unique: 394, success, outsize: 144
unique: 395, opcode: OPEN (14), nodeid: 18, insize: 48, pid: 1830
   unique: 395, success, outsize: 32
unique: 396, opcode: READ (15), nodeid: 18, insize: 80, pid: 1830
   unique: 396, success, outsize: 20
unique: 397, opcode: RELEASE (18), nodeid: 18, insize: 64, pid: 0
   unique: 397, success, outsize: 16
unique: 398, opcode: LOOKUP (1), nodeid: 1, insize: 46, pid: 1830
isdir: 1 is a directory
isfile: 2 is not a file
isdir: 2 is a directory
getdir 0000000000000002
   unique: 398, success, outsize: 144
unique: 399, opcode: LOOKUP (1), nodeid: 2, insize: 45, pid: 1830
isdir: 2 is a directory
isfile: 19 is a file
getfile 0000000000000013
getfile 0000000000000013 -> sz 4
   getattr -> 4
   unique: 399, success, outsize: 144
unique: 400, opcode: OPEN (14), nodeid: 19, insize: 48, pid: 1830
   unique: 400, success, outsize: 32
unique: 401, opcode: READ (15), nodeid: 19, insize: 80, pid: 1830
   unique: 401, success, outsize: 20
unique: 402, opcode: RELEASE (18), nodeid: 19, insize: 64, pid: 0
   unique: 402, success, outsize: 16
unique: 403, opcode: LOOKUP (1), nodeid: 1, insize: 46, pid: 1830
isdir: 1 is a directory
isfile: 2 is not a file
isdir: 2 is a directory
getdir 0000000000000002
   unique: 403, success, outsize: 144
unique: 404, opcode: LOOKUP (1), nodeid: 2, insize: 45, pid: 1830
isdir: 2 is a directory
isfile: 20 is a file
getfile 0000000000000014
getfile 0000000000000014 -> sz 4
   getattr -> 4
   unique: 404, success, outsize: 144
unique: 405, opcode: OPEN (14), nodeid: 20, insize: 48, pid: 1830
   unique: 405, success, outsize: 32
unique: 406, opcode: READ (15), nodeid: 20, insize: 80, pid: 1830
   unique: 406, success, outsize: 20
unique: 407, opcode: RELEASE (18), nodeid: 20, insize: 64, pid: 0
   unique: 407, success, outsize: 16
unique: 408, opcode: LOOKUP (1), nodeid: 1, insize: 46, pid: 1830
isdir: 1 is a directory
isfile: 2 is not a file
isdir: 2 is a directory
getdir 0000000000000002
   unique: 408, success, outsize: 144
unique: 409, opcode: LOOKUP (1), nodeid: 2, insize: 45, pid: 1830
isdir: 2 is a directory
isfile: 21 is a file
getfile 0000000000000015
getfile 0000000000000015 -> sz 4
   getattr -> 4
   unique: 409, success, outsize: 144
unique: 410, opcode: OPEN (14), nodeid: 21, insize: 48, pid: 1830
   unique: 410, success, outsize: 32
unique: 411, opcode: READ (15), nodeid: 21, insize: 80, pid: 1830
   unique: 411, success, outsize: 20
unique: 412, opcode: RELEASE (18), nodeid: 21, insize: 64, pid: 0
   unique: 412, success, outsize: 16
unique: 413, opcode: LOOKUP (1), nodeid: 1, insize: 46, pid: 1830
isdir: 1 is a directory
isfile: 2 is not a file
isdir: 2 is a directory
getdir 0000000000000002
   unique: 413, success, outsize: 144
unique: 414, opcode: LOOKUP (1), nodeid: 2, insize: 45, pid: 1830
isdir: 2 is a directory
isfile: 22 is a file
getfile 0000000000000016
getfile 0000000000000016 -> sz 4
   getattr -> 4
   unique: 414, success, outsize: 144
unique: 415, opcode: OPEN (14), nodeid: 22, insize: 48, pid: 1830
   unique: 415, success, outsize: 32
unique: 416, opcode: READ (15), nodeid: 22, insize: 80, pid: 1830
   unique: 416, success, outsize: 20
unique: 417, opcode: RELEASE (18), nodeid: 22, insize: 64, pid: 0
   unique: 417, success, outsize: 16
unique: 418, opcode: LOOKUP (1), nodeid: 1, insize: 46, pid: 1830
isdir: 1 is a directory
isfile: 2 is not a file
isdir: 2 is a directory
getdir 0000000000000002
   unique: 418, success, outsize: 144
unique: 419, opcode: LOOKUP (1), nodeid: 2, insize: 45, pid: 1830
isdir: 2 is a directory
isfile: 23 is a file
getfile 0000000000000017
getfile 0000000000000017 -> sz 4
   getattr -> 4
   unique: 419, success, outsize: 144
unique: 420, opcode: OPEN (14), nodeid: 23, insize: 48, pid: 1830
   unique: 420, success, outsize: 32
unique: 421, opcode: READ (15), nodeid: 23, insize: 80, pid: 1830
   unique: 421, success, outsize: 20
unique: 422, opcode: RELEASE (18), nodeid: 23, insize: 64, pid: 0
   unique: 422, success, outsize: 16
unique: 423, opcode: LOOKUP (1), nodeid: 1, insize: 46, pid: 1830
isdir: 1 is a directory
isfile: 2 is not a file
isdir: 2 is a directory
getdir 0000000000000002
   unique: 423, success, outsize: 144
unique: 424, opcode: LOOKUP (1), nodeid: 2, insize: 45, pid: 1830
isdir: 2 is a directory
isfile: 24 is a file
getfile 0000000000000018
getfile 0000000000000018 -> sz 4
   getattr -> 4
   unique: 424, success, outsize: 144
unique: 425, opcode: OPEN (14), nodeid: 24, insize: 48, pid: 1830
   unique: 425, success, outsize: 32
unique: 426, opcode: READ (15), nodeid: 24, insize: 80, pid: 1830
   unique: 426, success, outsize: 20
unique: 427, opcode: RELEASE (18), nodeid: 24, insize: 64, pid: 0
   unique: 427, success, outsize: 16
unique: 428, opcode: LOOKUP (1), nodeid: 1, insize: 46, pid: 1830
isdir: 1 is a directory
isfile: 2 is not a file
isdir: 2 is a directory
getdir 0000000000000002
   unique: 428, success, outsize: 144
unique: 429, opcode: LOOKUP (1), nodeid: 2, insize: 45, pid: 1830
isdir: 2 is a directory
isfile: 25 is a file
getfile 0000000000000019
getfile 0000000000000019 -> sz 4
   getattr -> 4
   unique: 429, success, outsize: 144
unique: 430, opcode: OPEN (14), nodeid: 25, insize: 48, pid: 1830
   unique: 430, success, outsize: 32
unique: 431, opcode: READ (15), nodeid: 25, insize: 80, pid: 1830
   unique: 431, success, outsize: 20
unique: 432, opcode: RELEASE (18), nodeid: 25, insize: 64, pid: 0
   unique: 432, success, outsize: 16
unique: 433, opcode: LOOKUP (1), nodeid: 1, insize: 46, pid: 1830
isdir: 1 is a directory
isfile: 2 is not a file
isdir: 2 is a directory
getdir 0000000000000002
   unique: 433, success, outsize: 144
unique: 434, opcode: LOOKUP (1), nodeid: 2, insize: 45, pid: 1830
isdir: 2 is a directory
isfile: 26 is a file
getfile 000000000000001a
getfile 000000000000001a -> sz 4
   getattr -> 4
   unique: 434, success, outsize: 144
unique: 435, opcode: OPEN (14), nodeid: 26, insize: 48, pid: 1830
   unique: 435, success, outsize: 32
unique: 436, opcode: READ (15), nodeid: 26, insize: 80, pid: 1830
   unique: 436, success, outsize: 20
unique: 437, opcode: RELEASE (18), nodeid: 26, insize: 64, pid: 0
   unique: 437, success, outsize: 16
unique: 438, opcode: LOOKUP (1), nodeid: 1, insize: 46, pid: 1830
isdir: 1 is a directory
isfile: 2 is not a file
isdir: 2 is a directory
getdir 0000000000000002
   unique: 438, success, outsize: 144
unique: 439, opcode: LOOKUP (1), nodeid: 2, insize: 45, pid: 1830
isdir: 2 is a directory
isfile: 27 is a file
getfile 000000000000001b
getfile 000000000000001b -> sz 4
   getattr -> 4
   unique: 439, success, outsize: 144
unique: 440, opcode: OPEN (14), nodeid: 27, insize: 48, pid: 1830
   unique: 440, success, outsize: 32
unique: 441, opcode: READ (15), nodeid: 27, insize: 80, pid: 1830
   unique: 441, success, outsize: 20
unique: 442, opcode: RELEASE (18), nodeid: 27, insize: 64, pid: 0
   unique: 442, success, outsize: 16
unique: 443, opcode: LOOKUP (1), nodeid: 1, insize: 46, pid: 1830
isdir: 1 is a directory
isfile: 2 is not a file
isdir: 2 is a directory
getdir 0000000000000002
   unique: 443, success, outsize: 144
unique: 444, opcode: LOOKUP (1), nodeid: 2, insize: 45, pid: 1830
isdir: 2 is a directory
isfile: 28 is a file
getfile 000000000000001c
getfile 000000000000001c -> sz 4
   getattr -> 4
   unique: 444, success, outsize: 144
unique: 445, opcode: OPEN (14), nodeid: 28, insize: 48, pid: 1830
   unique: 445, success, outsize: 32
unique: 446, opcode: READ (15), nodeid: 28, insize: 80, pid: 1830
   unique: 446, success, outsize: 20
unique: 447, opcode: RELEASE (18), nodeid: 28, insize: 64, pid: 0
   unique: 447, success, outsize: 16
unique: 448, opcode: LOOKUP (1), nodeid: 1, insize: 46, pid: 1830
isdir: 1 is a directory
isfile: 2 is not a file
isdir: 2 is a directory
getdir 0000000000000002
   unique: 448, success, outsize: 144
unique: 449, opcode: LOOKUP (1), nodeid: 2, insize: 45, pid: 1830
isdir: 2 is a directory
isfile: 29 is a file
getfile 000000000000001d
getfile 000000000000001d -> sz 4
   getattr -> 4
   unique: 449, success, outsize: 144
unique: 450, opcode: OPEN (14), nodeid: 29, insize: 48, pid: 1830
   unique: 450, success, outsize: 32
unique: 451, opcode: READ (15), nodeid: 29, insize: 80, pid: 1830
   unique: 451, success, outsize: 20
unique: 452, opcode: RELEASE (18), nodeid: 29, insize: 64, pid: 0
   unique: 452, success, outsize: 16
unique: 453, opcode: LOOKUP (1), nodeid: 1, insize: 46, pid: 1830
isdir: 1 is a directory
isfile: 2 is not a file
isdir: 2 is a directory
getdir 0000000000000002
   unique: 453, success, outsize: 144
unique: 454, opcode: LOOKUP (1), nodeid: 2, insize: 45, pid: 1830
isdir: 2 is a directory
isfile: 30 is a file
getfile 000000000000001e
getfile 000000000000001e -> sz 4
   getattr -> 4
   unique: 454, success, outsize: 144
unique: 455, opcode: OPEN (14), nodeid: 30, insize: 48, pid: 1830
   unique: 455, success, outsize: 32
unique: 456, opcode: READ (15), nodeid: 30, insize: 80, pid: 1830
   unique: 456, success, outsize: 20
unique: 457, opcode: RELEASE (18), nodeid: 30, insize: 64, pid: 0
   unique: 457, success, outsize: 16
unique: 458, opcode: LOOKUP (1), nodeid: 1, insize: 46, pid: 1830
isdir: 1 is a directory
isfile: 2 is not a file
isdir: 2 is a directory
getdir 0000000000000002
   unique: 458, success, outsize: 144
unique: 459, opcode: LOOKUP (1), nodeid: 2, insize: 45, pid: 1830
isdir: 2 is a directory
isfile: 31 is a file
getfile 000000000000001f
getfile 000000000000001f -> sz 4
   getattr -> 4
   unique: 459, success, outsize: 144
unique: 460, opcode: OPEN (14), nodeid: 31, insize: 48, pid: 1830
   unique: 460, success, outsize: 32
unique: 461, opcode: READ (15), nodeid: 31, insize: 80, pid: 1830
   unique: 461, success, outsize: 20
unique: 462, opcode: RELEASE (18), nodeid: 31, insize: 64, pid: 0
   unique: 462, success, outsize: 16
unique: 463, opcode: LOOKUP (1), nodeid: 1, insize: 46, pid: 1830
isdir: 1 is a directory
isfile: 2 is not a file
isdir: 2 is a directory
getdir 0000000000000002
   unique: 463, success, outsize: 144
unique: 464, opcode: LOOKUP (1), nodeid: 2, insize: 45, pid: 1830
isdir: 2 is a directory
isfile: 32 is a file
getfile 0000000000000020
getfile 0000000000000020 -> sz 4
   getattr -> 4
   unique: 464, success, outsize: 144
unique: 465, opcode: OPEN (14), nodeid: 32, insize: 48, pid: 1830
   unique: 465, success, outsize: 32
unique: 466, opcode: READ (15), nodeid: 32, insize: 80, pid: 1830
   unique: 466, success, outsize: 20
unique: 467, opcode: RELEASE (18), nodeid: 32, insize: 64, pid: 0
   unique: 467, success, outsize: 16
unique: 468, opcode: LOOKUP (1), nodeid: 1, insize: 46, pid: 1830
isdir: 1 is a directory
isfile: 2 is not a file
isdir: 2 is a directory
getdir 0000000000000002
   unique: 468, success, outsize: 144
unique: 469, opcode: LOOKUP (1), nodeid: 2, insize: 45, pid: 1830
isdir: 2 is a directory
isfile: 33 is a file
getfile 0000000000000021
getfile 0000000000000021 -> sz 4
   getattr -> 4
   unique: 469, success, outsize: 144
unique: 470, opcode: OPEN (14), nodeid: 33, insize: 48, pid: 1830
   unique: 470, success, outsize: 32
unique: 471, opcode: READ (15), nodeid: 33, insize: 80, pid: 1830
   unique: 471, success, outsize: 20
unique: 472, opcode: RELEASE (18), nodeid: 33, insize: 64, pid: 0
   unique: 472, success, outsize: 16
to previous version
unique: 473, opcode: LOOKUP (1), nodeid: 1, insize: 46, pid: 1830
isdir: 1 is a directory
isfile: 2 is not a file
isdir: 2 is a directory
getdir 0000000000000002
   unique: 473, success, outsize: 144
unique: 474, opcode: OPENDIR (27), nodeid: 2, insize: 48, pid: 1830
   unique: 474, success, outsize: 32
unique: 475, opcode: GETATTR (3), nodeid: 2, insize: 56, pid: 1830
isfile: 2 is not a file
isdir: 2 is a directory
getdir 0000000000000002
   unique: 475, success, outsize: 120
unique: 476, opcode: READDIR (28), nodeid: 2, insize: 80, pid: 1830
fuseserver_readdir
isdir: 2 is a directory
readdir2
isdir: 2 is a directory
   unique: 476, success, outsize: 16
unique: 477, opcode: RELEASEDIR (29), nodeid: 2, insize: 64, pid: 0
   unique: 477, success, outsize: 16
to previous version
unique: 478, opcode: LOOKUP (1), nodeid: 1, insize: 46, pid: 1830
isdir: 1 is a directory
isfile: 2 is not a file
isdir: 2 is a directory
getdir 0000000000000002
   unique: 478, success, outsize: 144
unique: 479, opcode: LOOKUP (1), nodeid: 2, insize: 43, pid: 1830
isdir: 2 is a directory
isfile: 10 is a file
getfile 000000000000000a
getfile 000000000000000a -> sz 9
   getattr -> 9
   unique: 479, success, outsize: 144
unique: 480, opcode: OPEN (14), nodeid: 10, insize: 48, pid: 1830
   unique: 480, success, outsize: 32
unique: 481, opcode: GETATTR (3), nodeid: 10, insize: 56, pid: 1830
isfile: 10 is a file
getfile 000000000000000a
getfile 000000000000000a -> sz 9
   getattr -> 9
   unique: 481, success, outsize: 120
unique: 482, opcode: READ (15), nodeid: 10, insize: 80, pid: 1830
   unique: 482, success, outsize: 25
unique: 483, opcode: RELEASE (18), nodeid: 10, insize: 64, pid: 0
   unique: 483, success, outsize: 16
unique: 484, opcode: LOOKUP (1), nodeid: 1, insize: 46, pid: 1830
isdir: 1 is a directory
isfile: 2 is not a file
isdir: 2 is a directory
getdir 0000000000000002
   unique: 484, success, outsize: 144
unique: 485, opcode: OPENDIR (27), nodeid: 2, insize: 48, pid: 1830
   unique: 485, success, outsize: 32
unique: 486, opcode: GETATTR (3), nodeid: 2, insize: 56, pid: 1830
isfile: 2 is not a file
isdir: 2 is a directory
getdir 0000000000000002
   unique: 486, success, outsize: 120
unique: 487, opcode: READDIR (28), nodeid: 2, insize: 80, pid: 1830
fuseserver_readdir
isdir: 2 is a directory
readdir2
isdir: 2 is a directory
   unique: 487, success, outsize: 48
unique: 488, opcode: READDIR (28), nodeid: 2, insize: 80, pid: 1830
fuseserver_readdir
isdir: 2 is a directory
readdir2
isdir: 2 is a directory
   unique: 488, success, outsize: 16
unique: 489, opcode: RELEASEDIR (29), nodeid: 2, insize: 64, pid: 0
   unique: 489, success, outsize: 16
to previous version
unique: 490, opcode: LOOKUP (1), nodeid: 1, insize: 46, pid: 1830
isdir: 1 is a directory
isfile: 2 is not a file
isdir: 2 is a directory
getdir 0000000000000002
   unique: 490, success, outsize: 144
unique: 491, opcode: LOOKUP (1), nodeid: 2, insize: 43, pid: 1830
isdir: 2 is a directory
   unique: 491, error: -2 (No such file or directory), outsize: 16
unique: 492, opcode: FORGET (2), nodeid: 10, insize: 48, pid: 0
unique: 493, opcode: LOOKUP (1), nodeid: 2, insize: 43, pid: 1830
isdir: 2 is a directory
   unique: 493, error: -2 (No such file or directory), outsize: 16
unique: 494, opcode: LOOKUP (1), nodeid: 1, insize: 46, pid: 1830
isdir: 1 is a directory
isfile: 2 is not a file
isdir: 2 is a directory
getdir 0000000000000002
   unique: 494, success, outsize: 144
unique: 495, opcode: LOOKUP (1), nodeid: 2, insize: 43, pid: 1830
isdir: 2 is a directory
   unique: 495, error: -2 (No such file or directory), outsize: 16
unique: 496, opcode: LOOKUP (1), nodeid: 1, insize: 46, pid: 1830
isdir: 1 is a directory
isfile: 2 is not a file
isdir: 2 is a directory
getdir 0000000000000002
   unique: 496, success, outsize: 144
unique: 497, opcode: LOOKUP (1), nodeid: 2, insize: 43, pid: 1830
isdir: 2 is a directory
   unique: 497, error: -2 (No such file or directory), outsize: 16
to previous version
unique: 498, opcode: LOOKUP (1), nodeid: 1, insize: 46, pid: 1830
isdir: 1 is a directory
isfile: 2 is not a file
isdir: 2 is a directory
getdir 0000000000000002
   unique: 498, success, outsize: 144
unique: 499, opcode: LOOKUP (1), nodeid: 2, insize: 43, pid: 1830
isdir: 2 is a directory
isfile: 3 is a file
getfile 0000000000000003
getfile 0000000000000003 -> sz 3
   getattr -> 3
   unique: 499, success, outsize: 144
unique: 500, opcode: OPEN (14), nodeid: 3, insize: 48, pid: 1830
   unique: 500, success, outsize: 32
unique: 501, opcode: GETATTR (3), nodeid: 3, insize: 56, pid: 1830
isfile: 3 is a file
getfile 0000000000000003
getfile 0000000000000003 -> sz 3
   getattr -> 3
   unique: 501, success, outsize: 120
unique: 502, opcode: READ (15), nodeid: 3, insize: 80, pid: 1830
   unique: 502, success, outsize: 19
unique: 503, opcode: RELEASE (18), nodeid: 3, insize: 64, pid: 0
   unique: 503, success, outsize: 16
to next version
unique: 504, opcode: LOOKUP (1), nodeid: 1, insize: 46, pid: 1830
isdir: 1 is a directory
isfile: 2 is not a file
isdir: 2 is a directory
getdir 0000000000000002
   unique: 504, success, outsize: 144
unique: 505, opcode: LOOKUP (1), nodeid: 2, insize: 43, pid: 1830
isdir: 2 is a directory
   unique: 505, error: -2 (No such file or directory), outsize: 16
unique: 506, opcode: FORGET (2), nodeid: 3, insize: 48, pid: 0
unique: 507, opcode: LOOKUP (1), nodeid: 2, insize: 43, pid: 1830
isdir: 2 is a directory
   unique: 507, error: -2 (No such file or directory), outsize: 16
unique: 508, opcode: LOOKUP (1), nodeid: 1, insize: 46, pid: 1830
isdir: 1 is a directory
isfile: 2 is not a file
isdir: 2 is a directory
getdir 0000000000000002
   unique: 508, success, outsize: 144
unique: 509, opcode: LOOKUP (1), nodeid: 2, insize: 43, pid: 1830
isdir: 2 is a directory
   unique: 509, error: -2 (No such file or directory), outsize: 16
unique: 510, opcode: LOOKUP (1), nodeid: 1, insize: 46, pid: 1830
isdir: 1 is a directory
isfile: 2 is not a file
isdir: 2 is a directory
getdir 0000000000000002
   unique: 510, success, outsize: 144
unique: 511, opcode: LOOKUP (1), nodeid: 2, insize: 43, pid: 1830
isdir: 2 is a directory
   unique: 511, error: -2 (No such file or directory), outsize: 16
to next version
unique: 512, opcode: LOOKUP (1), nodeid: 1, insize: 46, pid: 1830
isdir: 1 is a directory
isfile: 2 is not a file
isdir: 2 is a directory
getdir 0000000000000002
   unique: 512, success, outsize: 144
unique: 513, opcode: LOOKUP (1), nodeid: 2, insize: 43, pid: 1830
isdir: 2 is a directory
isfile: 10 is a file
getfile 000000000000000a
getfile 000000000000000a -> sz 9
   getattr -> 9
   unique: 513, success, outsize: 144
unique: 514, opcode: OPEN (14), nodeid: 10, insize: 48, pid: 1830
   unique: 514, success, outsize: 32
unique: 515, opcode: GETATTR (3), nodeid: 10, insize: 56, pid: 1830
isfile: 10 is a file
getfile 000000000000000a
getfile 000000000000000a -> sz 9
   getattr -> 9
   unique: 515, success, outsize: 120
unique: 516, opcode: READ (15), nodeid: 10, insize: 80, pid: 1830
   unique: 516, success, outsize: 25
unique: 517, opcode: RELEASE (18), nodeid: 10, insize: 64, pid: 0
   unique: 517, success, outsize: 16
unique: 518, opcode: LOOKUP (1), nodeid: 1, insize: 46, pid: 1830
isdir: 1 is a directory
isfile: 2 is not a file
isdir: 2 is a directory
getdir 0000000000000002
   unique: 518, success, outsize: 144
unique: 519, opcode: OPENDIR (27), nodeid: 2, insize: 48, pid: 1830
   unique: 519, success, outsize: 32
unique: 520, opcode: GETATTR (3), nodeid: 2, insize: 56, pid: 1830
isfile: 2 is not a file
isdir: 2 is a directory
getdir 0000000000000002
   unique: 520, success, outsize: 120
unique: 521, opcode: READDIR (28), nodeid: 2, insize: 80, pid: 1830
fuseserver_readdir
isdir: 2 is a directory
readdir2
isdir: 2 is a directory
   unique: 521, success, outsize: 48
unique: 522, opcode: READDIR (28), nodeid: 2, insize: 80, pid: 1830
fuseserver_readdir
isdir: 2 is a directory
readdir2
isdir: 2 is a directory
   unique: 522, success, outsize: 16
unique: 523, opcode: RELEASEDIR (29), nodeid: 2, insize: 64, pid: 0
   unique: 523, success, outsize: 16
to next version
unique: 524, opcode: LOOKUP (1), nodeid: 1, insize: 46, pid: 1830
isdir: 1 is a directory
isfile: 2 is not a file
isdir: 2 is a directory
getdir 0000000000000002
   unique: 524, success, outsize: 144
unique: 525, opcode: OPENDIR (27), nodeid: 2, insize: 48, pid: 1830
   unique: 525, success, outsize: 32
unique: 526, opcode: GETATTR (3), nodeid: 2, insize: 56, pid: 1830
isfile: 2 is not a file
isdir: 2 is a directory
getdir 0000000000000002
   unique: 526, success, outsize: 120
unique: 527, opcode: READDIR (28), nodeid: 2, insize: 80, pid: 1830
fuseserver_readdir
isdir: 2 is a directory
readdir2
isdir: 2 is a directory
   unique: 527, success, outsize: 16
unique: 528, opcode: RELEASEDIR (29), nodeid: 2, insize: 64, pid: 0
   unique: 528, success, outsize: 16
to next version
unique: 529, opcode: LOOKUP (1), nodeid: 1, insize: 46, pid: 1830
isdir: 1 is a directory
isfile: 2 is not a file
isdir: 2 is a directory
getdir 0000000000000002
   unique: 529, success, outsize: 144
unique: 530, opcode: OPENDIR (27), nodeid: 2, insize: 48, pid: 1830
   unique: 530, success, outsize: 32
unique: 531, opcode: GETATTR (3), nodeid: 2, insize: 56, pid: 1830
isfile: 2 is not a file
isdir: 2 is a directory
getdir 0000000000000002
   unique: 531, success, outsize: 120
unique: 532, opcode: READDIR (28), nodeid: 2, insize: 80, pid: 1830
fuseserver_readdir
isdir: 2 is a directory
readdir2
isdir: 2 is a directory
   unique: 532, success, outsize: 656
unique: 533, opcode: READDIR (28), nodeid: 2, insize: 80, pid: 1830
fuseserver_readdir
isdir: 2 is a directory
readdir2
isdir: 2 is a directory
   unique: 533, success, outsize: 16
unique: 534, opcode: RELEASEDIR (29), nodeid: 2, insize: 64, pid: 0
   unique: 534, success, outsize: 16
unique: 535, opcode: LOOKUP (1), nodeid: 1, insize: 46, pid: 1830
isdir: 1 is a directory
isfile: 2 is not a file
isdir: 2 is a directory
getdir 0000000000000002
   unique: 535, success, outsize: 144
unique: 536, opcode: LOOKUP (1), nodeid: 2, insize: 45, pid: 1830
isdir: 2 is a directory
isfile: 14 is a file
getfile 000000000000000e
getfile 000000000000000e -> sz 4
   getattr -> 4
   unique: 536, success, outsize: 144
unique: 537, opcode: OPEN (14), nodeid: 14, insize: 48, pid: 1830
   unique: 537, success, outsize: 32
unique: 538, opcode: READ (15), nodeid: 14, insize: 80, pid: 1830
   unique: 538, success, outsize: 20
unique: 539, opcode: RELEASE (18), nodeid: 14, insize: 64, pid: 0
   unique: 539, success, outsize: 16
unique: 540, opcode: LOOKUP (1), nodeid: 1, insize: 46, pid: 1830
isdir: 1 is a directory
isfile: 2 is not a file
isdir: 2 is a directory
getdir 0000000000000002
   unique: 540, success, outsize: 144
unique: 541, opcode: LOOKUP (1), nodeid: 2, insize: 45, pid: 1830
isdir: 2 is a directory
isfile: 15 is a file
getfile 000000000000000f
getfile 000000000000000f -> sz 4
   getattr -> 4
   unique: 541, success, outsize: 144
unique: 542, opcode: OPEN (14), nodeid: 15, insize: 48, pid: 1830
   unique: 542, success, outsize: 32
unique: 543, opcode: READ (15), nodeid: 15, insize: 80, pid: 1830
   unique: 543, success, outsize: 20
unique: 544, opcode: RELEASE (18), nodeid: 15, insize: 64, pid: 0
   unique: 544, success, outsize: 16
unique: 545, opcode: LOOKUP (1), nodeid: 1, insize: 46, pid: 1830
isdir: 1 is a directory
isfile: 2 is not a file
isdir: 2 is a directory
getdir 0000000000000002
   unique: 545, success, outsize: 144
unique: 546, opcode: LOOKUP (1), nodeid: 2, insize: 45, pid: 1830
isdir: 2 is a directory
isfile: 16 is a file
getfile 0000000000000010
getfile 0000000000000010 -> sz 4
   getattr -> 4
   unique: 546, success, outsize: 144
unique: 547, opcode: OPEN (14), nodeid: 16, insize: 48, pid: 1830
   unique: 547, success, outsize: 32
unique: 548, opcode: READ (15), nodeid: 16, insize: 80, pid: 1830
   unique: 548, success, outsize: 20
unique: 549, opcode: RELEASE (18), nodeid: 16, insize: 64, pid: 0
   unique: 549, success, outsize: 16
unique: 550, opcode: LOOKUP (1), nodeid: 1, insize: 46, pid: 1830
isdir: 1 is a directory
isfile: 2 is not a file
isdir: 2 is a directory
getdir 0000000000000002
   unique: 550, success, outsize: 144
unique: 551, opcode: LOOKUP (1), nodeid: 2, insize: 45, pid: 1830
isdir: 2 is a directory
isfile: 17 is a file
getfile 0000000000000011
getfile 0000000000000011 -> sz 4
   getattr -> 4
   unique: 551, success, outsize: 144
unique: 552, opcode: OPEN (14), nodeid: 17, insize: 48, pid: 1830
   unique: 552, success, outsize: 32
unique: 553, opcode: READ (15), nodeid: 17, insize: 80, pid: 1830
   unique: 553, success, outsize: 20
unique: 554, opcode: RELEASE (18), nodeid: 17, insize: 64, pid: 0
   unique: 554, success, outsize: 16
unique: 555, opcode: LOOKUP (1), nodeid: 1, insize: 46, pid: 1830
isdir: 1 is a directory
isfile: 2 is not a file
isdir: 2 is a directory
getdir 0000000000000002
   unique: 555, success, outsize: 144
unique: 556, opcode: LOOKUP (1), nodeid: 2, insize: 45, pid: 1830
isdir: 2 is a directory
isfile: 18 is a file
getfile 0000000000000012
getfile 0000000000000012 -> sz 4
   getattr -> 4
   unique: 556, success, outsize: 144
unique: 557, opcode: OPEN (14), nodeid: 18, insize: 48, pid: 1830
   unique: 557, success, outsize: 32
unique: 558, opcode: READ (15), nodeid: 18, insize: 80, pid: 1830
   unique: 558, success, outsize: 20
unique: 559, opcode: RELEASE (18), nodeid: 18, insize: 64, pid: 0
   unique: 559, success, outsize: 16
unique: 560, opcode: LOOKUP (1), nodeid: 1, insize: 46, pid: 1830
isdir: 1 is a directory
isfile: 2 is not a file
isdir: 2 is a directory
getdir 0000000000000002
   unique: 560, success, outsize: 144
unique: 561, opcode: LOOKUP (1), nodeid: 2, insize: 45, pid: 1830
isdir: 2 is a directory
isfile: 19 is a file
getfile 0000000000000013
getfile 0000000000000013 -> sz 4
   getattr -> 4
   unique: 561, success, outsize: 144
unique: 562, opcode: OPEN (14), nodeid: 19, insize: 48, pid: 1830
   unique: 562, success, outsize: 32
unique: 563, opcode: READ (15), nodeid: 19, insize: 80, pid: 1830
   unique: 563, success, outsize: 20
unique: 564, opcode: RELEASE (18), nodeid: 19, insize: 64, pid: 0
   unique: 564, success, outsize: 16
unique: 565, opcode: LOOKUP (1), nodeid: 1, insize: 46, pid: 1830
isdir: 1 is a directory
isfile: 2 is not a file
isdir: 2 is a directory
getdir 0000000000000002
   unique: 565, success, outsize: 144
unique: 566, opcode: LOOKUP (1), nodeid: 2, insize: 45, pid: 1830
isdir: 2 is a directory
isfile: 20 is a file
getfile 0000000000000014
getfile 0000000000000014 -> sz 4
   getattr -> 4
   unique: 566, success, outsize: 144
unique: 567, opcode: OPEN (14), nodeid: 20, insize: 48, pid: 1830
   unique: 567, success, outsize: 32
unique: 568, opcode: READ (15), nodeid: 20, insize: 80, pid: 1830
   unique: 568, success, outsize: 20
unique: 569, opcode: RELEASE (18), nodeid: 20, insize: 64, pid: 0
   unique: 569, success, outsize: 16
unique: 570, opcode: LOOKUP (1), nodeid: 1, insize: 46, pid: 1830
isdir: 1 is a directory
isfile: 2 is not a file
isdir: 2 is a directory
getdir 0000000000000002
   unique: 570, success, outsize: 144
unique: 571, opcode: LOOKUP (1), nodeid: 2, insize: 45, pid: 1830
isdir: 2 is a directory
isfile: 21 is a file
getfile 0000000000000015
getfile 0000000000000015 -> sz 4
   getattr -> 4
   unique: 571, success, outsize: 144
unique: 572, opcode: OPEN (14), nodeid: 21, insize: 48, pid: 1830
   unique: 572, success, outsize: 32
unique: 573, opcode: READ (15), nodeid: 21, insize: 80, pid: 1830
   unique: 573, success, outsize: 20
unique: 574, opcode: RELEASE (18), nodeid: 21, insize: 64, pid: 0
   unique: 574, success, outsize: 16
unique: 575, opcode: LOOKUP (1), nodeid: 1, insize: 46, pid: 1830
isdir: 1 is a directory
isfile: 2 is not a file
isdir: 2 is a directory
getdir 0000000000000002
   unique: 575, success, outsize: 144
unique: 576, opcode: LOOKUP (1), nodeid: 2, insize: 45, pid: 1830
isdir: 2 is a directory
isfile: 22 is a file
getfile 0000000000000016
getfile 0000000000000016 -> sz 4
   getattr -> 4
   unique: 576, success, outsize: 144
unique: 577, opcode: OPEN (14), nodeid: 22, insize: 48, pid: 1830
   unique: 577, success, outsize: 32
unique: 578, opcode: READ (15), nodeid: 22, insize: 80, pid: 1830
   unique: 578, success, outsize: 20
unique: 579, opcode: RELEASE (18), nodeid: 22, insize: 64, pid: 0
   unique: 579, success, outsize: 16
unique: 580, opcode: LOOKUP (1), nodeid: 1, insize: 46, pid: 1830
isdir: 1 is a directory
isfile: 2 is not a file
isdir: 2 is a directory
getdir 0000000000000002
   unique: 580, success, outsize: 144
unique: 581, opcode: LOOKUP (1), nodeid: 2, insize: 45, pid: 1830
isdir: 2 is a directory
isfile: 23 is a file
getfile 0000000000000017
getfile 0000000000000017 -> sz 4
   getattr -> 4
   unique: 581, success, outsize: 144
unique: 582, opcode: OPEN (14), nodeid: 23, insize: 48, pid: 1830
   unique: 582, success, outsize: 32
unique: 583, opcode: READ (15), nodeid: 23, insize: 80, pid: 1830
   unique: 583, success, outsize: 20
unique: 584, opcode: RELEASE (18), nodeid: 23, insize: 64, pid: 0
   unique: 584, success, outsize: 16
unique: 585, opcode: LOOKUP (1), nodeid: 1, insize: 46, pid: 1830
isdir: 1 is a directory
isfile: 2 is not a file
isdir: 2 is a directory
getdir 0000000000000002
   unique: 585, success, outsize: 144
unique: 586, opcode: LOOKUP (1), nodeid: 2, insize: 45, pid: 1830
isdir: 2 is a directory
isfile: 24 is a file
getfile 0000000000000018
getfile 0000000000000018 -> sz 4
   getattr -> 4
   unique: 586, success, outsize: 144
unique: 587, opcode: OPEN (14), nodeid: 24, insize: 48, pid: 1830
   unique: 587, success, outsize: 32
unique: 588, opcode: READ (15), nodeid: 24, insize: 80, pid: 1830
   unique: 588, success, outsize: 20
unique: 589, opcode: RELEASE (18), nodeid: 24, insize: 64, pid: 0
   unique: 589, success, outsize: 16
unique: 590, opcode: LOOKUP (1), nodeid: 1, insize: 46, pid: 1830
isdir: 1 is a directory
isfile: 2 is not a file
isdir: 2 is a directory
getdir 0000000000000002
   unique: 590, success, outsize: 144
unique: 591, opcode: LOOKUP (1), nodeid: 2, insize: 45, pid: 1830
isdir: 2 is a directory
isfile: 25 is a file
getfile 0000000000000019
getfile 0000000000000019 -> sz 4
   getattr -> 4
   unique: 591, success, outsize: 144
unique: 592, opcode: OPEN (14), nodeid: 25, insize: 48, pid: 1830
   unique: 592, success, outsize: 32
unique: 593, opcode: READ (15), nodeid: 25, insize: 80, pid: 1830
   unique: 593, success, outsize: 20
unique: 594, opcode: RELEASE (18), nodeid: 25, insize: 64, pid: 0
   unique: 594, success, outsize: 16
unique: 595, opcode: LOOKUP (1), nodeid: 1, insize: 46, pid: 1830
isdir: 1 is a directory
isfile: 2 is not a file
isdir: 2 is a directory
getdir 0000000000000002
   unique: 595, success, outsize: 144
unique: 596, opcode: LOOKUP (1), nodeid: 2, insize: 45, pid: 1830
isdir: 2 is a directory
isfile: 26 is a file
getfile 000000000000001a
getfile 000000000000001a -> sz 4
   getattr -> 4
   unique: 596, success, outsize: 144
unique: 597, opcode: OPEN (14), nodeid: 26, insize: 48, pid: 1830
   unique: 597, success, outsize: 32
unique: 598, opcode: READ (15), nodeid: 26, insize: 80, pid: 1830
   unique: 598, success, outsize: 20
unique: 599, opcode: RELEASE (18), nodeid: 26, insize: 64, pid: 0
   unique: 599, success, outsize: 16
unique: 600, opcode: LOOKUP (1), nodeid: 1, insize: 46, pid: 1830
isdir: 1 is a directory
isfile: 2 is not a file
isdir: 2 is a directory
getdir 0000000000000002
   unique: 600, success, outsize: 144
unique: 601, opcode: LOOKUP (1), nodeid: 2, insize: 45, pid: 1830
isdir: 2 is a directory
isfile: 27 is a file
getfile 000000000000001b
getfile 000000000000001b -> sz 4
   getattr -> 4
   unique: 601, success, outsize: 144
unique: 602, opcode: OPEN (14), nodeid: 27, insize: 48, pid: 1830
   unique: 602, success, outsize: 32
unique: 603, opcode: READ (15), nodeid: 27, insize: 80, pid: 1830
   unique: 603, success, outsize: 20
unique: 604, opcode: RELEASE (18), nodeid: 27, insize: 64, pid: 0
   unique: 604, success, outsize: 16
unique: 605, opcode: LOOKUP (1), nodeid: 1, insize: 46, pid: 1830
isdir: 1 is a directory
isfile: 2 is not a file
isdir: 2 is a directory
getdir 0000000000000002
   unique: 605, success, outsize: 144
unique: 606, opcode: LOOKUP (1), nodeid: 2, insize: 45, pid: 1830
isdir: 2 is a directory
isfile: 28 is a file
getfile 000000000000001c
getfile 000000000000001c -> sz 4
   getattr -> 4
   unique: 606, success, outsize: 144
unique: 607, opcode: OPEN (14), nodeid: 28, insize: 48, pid: 1830
   unique: 607, success, outsize: 32
unique: 608, opcode: READ (15), nodeid: 28, insize: 80, pid: 1830
   unique: 608, success, outsize: 20
unique: 609, opcode: RELEASE (18), nodeid: 28, insize: 64, pid: 0
   unique: 609, success, outsize: 16
unique: 610, opcode: LOOKUP (1), nodeid: 1, insize: 46, pid: 1830
isdir: 1 is a directory
isfile: 2 is not a file
isdir: 2 is a directory
getdir 0000000000000002
   unique: 610, success, outsize: 144
unique: 611, opcode: LOOKUP (1), nodeid: 2, insize: 45, pid: 1830
isdir: 2 is a directory
isfile: 29 is a file
getfile 000000000000001d
getfile 000000000000001d -> sz 4
   getattr -> 4
   unique: 611, success, outsize: 144
unique: 612, opcode: OPEN (14), nodeid: 29, insize: 48, pid: 1830
   unique: 612, success, outsize: 32
unique: 613, opcode: READ (15), nodeid: 29, insize: 80, pid: 1830
   unique: 613, success, outsize: 20
unique: 614, opcode: RELEASE (18), nodeid: 29, insize: 64, pid: 0
   unique: 614, success, outsize: 16
unique: 615, opcode: LOOKUP (1), nodeid: 1, insize: 46, pid: 1830
isdir: 1 is a directory
isfile: 2 is not a file
isdir: 2 is a directory
getdir 0000000000000002
   unique: 615, success, outsize: 144
unique: 616, opcode: LOOKUP (1), nodeid: 2, insize: 45, pid: 1830
isdir: 2 is a directory
isfile: 30 is a file
getfile 000000000000001e
getfile 000000000000001e -> sz 4
   getattr -> 4
   unique: 616, success, outsize: 144
unique: 617, opcode: OPEN (14), nodeid: 30, insize: 48, pid: 1830
   unique: 617, success, outsize: 32
unique: 618, opcode: READ (15), nodeid: 30, insize: 80, pid: 1830
   unique: 618, success, outsize: 20
unique: 619, opcode: RELEASE (18), nodeid: 30, insize: 64, pid: 0
   unique: 619, success, outsize: 16
unique: 620, opcode: LOOKUP (1), nodeid: 1, insize: 46, pid: 1830
isdir: 1 is a directory
isfile: 2 is not a file
isdir: 2 is a directory
getdir 0000000000000002
   unique: 620, success, outsize: 144
unique: 621, opcode: LOOKUP (1), nodeid: 2, insize: 45, pid: 1830
isdir: 2 is a directory
isfile: 31 is a file
getfile 000000000000001f
getfile 000000000000001f -> sz 4
   getattr -> 4
   unique: 621, success, outsize: 144
unique: 622, opcode: OPEN (14), nodeid: 31, insize: 48, pid: 1830
   unique: 622, success, outsize: 32
unique: 623, opcode: READ (15), nodeid: 31, insize: 80, pid: 1830
   unique: 623, success, outsize: 20
unique: 624, opcode: RELEASE (18), nodeid: 31, insize: 64, pid: 0
   unique: 624, success, outsize: 16
unique: 625, opcode: LOOKUP (1), nodeid: 1, insize: 46, pid: 1830
isdir: 1 is a directory
isfile: 2 is not a file
isdir: 2 is a directory
getdir 0000000000000002
   unique: 625, success, outsize: 144
unique: 626, opcode: LOOKUP (1), nodeid: 2, insize: 45, pid: 1830
isdir: 2 is a directory
isfile: 32 is a file
getfile 0000000000000020
getfile 0000000000000020 -> sz 4
   getattr -> 4
   unique: 626, success, outsize: 144
unique: 627, opcode: OPEN (14), nodeid: 32, insize: 48, pid: 1830
   unique: 627, success, outsize: 32
unique: 628, opcode: READ (15), nodeid: 32, insize: 80, pid: 1830
   unique: 628, success, outsize: 20
unique: 629, opcode: RELEASE (18), nodeid: 32, insize: 64, pid: 0
   unique: 629, success, outsize: 16
unique: 630, opcode: LOOKUP (1), nodeid: 1, insize: 46, pid: 1830
isdir: 1 is a directory
isfile: 2 is not a file
isdir: 2 is a directory
getdir 0000000000000002
   unique: 630, success, outsize: 144
unique: 631, opcode: LOOKUP (1), nodeid: 2, insize: 45, pid: 1830
isdir: 2 is a directory
isfile: 33 is a file
getfile 0000000000000021
getfile 0000000000000021 -> sz 4
   getattr -> 4
   unique: 631, success, outsize: 144
unique: 632, opcode: OPEN (14), nodeid: 33, insize: 48, pid: 1830
   unique: 632, success, outsize: 32
unique: 633, opcode: READ (15), nodeid: 33, insize: 80, pid: 1830
   unique: 633, success, outsize: 20
unique: 634, opcode: RELEASE (18), nodeid: 33, insize: 64, pid: 0
   unique: 634, success, outsize: 16
to next version
unique: 635, opcode: LOOKUP (1), nodeid: 1, insize: 46, pid: 1830
isdir: 1 is a directory
isfile: 2 is not a file
isdir: 2 is a directory
getdir 0000000000000002
   unique: 635, success, outsize: 144
unique: 636, opcode: LOOKUP (1), nodeid: 2, insize: 43, pid: 1830
isdir: 2 is a directory
isfile: 55 is a file
getfile 0000000000000037
getfile 0000000000000037 -> sz 20000
   getattr -> 20000
   unique: 636, success, outsize: 144
unique: 637, opcode: OPEN (14), nodeid: 55, insize: 48, pid: 1830
   unique: 637, success, outsize: 32
unique: 638, opcode: GETATTR (3), nodeid: 55, insize: 56, pid: 1830
isfile: 55 is a file
getfile 0000000000000037
getfile 0000000000000037 -> sz 20000
   getattr -> 20000
   unique: 638, success, outsize: 120
unique: 639, opcode: READ (15), nodeid: 55, insize: 80, pid: 1830
   unique: 639, success, outsize: 20016
unique: 640, opcode: RELEASE (18), nodeid: 55, insize: 64, pid: 0
   unique: 640, success, outsize: 16
unique: 641, opcode: BATCH_FORGET (42), nodeid: 0, insize: 112, pid: 0
fuse: failed to unmount /home/stu/devlop/lab4/yfs1: Invalid argument
